{"C:\\Users\\dilipr\\JHipster\\exampleSearch\\src\\main\\webapp\\app\\app.constants.ts": {"path":"C:\\Users\\dilipr\\JHipster\\exampleSearch\\src\\main\\webapp\\app\\app.constants.ts","statementMap":{"0":{"start":{"line":5,"column":13},"end":{"line":5,"column":43}},"1":{"start":{"line":6,"column":13},"end":{"line":6,"column":76}},"2":{"start":{"line":7,"column":13},"end":{"line":7,"column":57}},"3":{"start":{"line":8,"column":13},"end":{"line":8,"column":59}}},"fnMap":{},"branchMap":{},"s":{"0":34,"1":34,"2":34,"3":34},"f":{},"b":{}}
,"C:\\Users\\dilipr\\JHipster\\exampleSearch\\src\\main\\webapp\\app\\account\\activate\\activate.component.html": {"path":"C:\\Users\\dilipr\\JHipster\\exampleSearch\\src\\main\\webapp\\app\\account\\activate\\activate.component.html","statementMap":{"0":{"start":{"line":1,"column":0},"end":{"line":1,"column":632}}},"fnMap":{},"branchMap":{},"s":{"0":1},"f":{},"b":{},"_coverageSchema":"43e27e138ebf9cfc5966b082cf9a028302ed4184","hash":"d2365c15e8c9a592dfd15c539c0e89dcefe441ea"}
,"C:\\Users\\dilipr\\JHipster\\exampleSearch\\src\\main\\webapp\\app\\account\\activate\\activate.component.ts": {"path":"C:\\Users\\dilipr\\JHipster\\exampleSearch\\src\\main\\webapp\\app\\account\\activate\\activate.component.ts","statementMap":{"0":{"start":{"line":1,"column":0},"end":{"line":1,"column":50}},"1":{"start":{"line":3,"column":0},"end":{"line":3,"column":49}},"2":{"start":{"line":5,"column":0},"end":{"line":5,"column":45}},"3":{"start":{"line":6,"column":0},"end":{"line":6,"column":53}},"4":{"start":{"line":12,"column":0},"end":{"line":37,"column":null}},"5":{"start":{"line":17,"column":22},"end":{"line":17,"column":39}},"6":{"start":{"line":17,"column":64},"end":{"line":17,"column":83}},"7":{"start":{"line":17,"column":110},"end":{"line":17,"column":117}},"8":{"start":{"line":20,"column":4},"end":{"line":31,"column":7}},"9":{"start":{"line":21,"column":6},"end":{"line":30,"column":8}},"10":{"start":{"line":23,"column":10},"end":{"line":23,"column":28}},"11":{"start":{"line":24,"column":10},"end":{"line":24,"column":30}},"12":{"start":{"line":27,"column":10},"end":{"line":27,"column":30}},"13":{"start":{"line":28,"column":10},"end":{"line":28,"column":31}},"14":{"start":{"line":35,"column":4},"end":{"line":35,"column":50}},"15":{"start":{"line":12,"column":13},"end":{"line":37,"column":null}},"16":{"start":{"line":12,"column":13},"end":{"line":12,"column":30}}},"fnMap":{"0":{"name":"(anonymous_0)","decl":{"start":{"line":17,"column":2},"end":{"line":17,"column":22}},"loc":{"start":{"line":17,"column":131},"end":{"line":17,"column":135}}},"1":{"name":"(anonymous_1)","decl":{"start":{"line":19,"column":2},"end":{"line":19,"column":10}},"loc":{"start":{"line":19,"column":10},"end":{"line":32,"column":3}}},"2":{"name":"(anonymous_2)","decl":{"start":{"line":20,"column":37},"end":{"line":20,"column":43}},"loc":{"start":{"line":20,"column":46},"end":{"line":31,"column":5}}},"3":{"name":"(anonymous_3)","decl":{"start":{"line":22,"column":8},"end":{"line":22,"column":11}},"loc":{"start":{"line":22,"column":13},"end":{"line":25,"column":9}}},"4":{"name":"(anonymous_4)","decl":{"start":{"line":26,"column":8},"end":{"line":26,"column":11}},"loc":{"start":{"line":26,"column":13},"end":{"line":29,"column":9}}},"5":{"name":"(anonymous_5)","decl":{"start":{"line":34,"column":2},"end":{"line":34,"column":7}},"loc":{"start":{"line":34,"column":7},"end":{"line":36,"column":3}}}},"branchMap":{},"s":{"0":1,"1":1,"2":1,"3":1,"4":1,"5":3,"6":3,"7":3,"8":3,"9":3,"10":1,"11":1,"12":1,"13":1,"14":0,"15":1,"16":1},"f":{"0":3,"1":3,"2":3,"3":1,"4":1,"5":0},"b":{}}
,"C:\\Users\\dilipr\\JHipster\\exampleSearch\\src\\main\\webapp\\app\\account\\activate\\activate.service.ts": {"path":"C:\\Users\\dilipr\\JHipster\\exampleSearch\\src\\main\\webapp\\app\\account\\activate\\activate.service.ts","statementMap":{"0":{"start":{"line":1,"column":0},"end":{"line":1,"column":43}},"1":{"start":{"line":2,"column":0},"end":{"line":2,"column":62}},"2":{"start":{"line":5,"column":0},"end":{"line":5,"column":51}},"3":{"start":{"line":8,"column":0},"end":{"line":16,"column":null}},"4":{"start":{"line":9,"column":22},"end":{"line":9,"column":28}},"5":{"start":{"line":12,"column":4},"end":{"line":14,"column":7}},"6":{"start":{"line":8,"column":13},"end":{"line":16,"column":null}},"7":{"start":{"line":8,"column":13},"end":{"line":8,"column":28}}},"fnMap":{"0":{"name":"(anonymous_0)","decl":{"start":{"line":9,"column":2},"end":{"line":9,"column":22}},"loc":{"start":{"line":9,"column":38},"end":{"line":9,"column":42}}},"1":{"name":"(anonymous_1)","decl":{"start":{"line":11,"column":2},"end":{"line":11,"column":5}},"loc":{"start":{"line":11,"column":17},"end":{"line":15,"column":3}}}},"branchMap":{},"s":{"0":1,"1":1,"2":1,"3":1,"4":3,"5":0,"6":1,"7":1},"f":{"0":3,"1":0},"b":{}}
,"C:\\Users\\dilipr\\JHipster\\exampleSearch\\src\\main\\webapp\\app\\account\\password\\password-strength-bar.component.ts": {"path":"C:\\Users\\dilipr\\JHipster\\exampleSearch\\src\\main\\webapp\\app\\account\\password\\password-strength-bar.component.ts","statementMap":{"0":{"start":{"line":1,"column":0},"end":{"line":1,"column":71}},"1":{"start":{"line":19,"column":0},"end":{"line":85,"column":null}},"2":{"start":{"line":22,"column":22},"end":{"line":22,"column":32}},"3":{"start":{"line":22,"column":50},"end":{"line":22,"column":62}},"4":{"start":{"line":20,"column":2},"end":{"line":20,"column":52}},"5":{"start":{"line":25,"column":16},"end":{"line":25,"column":17}},"6":{"start":{"line":26,"column":18},"end":{"line":26,"column":41}},"7":{"start":{"line":27,"column":25},"end":{"line":27,"column":41}},"8":{"start":{"line":28,"column":25},"end":{"line":28,"column":41}},"9":{"start":{"line":29,"column":20},"end":{"line":29,"column":36}},"10":{"start":{"line":30,"column":20},"end":{"line":30,"column":33}},"11":{"start":{"line":32,"column":18},"end":{"line":32,"column":64}},"12":{"start":{"line":33,"column":26},"end":{"line":35,"column":13}},"13":{"start":{"line":34,"column":6},"end":{"line":34,"column":36}},"14":{"start":{"line":37,"column":4},"end":{"line":37,"column":53}},"15":{"start":{"line":38,"column":4},"end":{"line":38,"column":32}},"16":{"start":{"line":41,"column":4},"end":{"line":41,"column":56}},"17":{"start":{"line":44,"column":4},"end":{"line":44,"column":62}},"18":{"start":{"line":45,"column":4},"end":{"line":45,"column":62}},"19":{"start":{"line":46,"column":4},"end":{"line":46,"column":62}},"20":{"start":{"line":48,"column":4},"end":{"line":48,"column":17}},"21":{"start":{"line":52,"column":14},"end":{"line":52,"column":15}},"22":{"start":{"line":53,"column":4},"end":{"line":63,"column":null}},"23":{"start":{"line":54,"column":6},"end":{"line":54,"column":14}},"24":{"start":{"line":55,"column":11},"end":{"line":63,"column":null}},"25":{"start":{"line":56,"column":6},"end":{"line":56,"column":14}},"26":{"start":{"line":57,"column":11},"end":{"line":63,"column":null}},"27":{"start":{"line":58,"column":6},"end":{"line":58,"column":14}},"28":{"start":{"line":59,"column":11},"end":{"line":63,"column":null}},"29":{"start":{"line":60,"column":6},"end":{"line":60,"column":14}},"30":{"start":{"line":62,"column":6},"end":{"line":62,"column":14}},"31":{"start":{"line":64,"column":4},"end":{"line":64,"column":51}},"32":{"start":{"line":69,"column":4},"end":{"line":83,"column":null}},"33":{"start":{"line":70,"column":16},"end":{"line":70,"column":61}},"34":{"start":{"line":71,"column":22},"end":{"line":71,"column":51}},"35":{"start":{"line":72,"column":6},"end":{"line":74,"column":null}},"36":{"start":{"line":73,"column":8},"end":{"line":73,"column":73}},"37":{"start":{"line":75,"column":18},"end":{"line":75,"column":52}},"38":{"start":{"line":76,"column":6},"end":{"line":82,"column":null}},"39":{"start":{"line":76,"column":19},"end":{"line":76,"column":20}},"40":{"start":{"line":77,"column":8},"end":{"line":81,"column":null}},"41":{"start":{"line":78,"column":10},"end":{"line":78,"column":74}},"42":{"start":{"line":80,"column":10},"end":{"line":80,"column":75}},"43":{"start":{"line":68,"column":2},"end":{"line":84,"column":null}},"44":{"start":{"line":19,"column":13},"end":{"line":85,"column":null}},"45":{"start":{"line":19,"column":13},"end":{"line":19,"column":41}}},"fnMap":{"0":{"name":"(anonymous_0)","decl":{"start":{"line":22,"column":2},"end":{"line":22,"column":22}},"loc":{"start":{"line":22,"column":72},"end":{"line":22,"column":76}}},"1":{"name":"(anonymous_1)","decl":{"start":{"line":24,"column":2},"end":{"line":24,"column":17}},"loc":{"start":{"line":24,"column":27},"end":{"line":49,"column":3}}},"2":{"name":"(anonymous_2)","decl":{"start":{"line":33,"column":39},"end":{"line":33,"column":40}},"loc":{"start":{"line":33,"column":66},"end":{"line":35,"column":5}}},"3":{"name":"(anonymous_3)","decl":{"start":{"line":51,"column":2},"end":{"line":51,"column":10}},"loc":{"start":{"line":51,"column":20},"end":{"line":65,"column":3}}},"4":{"name":"(anonymous_4)","decl":{"start":{"line":68,"column":2},"end":{"line":68,"column":6}},"loc":{"start":{"line":68,"column":38},"end":{"line":84,"column":3}}}},"branchMap":{"0":{"loc":{"start":{"line":37,"column":46},"end":{"line":37,"column":47}},"type":"cond-expr","locations":[{"start":{"line":37,"column":46},"end":{"line":37,"column":47}},{"start":{"line":37,"column":50},"end":{"line":37,"column":51}}]},"1":{"loc":{"start":{"line":41,"column":28},"end":{"line":41,"column":47}},"type":"cond-expr","locations":[{"start":{"line":41,"column":28},"end":{"line":41,"column":47}},{"start":{"line":41,"column":50},"end":{"line":41,"column":55}}]},"2":{"loc":{"start":{"line":44,"column":34},"end":{"line":44,"column":53}},"type":"cond-expr","locations":[{"start":{"line":44,"column":34},"end":{"line":44,"column":53}},{"start":{"line":44,"column":56},"end":{"line":44,"column":61}}]},"3":{"loc":{"start":{"line":45,"column":34},"end":{"line":45,"column":53}},"type":"cond-expr","locations":[{"start":{"line":45,"column":34},"end":{"line":45,"column":53}},{"start":{"line":45,"column":56},"end":{"line":45,"column":61}}]},"4":{"loc":{"start":{"line":46,"column":34},"end":{"line":46,"column":53}},"type":"cond-expr","locations":[{"start":{"line":46,"column":34},"end":{"line":46,"column":53}},{"start":{"line":46,"column":56},"end":{"line":46,"column":61}}]},"5":{"loc":{"start":{"line":53,"column":4},"end":{"line":63,"column":null}},"type":"if","locations":[{"start":{"line":53,"column":4},"end":{"line":63,"column":null}},{"start":{"line":53,"column":4},"end":{"line":63,"column":null}}]},"6":{"loc":{"start":{"line":55,"column":11},"end":{"line":63,"column":null}},"type":"if","locations":[{"start":{"line":55,"column":11},"end":{"line":63,"column":null}},{"start":{"line":55,"column":11},"end":{"line":63,"column":null}}]},"7":{"loc":{"start":{"line":57,"column":11},"end":{"line":63,"column":null}},"type":"if","locations":[{"start":{"line":57,"column":11},"end":{"line":63,"column":null}},{"start":{"line":57,"column":11},"end":{"line":63,"column":null}}]},"8":{"loc":{"start":{"line":59,"column":11},"end":{"line":63,"column":null}},"type":"if","locations":[{"start":{"line":59,"column":11},"end":{"line":63,"column":null}},{"start":{"line":59,"column":11},"end":{"line":63,"column":null}}]},"9":{"loc":{"start":{"line":69,"column":4},"end":{"line":83,"column":null}},"type":"if","locations":[{"start":{"line":69,"column":4},"end":{"line":83,"column":null}},{"start":{"line":69,"column":4},"end":{"line":83,"column":null}}]},"10":{"loc":{"start":{"line":72,"column":6},"end":{"line":74,"column":null}},"type":"if","locations":[{"start":{"line":72,"column":6},"end":{"line":74,"column":null}},{"start":{"line":72,"column":6},"end":{"line":74,"column":null}}]},"11":{"loc":{"start":{"line":77,"column":8},"end":{"line":81,"column":null}},"type":"if","locations":[{"start":{"line":77,"column":8},"end":{"line":81,"column":null}},{"start":{"line":77,"column":8},"end":{"line":81,"column":null}}]}},"s":{"0":1,"1":1,"2":3,"3":3,"4":3,"5":10,"6":10,"7":10,"8":10,"9":10,"10":10,"11":10,"12":10,"13":40,"14":10,"15":10,"16":10,"17":10,"18":10,"19":10,"20":10,"21":7,"22":7,"23":3,"24":4,"25":1,"26":3,"27":1,"28":2,"29":1,"30":1,"31":7,"32":0,"33":0,"34":0,"35":0,"36":0,"37":0,"38":0,"39":0,"40":0,"41":0,"42":0,"43":1,"44":1,"45":1},"f":{"0":3,"1":10,"2":40,"3":7,"4":0},"b":{"0":[1,9],"1":[7,3],"2":[2,8],"3":[0,10],"4":[2,8],"5":[3,4],"6":[1,3],"7":[1,2],"8":[1,1],"9":[0,0],"10":[0,0],"11":[0,0]}}
,"C:\\Users\\dilipr\\JHipster\\exampleSearch\\src\\main\\webapp\\app\\account\\password\\password.component.html": {"path":"C:\\Users\\dilipr\\JHipster\\exampleSearch\\src\\main\\webapp\\app\\account\\password\\password.component.html","statementMap":{"0":{"start":{"line":1,"column":0},"end":{"line":1,"column":4790}}},"fnMap":{},"branchMap":{},"s":{"0":1},"f":{},"b":{},"_coverageSchema":"43e27e138ebf9cfc5966b082cf9a028302ed4184","hash":"474a7cef50c1f520b7375e40010dadbf5f32bd7d"}
,"C:\\Users\\dilipr\\JHipster\\exampleSearch\\src\\main\\webapp\\app\\account\\password\\password.component.ts": {"path":"C:\\Users\\dilipr\\JHipster\\exampleSearch\\src\\main\\webapp\\app\\account\\password\\password.component.ts","statementMap":{"0":{"start":{"line":1,"column":0},"end":{"line":1,"column":50}},"1":{"start":{"line":2,"column":0},"end":{"line":2,"column":68}},"2":{"start":{"line":4,"column":0},"end":{"line":4,"column":42}},"3":{"start":{"line":5,"column":0},"end":{"line":5,"column":53}},"4":{"start":{"line":11,"column":0},"end":{"line":50,"column":null}},"5":{"start":{"line":22,"column":22},"end":{"line":22,"column":39}},"6":{"start":{"line":22,"column":64},"end":{"line":22,"column":80}},"7":{"start":{"line":22,"column":104},"end":{"line":22,"column":108}},"8":{"start":{"line":16,"column":2},"end":{"line":20,"column":5}},"9":{"start":{"line":25,"column":4},"end":{"line":27,"column":7}},"10":{"start":{"line":26,"column":6},"end":{"line":26,"column":29}},"11":{"start":{"line":31,"column":24},"end":{"line":31,"column":68}},"12":{"start":{"line":32,"column":4},"end":{"line":48,"column":null}},"13":{"start":{"line":33,"column":6},"end":{"line":33,"column":24}},"14":{"start":{"line":34,"column":6},"end":{"line":34,"column":26}},"15":{"start":{"line":35,"column":6},"end":{"line":35,"column":32}},"16":{"start":{"line":37,"column":6},"end":{"line":37,"column":29}},"17":{"start":{"line":38,"column":6},"end":{"line":47,"column":8}},"18":{"start":{"line":40,"column":10},"end":{"line":40,"column":28}},"19":{"start":{"line":41,"column":10},"end":{"line":41,"column":30}},"20":{"start":{"line":44,"column":10},"end":{"line":44,"column":30}},"21":{"start":{"line":45,"column":10},"end":{"line":45,"column":31}},"22":{"start":{"line":11,"column":13},"end":{"line":50,"column":null}},"23":{"start":{"line":11,"column":13},"end":{"line":11,"column":30}}},"fnMap":{"0":{"name":"(anonymous_0)","decl":{"start":{"line":22,"column":2},"end":{"line":22,"column":22}},"loc":{"start":{"line":22,"column":119},"end":{"line":22,"column":123}}},"1":{"name":"(anonymous_1)","decl":{"start":{"line":24,"column":2},"end":{"line":24,"column":10}},"loc":{"start":{"line":24,"column":10},"end":{"line":28,"column":3}}},"2":{"name":"(anonymous_2)","decl":{"start":{"line":25,"column":40},"end":{"line":25,"column":47}},"loc":{"start":{"line":25,"column":50},"end":{"line":27,"column":5}}},"3":{"name":"(anonymous_3)","decl":{"start":{"line":30,"column":2},"end":{"line":30,"column":16}},"loc":{"start":{"line":30,"column":16},"end":{"line":49,"column":3}}},"4":{"name":"(anonymous_4)","decl":{"start":{"line":39,"column":8},"end":{"line":39,"column":11}},"loc":{"start":{"line":39,"column":13},"end":{"line":42,"column":9}}},"5":{"name":"(anonymous_5)","decl":{"start":{"line":43,"column":8},"end":{"line":43,"column":11}},"loc":{"start":{"line":43,"column":13},"end":{"line":46,"column":9}}}},"branchMap":{"0":{"loc":{"start":{"line":32,"column":4},"end":{"line":48,"column":null}},"type":"if","locations":[{"start":{"line":32,"column":4},"end":{"line":48,"column":null}},{"start":{"line":32,"column":4},"end":{"line":48,"column":null}}]}},"s":{"0":1,"1":1,"2":1,"3":1,"4":1,"5":4,"6":4,"7":4,"8":4,"9":0,"10":0,"11":4,"12":4,"13":1,"14":1,"15":1,"16":3,"17":3,"18":2,"19":2,"20":1,"21":1,"22":1,"23":1},"f":{"0":4,"1":0,"2":0,"3":4,"4":2,"5":1},"b":{"0":[1,3]}}
,"C:\\Users\\dilipr\\JHipster\\exampleSearch\\src\\main\\webapp\\app\\account\\password\\password.service.ts": {"path":"C:\\Users\\dilipr\\JHipster\\exampleSearch\\src\\main\\webapp\\app\\account\\password\\password.service.ts","statementMap":{"0":{"start":{"line":1,"column":0},"end":{"line":1,"column":43}},"1":{"start":{"line":2,"column":0},"end":{"line":2,"column":50}},"2":{"start":{"line":5,"column":0},"end":{"line":5,"column":51}},"3":{"start":{"line":8,"column":0},"end":{"line":14,"column":null}},"4":{"start":{"line":9,"column":22},"end":{"line":9,"column":28}},"5":{"start":{"line":12,"column":4},"end":{"line":12,"column":108}},"6":{"start":{"line":8,"column":13},"end":{"line":14,"column":null}},"7":{"start":{"line":8,"column":13},"end":{"line":8,"column":28}}},"fnMap":{"0":{"name":"(anonymous_0)","decl":{"start":{"line":9,"column":2},"end":{"line":9,"column":22}},"loc":{"start":{"line":9,"column":38},"end":{"line":9,"column":42}}},"1":{"name":"(anonymous_1)","decl":{"start":{"line":11,"column":2},"end":{"line":11,"column":6}},"loc":{"start":{"line":11,"column":51},"end":{"line":13,"column":3}}}},"branchMap":{},"s":{"0":1,"1":1,"2":1,"3":1,"4":4,"5":0,"6":1,"7":1},"f":{"0":4,"1":0},"b":{}}
,"C:\\Users\\dilipr\\JHipster\\exampleSearch\\src\\main\\webapp\\app\\account\\password-reset\\finish\\password-reset-finish.component.html": {"path":"C:\\Users\\dilipr\\JHipster\\exampleSearch\\src\\main\\webapp\\app\\account\\password-reset\\finish\\password-reset-finish.component.html","statementMap":{"0":{"start":{"line":1,"column":0},"end":{"line":1,"column":4559}}},"fnMap":{},"branchMap":{},"s":{"0":1},"f":{},"b":{},"_coverageSchema":"43e27e138ebf9cfc5966b082cf9a028302ed4184","hash":"16bee4ac1c909f702d1e0423dd990011332fdaba"}
,"C:\\Users\\dilipr\\JHipster\\exampleSearch\\src\\main\\webapp\\app\\account\\password-reset\\finish\\password-reset-finish.component.ts": {"path":"C:\\Users\\dilipr\\JHipster\\exampleSearch\\src\\main\\webapp\\app\\account\\password-reset\\finish\\password-reset-finish.component.ts","statementMap":{"0":{"start":{"line":1,"column":0},"end":{"line":1,"column":87}},"1":{"start":{"line":2,"column":0},"end":{"line":2,"column":68}},"2":{"start":{"line":3,"column":0},"end":{"line":3,"column":49}},"3":{"start":{"line":7,"column":0},"end":{"line":7,"column":45}},"4":{"start":{"line":8,"column":0},"end":{"line":8,"column":77}},"5":{"start":{"line":14,"column":0},"end":{"line":72,"column":null}},"6":{"start":{"line":28,"column":12},"end":{"line":28,"column":40}},"7":{"start":{"line":29,"column":12},"end":{"line":29,"column":31}},"8":{"start":{"line":30,"column":12},"end":{"line":30,"column":19}},"9":{"start":{"line":31,"column":12},"end":{"line":31,"column":24}},"10":{"start":{"line":32,"column":12},"end":{"line":32,"column":22}},"11":{"start":{"line":33,"column":12},"end":{"line":33,"column":16}},"12":{"start":{"line":22,"column":2},"end":{"line":25,"column":5}},"13":{"start":{"line":37,"column":4},"end":{"line":39,"column":7}},"14":{"start":{"line":38,"column":6},"end":{"line":38,"column":31}},"15":{"start":{"line":40,"column":4},"end":{"line":40,"column":32}},"16":{"start":{"line":44,"column":4},"end":{"line":46,"column":null}},"17":{"start":{"line":45,"column":6},"end":{"line":45,"column":111}},"18":{"start":{"line":50,"column":4},"end":{"line":50,"column":27}},"19":{"start":{"line":51,"column":4},"end":{"line":51,"column":22}},"20":{"start":{"line":52,"column":21},"end":{"line":52,"column":65}},"21":{"start":{"line":53,"column":28},"end":{"line":53,"column":76}},"22":{"start":{"line":54,"column":4},"end":{"line":66,"column":null}},"23":{"start":{"line":55,"column":6},"end":{"line":55,"column":32}},"24":{"start":{"line":57,"column":6},"end":{"line":65,"column":8}},"25":{"start":{"line":59,"column":10},"end":{"line":59,"column":30}},"26":{"start":{"line":62,"column":10},"end":{"line":62,"column":30}},"27":{"start":{"line":63,"column":10},"end":{"line":63,"column":31}},"28":{"start":{"line":70,"column":4},"end":{"line":70,"column":50}},"29":{"start":{"line":14,"column":13},"end":{"line":72,"column":null}},"30":{"start":{"line":14,"column":13},"end":{"line":14,"column":41}}},"fnMap":{"0":{"name":"(anonymous_0)","decl":{"start":{"line":27,"column":2},"end":{"line":27,"column":null}},"loc":{"start":{"line":33,"column":27},"end":{"line":34,"column":6}}},"1":{"name":"(anonymous_1)","decl":{"start":{"line":36,"column":2},"end":{"line":36,"column":10}},"loc":{"start":{"line":36,"column":10},"end":{"line":41,"column":3}}},"2":{"name":"(anonymous_2)","decl":{"start":{"line":37,"column":37},"end":{"line":37,"column":43}},"loc":{"start":{"line":37,"column":46},"end":{"line":39,"column":5}}},"3":{"name":"(anonymous_3)","decl":{"start":{"line":43,"column":2},"end":{"line":43,"column":17}},"loc":{"start":{"line":43,"column":17},"end":{"line":47,"column":3}}},"4":{"name":"(anonymous_4)","decl":{"start":{"line":49,"column":2},"end":{"line":49,"column":13}},"loc":{"start":{"line":49,"column":13},"end":{"line":67,"column":3}}},"5":{"name":"(anonymous_5)","decl":{"start":{"line":58,"column":8},"end":{"line":58,"column":11}},"loc":{"start":{"line":58,"column":13},"end":{"line":60,"column":9}}},"6":{"name":"(anonymous_6)","decl":{"start":{"line":61,"column":8},"end":{"line":61,"column":11}},"loc":{"start":{"line":61,"column":13},"end":{"line":64,"column":9}}},"7":{"name":"(anonymous_7)","decl":{"start":{"line":69,"column":2},"end":{"line":69,"column":7}},"loc":{"start":{"line":69,"column":7},"end":{"line":71,"column":3}}}},"branchMap":{"0":{"loc":{"start":{"line":44,"column":4},"end":{"line":46,"column":null}},"type":"if","locations":[{"start":{"line":44,"column":4},"end":{"line":46,"column":null}},{"start":{"line":44,"column":4},"end":{"line":46,"column":null}}]},"1":{"loc":{"start":{"line":54,"column":4},"end":{"line":66,"column":null}},"type":"if","locations":[{"start":{"line":54,"column":4},"end":{"line":66,"column":null}},{"start":{"line":54,"column":4},"end":{"line":66,"column":null}}]}},"s":{"0":1,"1":1,"2":1,"3":1,"4":1,"5":1,"6":10,"7":10,"8":10,"9":10,"10":10,"11":10,"12":10,"13":6,"14":6,"15":6,"16":1,"17":1,"18":3,"19":3,"20":3,"21":3,"22":3,"23":1,"24":2,"25":1,"26":1,"27":1,"28":0,"29":1,"30":1},"f":{"0":10,"1":6,"2":6,"3":1,"4":3,"5":1,"6":1,"7":0},"b":{"0":[1,0],"1":[1,2]}}
,"C:\\Users\\dilipr\\JHipster\\exampleSearch\\src\\main\\webapp\\app\\account\\password-reset\\finish\\password-reset-finish.service.ts": {"path":"C:\\Users\\dilipr\\JHipster\\exampleSearch\\src\\main\\webapp\\app\\account\\password-reset\\finish\\password-reset-finish.service.ts","statementMap":{"0":{"start":{"line":1,"column":0},"end":{"line":1,"column":43}},"1":{"start":{"line":2,"column":0},"end":{"line":2,"column":50}},"2":{"start":{"line":5,"column":0},"end":{"line":5,"column":51}},"3":{"start":{"line":8,"column":0},"end":{"line":14,"column":null}},"4":{"start":{"line":9,"column":22},"end":{"line":9,"column":28}},"5":{"start":{"line":12,"column":4},"end":{"line":12,"column":96}},"6":{"start":{"line":8,"column":13},"end":{"line":14,"column":null}},"7":{"start":{"line":8,"column":13},"end":{"line":8,"column":39}}},"fnMap":{"0":{"name":"(anonymous_0)","decl":{"start":{"line":9,"column":2},"end":{"line":9,"column":22}},"loc":{"start":{"line":9,"column":38},"end":{"line":9,"column":42}}},"1":{"name":"(anonymous_1)","decl":{"start":{"line":11,"column":2},"end":{"line":11,"column":6}},"loc":{"start":{"line":11,"column":26},"end":{"line":13,"column":3}}}},"branchMap":{},"s":{"0":1,"1":1,"2":1,"3":1,"4":5,"5":0,"6":1,"7":1},"f":{"0":5,"1":0},"b":{}}
,"C:\\Users\\dilipr\\JHipster\\exampleSearch\\src\\main\\webapp\\app\\account\\password-reset\\init\\password-reset-init.component.html": {"path":"C:\\Users\\dilipr\\JHipster\\exampleSearch\\src\\main\\webapp\\app\\account\\password-reset\\init\\password-reset-init.component.html","statementMap":{"0":{"start":{"line":1,"column":0},"end":{"line":1,"column":2505}}},"fnMap":{},"branchMap":{},"s":{"0":1},"f":{},"b":{},"_coverageSchema":"43e27e138ebf9cfc5966b082cf9a028302ed4184","hash":"128a14261586ee8d98f3c38cdf08006fb32279ea"}
,"C:\\Users\\dilipr\\JHipster\\exampleSearch\\src\\main\\webapp\\app\\account\\password-reset\\init\\password-reset-init.component.ts": {"path":"C:\\Users\\dilipr\\JHipster\\exampleSearch\\src\\main\\webapp\\app\\account\\password-reset\\init\\password-reset-init.component.ts","statementMap":{"0":{"start":{"line":1,"column":0},"end":{"line":1,"column":79}},"1":{"start":{"line":2,"column":0},"end":{"line":2,"column":68}},"2":{"start":{"line":4,"column":0},"end":{"line":4,"column":50}},"3":{"start":{"line":5,"column":0},"end":{"line":5,"column":73}},"4":{"start":{"line":11,"column":0},"end":{"line":48,"column":null}},"5":{"start":{"line":20,"column":12},"end":{"line":20,"column":38}},"6":{"start":{"line":21,"column":12},"end":{"line":21,"column":24}},"7":{"start":{"line":22,"column":12},"end":{"line":22,"column":22}},"8":{"start":{"line":23,"column":12},"end":{"line":23,"column":16}},"9":{"start":{"line":15,"column":2},"end":{"line":17,"column":5}},"10":{"start":{"line":27,"column":4},"end":{"line":27,"column":106}},"11":{"start":{"line":31,"column":4},"end":{"line":31,"column":22}},"12":{"start":{"line":32,"column":4},"end":{"line":32,"column":36}},"13":{"start":{"line":34,"column":4},"end":{"line":46,"column":6}},"14":{"start":{"line":36,"column":8},"end":{"line":36,"column":28}},"15":{"start":{"line":39,"column":8},"end":{"line":39,"column":28}},"16":{"start":{"line":40,"column":8},"end":{"line":44,"column":null}},"17":{"start":{"line":41,"column":10},"end":{"line":41,"column":45}},"18":{"start":{"line":43,"column":10},"end":{"line":43,"column":31}},"19":{"start":{"line":11,"column":13},"end":{"line":48,"column":null}},"20":{"start":{"line":11,"column":13},"end":{"line":11,"column":39}}},"fnMap":{"0":{"name":"(anonymous_0)","decl":{"start":{"line":19,"column":2},"end":{"line":19,"column":null}},"loc":{"start":{"line":23,"column":27},"end":{"line":24,"column":6}}},"1":{"name":"(anonymous_1)","decl":{"start":{"line":26,"column":2},"end":{"line":26,"column":17}},"loc":{"start":{"line":26,"column":17},"end":{"line":28,"column":3}}},"2":{"name":"(anonymous_2)","decl":{"start":{"line":30,"column":2},"end":{"line":30,"column":14}},"loc":{"start":{"line":30,"column":14},"end":{"line":47,"column":3}}},"3":{"name":"(anonymous_3)","decl":{"start":{"line":35,"column":6},"end":{"line":35,"column":9}},"loc":{"start":{"line":35,"column":11},"end":{"line":37,"column":7}}},"4":{"name":"(anonymous_4)","decl":{"start":{"line":38,"column":6},"end":{"line":38,"column":14}},"loc":{"start":{"line":38,"column":17},"end":{"line":45,"column":7}}}},"branchMap":{"0":{"loc":{"start":{"line":40,"column":8},"end":{"line":44,"column":null}},"type":"if","locations":[{"start":{"line":40,"column":8},"end":{"line":44,"column":null}},{"start":{"line":40,"column":8},"end":{"line":44,"column":null}}]},"1":{"loc":{"start":{"line":40,"column":12},"end":{"line":40,"column":35}},"type":"binary-expr","locations":[{"start":{"line":40,"column":12},"end":{"line":40,"column":35}},{"start":{"line":40,"column":39},"end":{"line":40,"column":83}}]}},"s":{"0":1,"1":1,"2":1,"3":1,"4":1,"5":5,"6":5,"7":5,"8":5,"9":5,"10":1,"11":3,"12":3,"13":3,"14":1,"15":2,"16":2,"17":1,"18":1,"19":1,"20":1},"f":{"0":5,"1":1,"2":3,"3":1,"4":2},"b":{"0":[1,1],"1":[2,1]}}
,"C:\\Users\\dilipr\\JHipster\\exampleSearch\\src\\main\\webapp\\app\\account\\password-reset\\init\\password-reset-init.service.ts": {"path":"C:\\Users\\dilipr\\JHipster\\exampleSearch\\src\\main\\webapp\\app\\account\\password-reset\\init\\password-reset-init.service.ts","statementMap":{"0":{"start":{"line":1,"column":0},"end":{"line":1,"column":43}},"1":{"start":{"line":2,"column":0},"end":{"line":2,"column":50}},"2":{"start":{"line":5,"column":0},"end":{"line":5,"column":51}},"3":{"start":{"line":8,"column":0},"end":{"line":14,"column":null}},"4":{"start":{"line":9,"column":22},"end":{"line":9,"column":28}},"5":{"start":{"line":12,"column":4},"end":{"line":12,"column":84}},"6":{"start":{"line":8,"column":13},"end":{"line":14,"column":null}},"7":{"start":{"line":8,"column":13},"end":{"line":8,"column":37}}},"fnMap":{"0":{"name":"(anonymous_0)","decl":{"start":{"line":9,"column":2},"end":{"line":9,"column":22}},"loc":{"start":{"line":9,"column":38},"end":{"line":9,"column":42}}},"1":{"name":"(anonymous_1)","decl":{"start":{"line":11,"column":2},"end":{"line":11,"column":6}},"loc":{"start":{"line":11,"column":19},"end":{"line":13,"column":3}}}},"branchMap":{},"s":{"0":1,"1":1,"2":1,"3":1,"4":5,"5":0,"6":1,"7":1},"f":{"0":5,"1":0},"b":{}}
,"C:\\Users\\dilipr\\JHipster\\exampleSearch\\src\\main\\webapp\\app\\account\\register\\register.component.html": {"path":"C:\\Users\\dilipr\\JHipster\\exampleSearch\\src\\main\\webapp\\app\\account\\register\\register.component.html","statementMap":{"0":{"start":{"line":1,"column":0},"end":{"line":1,"column":7719}}},"fnMap":{},"branchMap":{},"s":{"0":1},"f":{},"b":{},"_coverageSchema":"43e27e138ebf9cfc5966b082cf9a028302ed4184","hash":"802dfd3003fd42bffa26822d37d5f4d02ab603d3"}
,"C:\\Users\\dilipr\\JHipster\\exampleSearch\\src\\main\\webapp\\app\\account\\register\\register.component.ts": {"path":"C:\\Users\\dilipr\\JHipster\\exampleSearch\\src\\main\\webapp\\app\\account\\register\\register.component.ts","statementMap":{"0":{"start":{"line":1,"column":0},"end":{"line":1,"column":87}},"1":{"start":{"line":3,"column":0},"end":{"line":3,"column":68}},"2":{"start":{"line":6,"column":0},"end":{"line":6,"column":78}},"3":{"start":{"line":7,"column":0},"end":{"line":7,"column":45}},"4":{"start":{"line":8,"column":0},"end":{"line":8,"column":46}},"5":{"start":{"line":14,"column":0},"end":{"line":83,"column":null}},"6":{"start":{"line":30,"column":12},"end":{"line":30,"column":31}},"7":{"start":{"line":31,"column":12},"end":{"line":31,"column":29}},"8":{"start":{"line":32,"column":12},"end":{"line":32,"column":24}},"9":{"start":{"line":33,"column":12},"end":{"line":33,"column":22}},"10":{"start":{"line":34,"column":12},"end":{"line":34,"column":16}},"11":{"start":{"line":22,"column":2},"end":{"line":27,"column":5}},"12":{"start":{"line":38,"column":4},"end":{"line":38,"column":25}},"13":{"start":{"line":42,"column":4},"end":{"line":42,"column":106}},"14":{"start":{"line":46,"column":26},"end":{"line":46,"column":28}},"15":{"start":{"line":47,"column":18},"end":{"line":47,"column":56}},"16":{"start":{"line":48,"column":18},"end":{"line":48,"column":56}},"17":{"start":{"line":49,"column":21},"end":{"line":49,"column":62}},"18":{"start":{"line":50,"column":4},"end":{"line":66,"column":null}},"19":{"start":{"line":51,"column":6},"end":{"line":51,"column":32}},"20":{"start":{"line":53,"column":6},"end":{"line":53,"column":71}},"21":{"start":{"line":54,"column":6},"end":{"line":54,"column":29}},"22":{"start":{"line":55,"column":6},"end":{"line":55,"column":24}},"23":{"start":{"line":56,"column":6},"end":{"line":56,"column":34}},"24":{"start":{"line":57,"column":6},"end":{"line":57,"column":35}},"25":{"start":{"line":58,"column":6},"end":{"line":58,"column":62}},"26":{"start":{"line":60,"column":6},"end":{"line":65,"column":8}},"27":{"start":{"line":62,"column":10},"end":{"line":62,"column":30}},"28":{"start":{"line":64,"column":20},"end":{"line":64,"column":47}},"29":{"start":{"line":70,"column":4},"end":{"line":70,"column":50}},"30":{"start":{"line":74,"column":4},"end":{"line":74,"column":24}},"31":{"start":{"line":75,"column":4},"end":{"line":81,"column":null}},"32":{"start":{"line":76,"column":6},"end":{"line":76,"column":37}},"33":{"start":{"line":77,"column":11},"end":{"line":81,"column":null}},"34":{"start":{"line":78,"column":6},"end":{"line":78,"column":38}},"35":{"start":{"line":80,"column":6},"end":{"line":80,"column":27}},"36":{"start":{"line":14,"column":13},"end":{"line":83,"column":null}},"37":{"start":{"line":14,"column":13},"end":{"line":14,"column":30}}},"fnMap":{"0":{"name":"(anonymous_0)","decl":{"start":{"line":29,"column":2},"end":{"line":29,"column":null}},"loc":{"start":{"line":34,"column":27},"end":{"line":35,"column":6}}},"1":{"name":"(anonymous_1)","decl":{"start":{"line":37,"column":2},"end":{"line":37,"column":10}},"loc":{"start":{"line":37,"column":10},"end":{"line":39,"column":3}}},"2":{"name":"(anonymous_2)","decl":{"start":{"line":41,"column":2},"end":{"line":41,"column":17}},"loc":{"start":{"line":41,"column":17},"end":{"line":43,"column":3}}},"3":{"name":"(anonymous_3)","decl":{"start":{"line":45,"column":2},"end":{"line":45,"column":10}},"loc":{"start":{"line":45,"column":10},"end":{"line":67,"column":3}}},"4":{"name":"(anonymous_4)","decl":{"start":{"line":61,"column":8},"end":{"line":61,"column":11}},"loc":{"start":{"line":61,"column":13},"end":{"line":63,"column":9}}},"5":{"name":"(anonymous_5)","decl":{"start":{"line":64,"column":8},"end":{"line":64,"column":16}},"loc":{"start":{"line":64,"column":20},"end":{"line":64,"column":47}}},"6":{"name":"(anonymous_6)","decl":{"start":{"line":69,"column":2},"end":{"line":69,"column":11}},"loc":{"start":{"line":69,"column":11},"end":{"line":71,"column":3}}},"7":{"name":"(anonymous_7)","decl":{"start":{"line":73,"column":10},"end":{"line":73,"column":22}},"loc":{"start":{"line":73,"column":50},"end":{"line":82,"column":3}}}},"branchMap":{"0":{"loc":{"start":{"line":50,"column":4},"end":{"line":66,"column":null}},"type":"if","locations":[{"start":{"line":50,"column":4},"end":{"line":66,"column":null}},{"start":{"line":50,"column":4},"end":{"line":66,"column":null}}]},"1":{"loc":{"start":{"line":75,"column":4},"end":{"line":81,"column":null}},"type":"if","locations":[{"start":{"line":75,"column":4},"end":{"line":81,"column":null}},{"start":{"line":75,"column":4},"end":{"line":81,"column":null}}]},"2":{"loc":{"start":{"line":75,"column":8},"end":{"line":75,"column":31}},"type":"binary-expr","locations":[{"start":{"line":75,"column":8},"end":{"line":75,"column":31}},{"start":{"line":75,"column":35},"end":{"line":75,"column":82}}]},"3":{"loc":{"start":{"line":77,"column":11},"end":{"line":81,"column":null}},"type":"if","locations":[{"start":{"line":77,"column":11},"end":{"line":81,"column":null}},{"start":{"line":77,"column":11},"end":{"line":81,"column":null}}]},"4":{"loc":{"start":{"line":77,"column":15},"end":{"line":77,"column":38}},"type":"binary-expr","locations":[{"start":{"line":77,"column":15},"end":{"line":77,"column":38}},{"start":{"line":77,"column":42},"end":{"line":77,"column":89}}]}},"s":{"0":1,"1":1,"2":1,"3":1,"4":1,"5":1,"6":5,"7":5,"8":5,"9":5,"10":5,"11":5,"12":5,"13":0,"14":5,"15":5,"16":5,"17":5,"18":5,"19":1,"20":4,"21":4,"22":4,"23":4,"24":4,"25":4,"26":4,"27":1,"28":3,"29":0,"30":3,"31":3,"32":1,"33":2,"34":1,"35":1,"36":1,"37":1},"f":{"0":5,"1":5,"2":0,"3":5,"4":1,"5":3,"6":0,"7":3},"b":{"0":[1,4],"1":[1,2],"2":[3,2],"3":[1,1],"4":[2,1]}}
,"C:\\Users\\dilipr\\JHipster\\exampleSearch\\src\\main\\webapp\\app\\account\\register\\register.service.ts": {"path":"C:\\Users\\dilipr\\JHipster\\exampleSearch\\src\\main\\webapp\\app\\account\\register\\register.service.ts","statementMap":{"0":{"start":{"line":1,"column":0},"end":{"line":1,"column":43}},"1":{"start":{"line":2,"column":0},"end":{"line":2,"column":50}},"2":{"start":{"line":5,"column":0},"end":{"line":5,"column":51}},"3":{"start":{"line":8,"column":0},"end":{"line":14,"column":null}},"4":{"start":{"line":9,"column":22},"end":{"line":9,"column":28}},"5":{"start":{"line":12,"column":4},"end":{"line":12,"column":68}},"6":{"start":{"line":8,"column":13},"end":{"line":14,"column":null}},"7":{"start":{"line":8,"column":13},"end":{"line":8,"column":21}}},"fnMap":{"0":{"name":"(anonymous_0)","decl":{"start":{"line":9,"column":2},"end":{"line":9,"column":22}},"loc":{"start":{"line":9,"column":38},"end":{"line":9,"column":42}}},"1":{"name":"(anonymous_1)","decl":{"start":{"line":11,"column":2},"end":{"line":11,"column":6}},"loc":{"start":{"line":11,"column":19},"end":{"line":13,"column":3}}}},"branchMap":{},"s":{"0":1,"1":1,"2":1,"3":1,"4":5,"5":0,"6":1,"7":1},"f":{"0":5,"1":0},"b":{}}
,"C:\\Users\\dilipr\\JHipster\\exampleSearch\\src\\main\\webapp\\app\\account\\sessions\\session.model.ts": {"path":"C:\\Users\\dilipr\\JHipster\\exampleSearch\\src\\main\\webapp\\app\\account\\sessions\\session.model.ts","statementMap":{"0":{"start":{"line":2,"column":21},"end":{"line":2,"column":35}},"1":{"start":{"line":2,"column":44},"end":{"line":2,"column":59}},"2":{"start":{"line":2,"column":68},"end":{"line":2,"column":85}},"3":{"start":{"line":2,"column":94},"end":{"line":2,"column":111}},"4":{"start":{"line":1,"column":0},"end":{"line":1,"column":13}}},"fnMap":{"0":{"name":"(anonymous_0)","decl":{"start":{"line":2,"column":2},"end":{"line":2,"column":21}},"loc":{"start":{"line":2,"column":111},"end":{"line":2,"column":115}}}},"branchMap":{},"s":{"0":4,"1":4,"2":4,"3":4,"4":1},"f":{"0":4},"b":{}}
,"C:\\Users\\dilipr\\JHipster\\exampleSearch\\src\\main\\webapp\\app\\account\\sessions\\sessions.component.html": {"path":"C:\\Users\\dilipr\\JHipster\\exampleSearch\\src\\main\\webapp\\app\\account\\sessions\\sessions.component.html","statementMap":{"0":{"start":{"line":1,"column":0},"end":{"line":1,"column":1350}}},"fnMap":{},"branchMap":{},"s":{"0":1},"f":{},"b":{},"_coverageSchema":"43e27e138ebf9cfc5966b082cf9a028302ed4184","hash":"f42b05fa89f69ce976c84abbf33f942af3b16bc2"}
,"C:\\Users\\dilipr\\JHipster\\exampleSearch\\src\\main\\webapp\\app\\account\\sessions\\sessions.component.ts": {"path":"C:\\Users\\dilipr\\JHipster\\exampleSearch\\src\\main\\webapp\\app\\account\\sessions\\sessions.component.ts","statementMap":{"0":{"start":{"line":1,"column":0},"end":{"line":1,"column":50}},"1":{"start":{"line":3,"column":0},"end":{"line":3,"column":42}},"2":{"start":{"line":5,"column":0},"end":{"line":5,"column":53}},"3":{"start":{"line":11,"column":0},"end":{"line":39,"column":null}},"4":{"start":{"line":17,"column":22},"end":{"line":17,"column":39}},"5":{"start":{"line":17,"column":64},"end":{"line":17,"column":80}},"6":{"start":{"line":20,"column":4},"end":{"line":20,"column":85}},"7":{"start":{"line":20,"column":58},"end":{"line":20,"column":82}},"8":{"start":{"line":22,"column":4},"end":{"line":24,"column":7}},"9":{"start":{"line":23,"column":6},"end":{"line":23,"column":29}},"10":{"start":{"line":28,"column":4},"end":{"line":37,"column":7}},"11":{"start":{"line":29,"column":6},"end":{"line":36,"column":null}},"12":{"start":{"line":30,"column":8},"end":{"line":30,"column":26}},"13":{"start":{"line":31,"column":8},"end":{"line":31,"column":28}},"14":{"start":{"line":32,"column":8},"end":{"line":32,"column":89}},"15":{"start":{"line":32,"column":62},"end":{"line":32,"column":86}},"16":{"start":{"line":34,"column":8},"end":{"line":34,"column":28}},"17":{"start":{"line":35,"column":8},"end":{"line":35,"column":29}},"18":{"start":{"line":11,"column":13},"end":{"line":39,"column":null}},"19":{"start":{"line":11,"column":13},"end":{"line":11,"column":30}}},"fnMap":{"0":{"name":"(anonymous_0)","decl":{"start":{"line":17,"column":2},"end":{"line":17,"column":22}},"loc":{"start":{"line":17,"column":94},"end":{"line":17,"column":98}}},"1":{"name":"(anonymous_1)","decl":{"start":{"line":19,"column":2},"end":{"line":19,"column":10}},"loc":{"start":{"line":19,"column":10},"end":{"line":25,"column":3}}},"2":{"name":"(anonymous_2)","decl":{"start":{"line":20,"column":45},"end":{"line":20,"column":53}},"loc":{"start":{"line":20,"column":58},"end":{"line":20,"column":82}}},"3":{"name":"(anonymous_3)","decl":{"start":{"line":22,"column":40},"end":{"line":22,"column":47}},"loc":{"start":{"line":22,"column":50},"end":{"line":24,"column":5}}},"4":{"name":"(anonymous_4)","decl":{"start":{"line":27,"column":2},"end":{"line":27,"column":12}},"loc":{"start":{"line":27,"column":19},"end":{"line":38,"column":3}}},"5":{"name":"(anonymous_5)","decl":{"start":{"line":28,"column":70},"end":{"line":28,"column":78}},"loc":{"start":{"line":28,"column":81},"end":{"line":37,"column":5}}},"6":{"name":"(anonymous_6)","decl":{"start":{"line":32,"column":49},"end":{"line":32,"column":57}},"loc":{"start":{"line":32,"column":62},"end":{"line":32,"column":86}}}},"branchMap":{"0":{"loc":{"start":{"line":29,"column":6},"end":{"line":36,"column":null}},"type":"if","locations":[{"start":{"line":29,"column":6},"end":{"line":36,"column":null}},{"start":{"line":29,"column":6},"end":{"line":36,"column":null}}]}},"s":{"0":1,"1":1,"2":1,"3":1,"4":4,"5":4,"6":4,"7":4,"8":4,"9":4,"10":3,"11":3,"12":1,"13":1,"14":1,"15":1,"16":2,"17":2,"18":1,"19":1},"f":{"0":4,"1":4,"2":4,"3":4,"4":3,"5":3,"6":1},"b":{"0":[1,2]}}
,"C:\\Users\\dilipr\\JHipster\\exampleSearch\\src\\main\\webapp\\app\\account\\sessions\\sessions.service.ts": {"path":"C:\\Users\\dilipr\\JHipster\\exampleSearch\\src\\main\\webapp\\app\\account\\sessions\\sessions.service.ts","statementMap":{"0":{"start":{"line":1,"column":0},"end":{"line":1,"column":43}},"1":{"start":{"line":2,"column":0},"end":{"line":2,"column":64}},"2":{"start":{"line":5,"column":0},"end":{"line":5,"column":51}},"3":{"start":{"line":9,"column":0},"end":{"line":20,"column":null}},"4":{"start":{"line":11,"column":22},"end":{"line":11,"column":28}},"5":{"start":{"line":10,"column":9},"end":{"line":10,"column":64}},"6":{"start":{"line":14,"column":4},"end":{"line":14,"column":54}},"7":{"start":{"line":18,"column":4},"end":{"line":18,"column":85}},"8":{"start":{"line":9,"column":13},"end":{"line":20,"column":null}},"9":{"start":{"line":9,"column":13},"end":{"line":9,"column":28}}},"fnMap":{"0":{"name":"(anonymous_0)","decl":{"start":{"line":11,"column":2},"end":{"line":11,"column":22}},"loc":{"start":{"line":11,"column":38},"end":{"line":11,"column":42}}},"1":{"name":"(anonymous_1)","decl":{"start":{"line":13,"column":2},"end":{"line":13,"column":9}},"loc":{"start":{"line":13,"column":9},"end":{"line":15,"column":3}}},"2":{"name":"(anonymous_2)","decl":{"start":{"line":17,"column":2},"end":{"line":17,"column":8}},"loc":{"start":{"line":17,"column":23},"end":{"line":19,"column":3}}}},"branchMap":{},"s":{"0":1,"1":1,"2":1,"3":1,"4":4,"5":4,"6":0,"7":0,"8":1,"9":1},"f":{"0":4,"1":0,"2":0},"b":{}}
,"C:\\Users\\dilipr\\JHipster\\exampleSearch\\src\\main\\webapp\\app\\account\\settings\\settings.component.html": {"path":"C:\\Users\\dilipr\\JHipster\\exampleSearch\\src\\main\\webapp\\app\\account\\settings\\settings.component.html","statementMap":{"0":{"start":{"line":1,"column":0},"end":{"line":1,"column":4852}}},"fnMap":{},"branchMap":{},"s":{"0":1},"f":{},"b":{},"_coverageSchema":"43e27e138ebf9cfc5966b082cf9a028302ed4184","hash":"336abc3877afb06a3c2d28372c8b295d23a723bd"}
,"C:\\Users\\dilipr\\JHipster\\exampleSearch\\src\\main\\webapp\\app\\account\\settings\\settings.component.ts": {"path":"C:\\Users\\dilipr\\JHipster\\exampleSearch\\src\\main\\webapp\\app\\account\\settings\\settings.component.ts","statementMap":{"0":{"start":{"line":1,"column":0},"end":{"line":1,"column":50}},"1":{"start":{"line":2,"column":0},"end":{"line":2,"column":68}},"2":{"start":{"line":4,"column":0},"end":{"line":4,"column":42}},"3":{"start":{"line":11,"column":0},"end":{"line":78,"column":null}},"4":{"start":{"line":26,"column":22},"end":{"line":26,"column":38}},"5":{"start":{"line":26,"column":62},"end":{"line":26,"column":66}},"6":{"start":{"line":15,"column":2},"end":{"line":24,"column":5}},"7":{"start":{"line":29,"column":4},"end":{"line":31,"column":7}},"8":{"start":{"line":30,"column":6},"end":{"line":30,"column":31}},"9":{"start":{"line":35,"column":28},"end":{"line":35,"column":50}},"10":{"start":{"line":36,"column":4},"end":{"line":48,"column":6}},"11":{"start":{"line":38,"column":8},"end":{"line":38,"column":26}},"12":{"start":{"line":39,"column":8},"end":{"line":39,"column":28}},"13":{"start":{"line":40,"column":8},"end":{"line":42,"column":11}},"14":{"start":{"line":41,"column":10},"end":{"line":41,"column":35}},"15":{"start":{"line":45,"column":8},"end":{"line":45,"column":28}},"16":{"start":{"line":46,"column":8},"end":{"line":46,"column":29}},"17":{"start":{"line":52,"column":20},"end":{"line":52,"column":22}},"18":{"start":{"line":53,"column":4},"end":{"line":62,"column":null}},"19":{"start":{"line":67,"column":4},"end":{"line":76,"column":7}},"20":{"start":{"line":11,"column":13},"end":{"line":78,"column":null}},"21":{"start":{"line":11,"column":13},"end":{"line":11,"column":30}}},"fnMap":{"0":{"name":"(anonymous_0)","decl":{"start":{"line":26,"column":2},"end":{"line":26,"column":22}},"loc":{"start":{"line":26,"column":77},"end":{"line":26,"column":81}}},"1":{"name":"(anonymous_1)","decl":{"start":{"line":28,"column":2},"end":{"line":28,"column":10}},"loc":{"start":{"line":28,"column":10},"end":{"line":32,"column":3}}},"2":{"name":"(anonymous_2)","decl":{"start":{"line":29,"column":40},"end":{"line":29,"column":47}},"loc":{"start":{"line":29,"column":50},"end":{"line":31,"column":5}}},"3":{"name":"(anonymous_3)","decl":{"start":{"line":34,"column":2},"end":{"line":34,"column":6}},"loc":{"start":{"line":34,"column":6},"end":{"line":49,"column":3}}},"4":{"name":"(anonymous_4)","decl":{"start":{"line":37,"column":6},"end":{"line":37,"column":9}},"loc":{"start":{"line":37,"column":11},"end":{"line":43,"column":7}}},"5":{"name":"(anonymous_5)","decl":{"start":{"line":40,"column":48},"end":{"line":40,"column":55}},"loc":{"start":{"line":40,"column":58},"end":{"line":42,"column":9}}},"6":{"name":"(anonymous_6)","decl":{"start":{"line":44,"column":6},"end":{"line":44,"column":9}},"loc":{"start":{"line":44,"column":11},"end":{"line":47,"column":7}}},"7":{"name":"(anonymous_7)","decl":{"start":{"line":51,"column":10},"end":{"line":51,"column":25}},"loc":{"start":{"line":51,"column":25},"end":{"line":64,"column":3}}},"8":{"name":"(anonymous_8)","decl":{"start":{"line":66,"column":2},"end":{"line":66,"column":12}},"loc":{"start":{"line":66,"column":25},"end":{"line":77,"column":3}}}},"branchMap":{},"s":{"0":1,"1":1,"2":1,"3":1,"4":3,"5":3,"6":3,"7":0,"8":0,"9":3,"10":3,"11":2,"12":2,"13":2,"14":2,"15":1,"16":1,"17":3,"18":3,"19":3,"20":1,"21":1},"f":{"0":3,"1":0,"2":0,"3":3,"4":2,"5":2,"6":1,"7":3,"8":3},"b":{}}
,"C:\\Users\\dilipr\\JHipster\\exampleSearch\\src\\main\\webapp\\app\\admin\\admin.route.ts": {"path":"C:\\Users\\dilipr\\JHipster\\exampleSearch\\src\\main\\webapp\\app\\admin\\admin.route.ts","statementMap":{"0":{"start":{"line":3,"column":0},"end":{"line":3,"column":117}},"1":{"start":{"line":5,"column":0},"end":{"line":5,"column":50}},"2":{"start":{"line":7,"column":21},"end":{"line":7,"column":121}},"3":{"start":{"line":9,"column":13},"end":{"line":18,"column":2}}},"fnMap":{},"branchMap":{},"s":{"0":1,"1":1,"2":1,"3":1},"f":{},"b":{}}
,"C:\\Users\\dilipr\\JHipster\\exampleSearch\\src\\main\\webapp\\app\\admin\\index.ts": {"path":"C:\\Users\\dilipr\\JHipster\\exampleSearch\\src\\main\\webapp\\app\\admin\\index.ts","statementMap":{"0":{"start":{"line":1,"column":0},"end":{"line":1,"column":42}},"1":{"start":{"line":2,"column":0},"end":{"line":2,"column":40}},"2":{"start":{"line":3,"column":0},"end":{"line":3,"column":38}},"3":{"start":{"line":4,"column":0},"end":{"line":4,"column":37}},"4":{"start":{"line":5,"column":0},"end":{"line":5,"column":42}},"5":{"start":{"line":6,"column":0},"end":{"line":6,"column":56}},"6":{"start":{"line":7,"column":0},"end":{"line":7,"column":54}},"7":{"start":{"line":8,"column":0},"end":{"line":8,"column":52}},"8":{"start":{"line":9,"column":0},"end":{"line":9,"column":38}},"9":{"start":{"line":10,"column":0},"end":{"line":10,"column":34}},"10":{"start":{"line":11,"column":0},"end":{"line":11,"column":42}},"11":{"start":{"line":12,"column":0},"end":{"line":12,"column":48}},"12":{"start":{"line":13,"column":0},"end":{"line":13,"column":40}},"13":{"start":{"line":14,"column":0},"end":{"line":14,"column":38}},"14":{"start":{"line":15,"column":0},"end":{"line":15,"column":38}},"15":{"start":{"line":16,"column":0},"end":{"line":16,"column":36}},"16":{"start":{"line":17,"column":0},"end":{"line":17,"column":34}},"17":{"start":{"line":18,"column":0},"end":{"line":18,"column":33}},"18":{"start":{"line":19,"column":0},"end":{"line":19,"column":44}},"19":{"start":{"line":20,"column":0},"end":{"line":20,"column":42}},"20":{"start":{"line":21,"column":0},"end":{"line":21,"column":40}},"21":{"start":{"line":22,"column":0},"end":{"line":22,"column":67}},"22":{"start":{"line":23,"column":0},"end":{"line":23,"column":74}},"23":{"start":{"line":24,"column":0},"end":{"line":24,"column":67}},"24":{"start":{"line":25,"column":0},"end":{"line":25,"column":60}},"25":{"start":{"line":26,"column":0},"end":{"line":26,"column":56}},"26":{"start":{"line":27,"column":0},"end":{"line":27,"column":30}}},"fnMap":{},"branchMap":{},"s":{"0":1,"1":1,"2":1,"3":1,"4":1,"5":1,"6":1,"7":1,"8":1,"9":1,"10":1,"11":1,"12":1,"13":1,"14":1,"15":1,"16":1,"17":1,"18":1,"19":1,"20":1,"21":1,"22":1,"23":1,"24":1,"25":1,"26":1},"f":{},"b":{}}
,"C:\\Users\\dilipr\\JHipster\\exampleSearch\\src\\main\\webapp\\app\\admin\\audits\\audit-data.model.ts": {"path":"C:\\Users\\dilipr\\JHipster\\exampleSearch\\src\\main\\webapp\\app\\admin\\audits\\audit-data.model.ts","statementMap":{"0":{"start":{"line":2,"column":21},"end":{"line":2,"column":42}},"1":{"start":{"line":2,"column":51},"end":{"line":2,"column":68}},"2":{"start":{"line":1,"column":0},"end":{"line":1,"column":13}}},"fnMap":{"0":{"name":"(anonymous_0)","decl":{"start":{"line":2,"column":2},"end":{"line":2,"column":21}},"loc":{"start":{"line":2,"column":68},"end":{"line":2,"column":72}}}},"branchMap":{},"s":{"0":0,"1":0,"2":1},"f":{"0":0},"b":{}}
,"C:\\Users\\dilipr\\JHipster\\exampleSearch\\src\\main\\webapp\\app\\admin\\audits\\audit.model.ts": {"path":"C:\\Users\\dilipr\\JHipster\\exampleSearch\\src\\main\\webapp\\app\\admin\\audits\\audit.model.ts","statementMap":{"0":{"start":{"line":4,"column":21},"end":{"line":4,"column":36}},"1":{"start":{"line":4,"column":45},"end":{"line":4,"column":62}},"2":{"start":{"line":4,"column":71},"end":{"line":4,"column":88}},"3":{"start":{"line":4,"column":97},"end":{"line":4,"column":109}},"4":{"start":{"line":3,"column":0},"end":{"line":3,"column":13}}},"fnMap":{"0":{"name":"(anonymous_0)","decl":{"start":{"line":4,"column":2},"end":{"line":4,"column":21}},"loc":{"start":{"line":4,"column":109},"end":{"line":4,"column":113}}}},"branchMap":{},"s":{"0":2,"1":2,"2":2,"3":2,"4":3},"f":{"0":2},"b":{}}
,"C:\\Users\\dilipr\\JHipster\\exampleSearch\\src\\main\\webapp\\app\\admin\\audits\\audits.component.html": {"path":"C:\\Users\\dilipr\\JHipster\\exampleSearch\\src\\main\\webapp\\app\\admin\\audits\\audits.component.html","statementMap":{"0":{"start":{"line":1,"column":0},"end":{"line":1,"column":2808}}},"fnMap":{},"branchMap":{},"s":{"0":2},"f":{},"b":{},"_coverageSchema":"43e27e138ebf9cfc5966b082cf9a028302ed4184","hash":"3c9bb41bac28aba93faffc9e15912146fd33ed1d"}
,"C:\\Users\\dilipr\\JHipster\\exampleSearch\\src\\main\\webapp\\app\\admin\\audits\\audits.component.ts": {"path":"C:\\Users\\dilipr\\JHipster\\exampleSearch\\src\\main\\webapp\\app\\admin\\audits\\audits.component.ts","statementMap":{"0":{"start":{"line":1,"column":0},"end":{"line":1,"column":61}},"1":{"start":{"line":3,"column":0},"end":{"line":3,"column":43}},"2":{"start":{"line":4,"column":0},"end":{"line":4,"column":57}},"3":{"start":{"line":5,"column":0},"end":{"line":5,"column":61}},"4":{"start":{"line":7,"column":0},"end":{"line":7,"column":44}},"5":{"start":{"line":9,"column":0},"end":{"line":9,"column":49}},"6":{"start":{"line":15,"column":0},"end":{"line":123,"column":null}},"7":{"start":{"line":29,"column":12},"end":{"line":29,"column":27}},"8":{"start":{"line":30,"column":12},"end":{"line":30,"column":26}},"9":{"start":{"line":31,"column":12},"end":{"line":31,"column":24}},"10":{"start":{"line":32,"column":12},"end":{"line":32,"column":28}},"11":{"start":{"line":33,"column":12},"end":{"line":33,"column":22}},"12":{"start":{"line":34,"column":12},"end":{"line":34,"column":20}},"13":{"start":{"line":36,"column":4},"end":{"line":36,"column":39}},"14":{"start":{"line":37,"column":4},"end":{"line":42,"column":7}},"15":{"start":{"line":38,"column":6},"end":{"line":38,"column":44}},"16":{"start":{"line":39,"column":6},"end":{"line":39,"column":52}},"17":{"start":{"line":40,"column":6},"end":{"line":40,"column":52}},"18":{"start":{"line":41,"column":6},"end":{"line":41,"column":54}},"19":{"start":{"line":46,"column":4},"end":{"line":46,"column":17}},"20":{"start":{"line":47,"column":4},"end":{"line":47,"column":25}},"21":{"start":{"line":48,"column":4},"end":{"line":48,"column":19}},"22":{"start":{"line":52,"column":4},"end":{"line":52,"column":33}},"23":{"start":{"line":56,"column":23},"end":{"line":56,"column":35}},"24":{"start":{"line":57,"column":25},"end":{"line":57,"column":35}},"25":{"start":{"line":59,"column":4},"end":{"line":63,"column":null}},"26":{"start":{"line":60,"column":6},"end":{"line":60,"column":78}},"27":{"start":{"line":62,"column":6},"end":{"line":62,"column":95}},"28":{"start":{"line":65,"column":4},"end":{"line":65,"column":66}},"29":{"start":{"line":69,"column":23},"end":{"line":69,"column":35}},"30":{"start":{"line":71,"column":24},"end":{"line":71,"column":34}},"31":{"start":{"line":72,"column":4},"end":{"line":72,"column":39}},"32":{"start":{"line":73,"column":17},"end":{"line":73,"column":81}},"33":{"start":{"line":74,"column":4},"end":{"line":74,"column":60}},"34":{"start":{"line":78,"column":4},"end":{"line":86,"column":140}},"35":{"start":{"line":86,"column":49},"end":{"line":86,"column":86}},"36":{"start":{"line":86,"column":116},"end":{"line":86,"column":138}},"37":{"start":{"line":90,"column":19},"end":{"line":90,"column":75}},"38":{"start":{"line":91,"column":4},"end":{"line":93,"column":null}},"39":{"start":{"line":92,"column":6},"end":{"line":92,"column":24}},"40":{"start":{"line":94,"column":4},"end":{"line":94,"column":18}},"41":{"start":{"line":98,"column":4},"end":{"line":101,"column":null}},"42":{"start":{"line":99,"column":6},"end":{"line":99,"column":31}},"43":{"start":{"line":100,"column":6},"end":{"line":100,"column":24}},"44":{"start":{"line":105,"column":4},"end":{"line":110,"column":7}},"45":{"start":{"line":111,"column":4},"end":{"line":111,"column":19}},"46":{"start":{"line":115,"column":4},"end":{"line":115,"column":60}},"47":{"start":{"line":116,"column":4},"end":{"line":116,"column":51}},"48":{"start":{"line":117,"column":4},"end":{"line":117,"column":23}},"49":{"start":{"line":121,"column":4},"end":{"line":121,"column":62}},"50":{"start":{"line":15,"column":13},"end":{"line":123,"column":null}},"51":{"start":{"line":15,"column":13},"end":{"line":15,"column":28}}},"fnMap":{"0":{"name":"(anonymous_0)","decl":{"start":{"line":28,"column":2},"end":{"line":28,"column":null}},"loc":{"start":{"line":34,"column":26},"end":{"line":43,"column":3}}},"1":{"name":"(anonymous_1)","decl":{"start":{"line":37,"column":56},"end":{"line":37,"column":60}},"loc":{"start":{"line":37,"column":63},"end":{"line":42,"column":5}}},"2":{"name":"(anonymous_2)","decl":{"start":{"line":45,"column":2},"end":{"line":45,"column":10}},"loc":{"start":{"line":45,"column":10},"end":{"line":49,"column":3}}},"3":{"name":"(anonymous_3)","decl":{"start":{"line":51,"column":2},"end":{"line":51,"column":13}},"loc":{"start":{"line":51,"column":13},"end":{"line":53,"column":3}}},"4":{"name":"(anonymous_4)","decl":{"start":{"line":55,"column":2},"end":{"line":55,"column":15}},"loc":{"start":{"line":55,"column":15},"end":{"line":66,"column":3}}},"5":{"name":"(anonymous_5)","decl":{"start":{"line":68,"column":2},"end":{"line":68,"column":7}},"loc":{"start":{"line":68,"column":7},"end":{"line":75,"column":3}}},"6":{"name":"(anonymous_6)","decl":{"start":{"line":77,"column":2},"end":{"line":77,"column":9}},"loc":{"start":{"line":77,"column":9},"end":{"line":87,"column":3}}},"7":{"name":"(anonymous_7)","decl":{"start":{"line":86,"column":17},"end":{"line":86,"column":18}},"loc":{"start":{"line":86,"column":49},"end":{"line":86,"column":86}}},"8":{"name":"(anonymous_8)","decl":{"start":{"line":86,"column":88},"end":{"line":86,"column":89}},"loc":{"start":{"line":86,"column":116},"end":{"line":86,"column":138}}},"9":{"name":"(anonymous_9)","decl":{"start":{"line":89,"column":2},"end":{"line":89,"column":6}},"loc":{"start":{"line":89,"column":6},"end":{"line":95,"column":3}}},"10":{"name":"(anonymous_10)","decl":{"start":{"line":97,"column":2},"end":{"line":97,"column":10}},"loc":{"start":{"line":97,"column":23},"end":{"line":102,"column":3}}},"11":{"name":"(anonymous_11)","decl":{"start":{"line":104,"column":2},"end":{"line":104,"column":12}},"loc":{"start":{"line":104,"column":12},"end":{"line":112,"column":3}}},"12":{"name":"(anonymous_12)","decl":{"start":{"line":114,"column":10},"end":{"line":114,"column":19}},"loc":{"start":{"line":114,"column":33},"end":{"line":118,"column":3}}},"13":{"name":"(anonymous_13)","decl":{"start":{"line":120,"column":10},"end":{"line":120,"column":17}},"loc":{"start":{"line":120,"column":23},"end":{"line":122,"column":3}}}},"branchMap":{"0":{"loc":{"start":{"line":59,"column":4},"end":{"line":63,"column":null}},"type":"if","locations":[{"start":{"line":59,"column":4},"end":{"line":63,"column":null}},{"start":{"line":59,"column":4},"end":{"line":63,"column":null}}]},"1":{"loc":{"start":{"line":90,"column":59},"end":{"line":90,"column":64}},"type":"cond-expr","locations":[{"start":{"line":90,"column":59},"end":{"line":90,"column":64}},{"start":{"line":90,"column":67},"end":{"line":90,"column":73}}]},"2":{"loc":{"start":{"line":91,"column":4},"end":{"line":93,"column":null}},"type":"if","locations":[{"start":{"line":91,"column":4},"end":{"line":93,"column":null}},{"start":{"line":91,"column":4},"end":{"line":93,"column":null}}]},"3":{"loc":{"start":{"line":98,"column":4},"end":{"line":101,"column":null}},"type":"if","locations":[{"start":{"line":98,"column":4},"end":{"line":101,"column":null}},{"start":{"line":98,"column":4},"end":{"line":101,"column":null}}]},"4":{"loc":{"start":{"line":108,"column":53},"end":{"line":108,"column":58}},"type":"cond-expr","locations":[{"start":{"line":108,"column":53},"end":{"line":108,"column":58}},{"start":{"line":108,"column":61},"end":{"line":108,"column":67}}]}},"s":{"0":2,"1":2,"2":2,"3":2,"4":2,"5":2,"6":2,"7":6,"8":6,"9":6,"10":6,"11":6,"12":6,"13":6,"14":6,"15":6,"16":6,"17":6,"18":6,"19":2,"20":2,"21":2,"22":5,"23":3,"24":3,"25":3,"26":0,"27":3,"28":3,"29":3,"30":3,"31":3,"32":3,"33":3,"34":2,"35":1,"36":0,"37":4,"38":4,"39":1,"40":4,"41":0,"42":0,"43":0,"44":0,"45":0,"46":1,"47":1,"48":1,"49":0,"50":2,"51":2},"f":{"0":6,"1":6,"2":2,"3":5,"4":3,"5":3,"6":2,"7":1,"8":0,"9":4,"10":0,"11":0,"12":1,"13":0},"b":{"0":[0,3],"1":[1,3],"2":[1,3],"3":[0,0],"4":[0,0]}}
,"C:\\Users\\dilipr\\JHipster\\exampleSearch\\src\\main\\webapp\\app\\admin\\audits\\audits.route.ts": {"path":"C:\\Users\\dilipr\\JHipster\\exampleSearch\\src\\main\\webapp\\app\\admin\\audits\\audits.route.ts","statementMap":{"0":{"start":{"line":3,"column":0},"end":{"line":3,"column":72}},"1":{"start":{"line":5,"column":0},"end":{"line":5,"column":53}},"2":{"start":{"line":7,"column":13},"end":{"line":17,"column":2}}},"fnMap":{},"branchMap":{},"s":{"0":1,"1":1,"2":1},"f":{},"b":{}}
,"C:\\Users\\dilipr\\JHipster\\exampleSearch\\src\\main\\webapp\\app\\admin\\audits\\audits.service.ts": {"path":"C:\\Users\\dilipr\\JHipster\\exampleSearch\\src\\main\\webapp\\app\\admin\\audits\\audits.service.ts","statementMap":{"0":{"start":{"line":1,"column":0},"end":{"line":1,"column":43}},"1":{"start":{"line":2,"column":0},"end":{"line":2,"column":76}},"2":{"start":{"line":5,"column":0},"end":{"line":5,"column":49}},"3":{"start":{"line":6,"column":0},"end":{"line":6,"column":51}},"4":{"start":{"line":10,"column":0},"end":{"line":25,"column":null}},"5":{"start":{"line":11,"column":22},"end":{"line":11,"column":28}},"6":{"start":{"line":14,"column":31},"end":{"line":14,"column":55}},"7":{"start":{"line":15,"column":4},"end":{"line":15,"column":41}},"8":{"start":{"line":16,"column":4},"end":{"line":16,"column":37}},"9":{"start":{"line":18,"column":23},"end":{"line":18,"column":59}},"10":{"start":{"line":20,"column":4},"end":{"line":23,"column":7}},"11":{"start":{"line":10,"column":13},"end":{"line":25,"column":null}},"12":{"start":{"line":10,"column":13},"end":{"line":10,"column":26}}},"fnMap":{"0":{"name":"(anonymous_0)","decl":{"start":{"line":11,"column":2},"end":{"line":11,"column":22}},"loc":{"start":{"line":11,"column":38},"end":{"line":11,"column":42}}},"1":{"name":"(anonymous_1)","decl":{"start":{"line":13,"column":2},"end":{"line":13,"column":7}},"loc":{"start":{"line":13,"column":16},"end":{"line":24,"column":3}}}},"branchMap":{},"s":{"0":3,"1":3,"2":3,"3":3,"4":3,"5":9,"6":4,"7":4,"8":4,"9":4,"10":4,"11":3,"12":3},"f":{"0":9,"1":4},"b":{}}
,"C:\\Users\\dilipr\\JHipster\\exampleSearch\\src\\main\\webapp\\app\\admin\\configuration\\configuration.component.html": {"path":"C:\\Users\\dilipr\\JHipster\\exampleSearch\\src\\main\\webapp\\app\\admin\\configuration\\configuration.component.html","statementMap":{"0":{"start":{"line":1,"column":0},"end":{"line":1,"column":1999}}},"fnMap":{},"branchMap":{},"s":{"0":2},"f":{},"b":{},"_coverageSchema":"43e27e138ebf9cfc5966b082cf9a028302ed4184","hash":"44bdd13b8f6e94c45512fca714a2bfd88ad93ddb"}
,"C:\\Users\\dilipr\\JHipster\\exampleSearch\\src\\main\\webapp\\app\\admin\\configuration\\configuration.component.ts": {"path":"C:\\Users\\dilipr\\JHipster\\exampleSearch\\src\\main\\webapp\\app\\admin\\configuration\\configuration.component.ts","statementMap":{"0":{"start":{"line":1,"column":0},"end":{"line":1,"column":50}},"1":{"start":{"line":3,"column":0},"end":{"line":3,"column":66}},"2":{"start":{"line":9,"column":0},"end":{"line":43,"column":null}},"3":{"start":{"line":17,"column":22},"end":{"line":17,"column":44}},"4":{"start":{"line":10,"column":2},"end":{"line":10,"column":31}},"5":{"start":{"line":11,"column":2},"end":{"line":11,"column":28}},"6":{"start":{"line":18,"column":4},"end":{"line":18,"column":25}},"7":{"start":{"line":19,"column":4},"end":{"line":19,"column":21}},"8":{"start":{"line":20,"column":4},"end":{"line":20,"column":30}},"9":{"start":{"line":21,"column":4},"end":{"line":21,"column":25}},"10":{"start":{"line":25,"column":4},"end":{"line":25,"column":55}},"11":{"start":{"line":29,"column":4},"end":{"line":37,"column":7}},"12":{"start":{"line":30,"column":6},"end":{"line":30,"column":41}},"13":{"start":{"line":32,"column":6},"end":{"line":36,"column":null}},"14":{"start":{"line":33,"column":8},"end":{"line":35,"column":null}},"15":{"start":{"line":34,"column":10},"end":{"line":34,"column":63}},"16":{"start":{"line":39,"column":4},"end":{"line":41,"column":7}},"17":{"start":{"line":40,"column":6},"end":{"line":40,"column":44}},"18":{"start":{"line":9,"column":13},"end":{"line":43,"column":null}},"19":{"start":{"line":9,"column":13},"end":{"line":9,"column":38}}},"fnMap":{"0":{"name":"(anonymous_0)","decl":{"start":{"line":17,"column":2},"end":{"line":17,"column":22}},"loc":{"start":{"line":17,"column":67},"end":{"line":22,"column":3}}},"1":{"name":"(anonymous_1)","decl":{"start":{"line":24,"column":2},"end":{"line":24,"column":6}},"loc":{"start":{"line":24,"column":11},"end":{"line":26,"column":3}}},"2":{"name":"(anonymous_2)","decl":{"start":{"line":28,"column":2},"end":{"line":28,"column":10}},"loc":{"start":{"line":28,"column":10},"end":{"line":42,"column":3}}},"3":{"name":"(anonymous_3)","decl":{"start":{"line":29,"column":46},"end":{"line":29,"column":59}},"loc":{"start":{"line":29,"column":62},"end":{"line":37,"column":5}}},"4":{"name":"(anonymous_4)","decl":{"start":{"line":39,"column":49},"end":{"line":39,"column":62}},"loc":{"start":{"line":39,"column":65},"end":{"line":41,"column":5}}}},"branchMap":{"0":{"loc":{"start":{"line":25,"column":32},"end":{"line":25,"column":34}},"type":"cond-expr","locations":[{"start":{"line":25,"column":32},"end":{"line":25,"column":34}},{"start":{"line":25,"column":37},"end":{"line":25,"column":54}}]},"1":{"loc":{"start":{"line":33,"column":8},"end":{"line":35,"column":null}},"type":"if","locations":[{"start":{"line":33,"column":8},"end":{"line":35,"column":null}},{"start":{"line":33,"column":8},"end":{"line":35,"column":null}}]}},"s":{"0":2,"1":2,"2":2,"3":3,"4":3,"5":3,"6":3,"7":3,"8":3,"9":3,"10":2,"11":1,"12":1,"13":1,"14":2,"15":1,"16":1,"17":1,"18":2,"19":2},"f":{"0":3,"1":2,"2":1,"3":1,"4":1},"b":{"0":[1,1],"1":[1,1]}}
,"C:\\Users\\dilipr\\JHipster\\exampleSearch\\src\\main\\webapp\\app\\admin\\configuration\\configuration.route.ts": {"path":"C:\\Users\\dilipr\\JHipster\\exampleSearch\\src\\main\\webapp\\app\\admin\\configuration\\configuration.route.ts","statementMap":{"0":{"start":{"line":3,"column":0},"end":{"line":3,"column":70}},"1":{"start":{"line":5,"column":13},"end":{"line":11,"column":2}}},"fnMap":{},"branchMap":{},"s":{"0":1,"1":1},"f":{},"b":{}}
,"C:\\Users\\dilipr\\JHipster\\exampleSearch\\src\\main\\webapp\\app\\admin\\configuration\\configuration.service.ts": {"path":"C:\\Users\\dilipr\\JHipster\\exampleSearch\\src\\main\\webapp\\app\\admin\\configuration\\configuration.service.ts","statementMap":{"0":{"start":{"line":1,"column":0},"end":{"line":1,"column":43}},"1":{"start":{"line":2,"column":0},"end":{"line":2,"column":64}},"2":{"start":{"line":4,"column":0},"end":{"line":4,"column":37}},"3":{"start":{"line":6,"column":0},"end":{"line":6,"column":51}},"4":{"start":{"line":9,"column":0},"end":{"line":67,"column":null}},"5":{"start":{"line":10,"column":22},"end":{"line":10,"column":28}},"6":{"start":{"line":13,"column":4},"end":{"line":27,"column":6}},"7":{"start":{"line":15,"column":34},"end":{"line":15,"column":36}},"8":{"start":{"line":16,"column":33},"end":{"line":16,"column":74}},"9":{"start":{"line":17,"column":8},"end":{"line":21,"column":null}},"10":{"start":{"line":18,"column":10},"end":{"line":20,"column":null}},"11":{"start":{"line":19,"column":12},"end":{"line":19,"column":51}},"12":{"start":{"line":23,"column":8},"end":{"line":25,"column":11}},"13":{"start":{"line":24,"column":10},"end":{"line":24,"column":106}},"14":{"start":{"line":32,"column":4},"end":{"line":41,"column":null}},"15":{"start":{"line":33,"column":6},"end":{"line":40,"column":null}},"16":{"start":{"line":37,"column":8},"end":{"line":39,"column":null}},"17":{"start":{"line":38,"column":10},"end":{"line":38,"column":47}},"18":{"start":{"line":43,"column":4},"end":{"line":43,"column":53}},"19":{"start":{"line":47,"column":4},"end":{"line":65,"column":6}},"20":{"start":{"line":49,"column":32},"end":{"line":49,"column":34}},"21":{"start":{"line":50,"column":32},"end":{"line":50,"column":59}},"22":{"start":{"line":52,"column":8},"end":{"line":62,"column":null}},"23":{"start":{"line":53,"column":23},"end":{"line":53,"column":45}},"24":{"start":{"line":54,"column":35},"end":{"line":54,"column":63}},"25":{"start":{"line":55,"column":30},"end":{"line":55,"column":32}},"26":{"start":{"line":56,"column":10},"end":{"line":60,"column":null}},"27":{"start":{"line":57,"column":12},"end":{"line":59,"column":null}},"28":{"start":{"line":58,"column":14},"end":{"line":58,"column":87}},"29":{"start":{"line":61,"column":10},"end":{"line":61,"column":34}},"30":{"start":{"line":63,"column":8},"end":{"line":63,"column":26}},"31":{"start":{"line":9,"column":13},"end":{"line":67,"column":null}},"32":{"start":{"line":9,"column":13},"end":{"line":9,"column":36}}},"fnMap":{"0":{"name":"(anonymous_0)","decl":{"start":{"line":10,"column":2},"end":{"line":10,"column":22}},"loc":{"start":{"line":10,"column":38},"end":{"line":10,"column":42}}},"1":{"name":"(anonymous_1)","decl":{"start":{"line":12,"column":2},"end":{"line":12,"column":5}},"loc":{"start":{"line":12,"column":5},"end":{"line":28,"column":3}}},"2":{"name":"(anonymous_2)","decl":{"start":{"line":14,"column":10},"end":{"line":14,"column":11}},"loc":{"start":{"line":14,"column":37},"end":{"line":26,"column":7}}},"3":{"name":"(anonymous_3)","decl":{"start":{"line":23,"column":31},"end":{"line":23,"column":32}},"loc":{"start":{"line":23,"column":56},"end":{"line":25,"column":9}}},"4":{"name":"(anonymous_4)","decl":{"start":{"line":30,"column":2},"end":{"line":30,"column":28}},"loc":{"start":{"line":30,"column":40},"end":{"line":44,"column":3}}},"5":{"name":"(anonymous_5)","decl":{"start":{"line":46,"column":2},"end":{"line":46,"column":8}},"loc":{"start":{"line":46,"column":8},"end":{"line":66,"column":3}}},"6":{"name":"(anonymous_6)","decl":{"start":{"line":48,"column":10},"end":{"line":48,"column":11}},"loc":{"start":{"line":48,"column":37},"end":{"line":64,"column":7}}}},"branchMap":{"0":{"loc":{"start":{"line":18,"column":10},"end":{"line":20,"column":null}},"type":"if","locations":[{"start":{"line":18,"column":10},"end":{"line":20,"column":null}},{"start":{"line":18,"column":10},"end":{"line":20,"column":null}}]},"1":{"loc":{"start":{"line":24,"column":57},"end":{"line":24,"column":58}},"type":"cond-expr","locations":[{"start":{"line":24,"column":57},"end":{"line":24,"column":58}},{"start":{"line":24,"column":61},"end":{"line":24,"column":105}}]},"2":{"loc":{"start":{"line":24,"column":99},"end":{"line":24,"column":101}},"type":"cond-expr","locations":[{"start":{"line":24,"column":99},"end":{"line":24,"column":101}},{"start":{"line":24,"column":104},"end":{"line":24,"column":105}}]},"3":{"loc":{"start":{"line":32,"column":4},"end":{"line":41,"column":null}},"type":"if","locations":[{"start":{"line":32,"column":4},"end":{"line":41,"column":null}},{"start":{"line":32,"column":4},"end":{"line":41,"column":null}}]},"4":{"loc":{"start":{"line":37,"column":8},"end":{"line":39,"column":null}},"type":"if","locations":[{"start":{"line":37,"column":8},"end":{"line":39,"column":null}},{"start":{"line":37,"column":8},"end":{"line":39,"column":null}}]},"5":{"loc":{"start":{"line":57,"column":12},"end":{"line":59,"column":null}},"type":"if","locations":[{"start":{"line":57,"column":12},"end":{"line":59,"column":null}},{"start":{"line":57,"column":12},"end":{"line":59,"column":null}}]}},"s":{"0":3,"1":3,"2":3,"3":3,"4":3,"5":6,"6":2,"7":1,"8":1,"9":1,"10":1,"11":1,"12":1,"13":0,"14":1,"15":1,"16":1,"17":1,"18":0,"19":1,"20":1,"21":1,"22":1,"23":1,"24":1,"25":1,"26":1,"27":1,"28":1,"29":1,"30":1,"31":3,"32":3},"f":{"0":6,"1":2,"2":1,"3":0,"4":1,"5":1,"6":1},"b":{"0":[1,0],"1":[0,0],"2":[0,0],"3":[1,0],"4":[1,0],"5":[1,0]}}
,"C:\\Users\\dilipr\\JHipster\\exampleSearch\\src\\main\\webapp\\app\\admin\\docs\\docs.component.html": {"path":"C:\\Users\\dilipr\\JHipster\\exampleSearch\\src\\main\\webapp\\app\\admin\\docs\\docs.component.html","statementMap":{"0":{"start":{"line":1,"column":0},"end":{"line":1,"column":166}}},"fnMap":{},"branchMap":{},"s":{"0":1},"f":{},"b":{},"_coverageSchema":"43e27e138ebf9cfc5966b082cf9a028302ed4184","hash":"50ced4d01e0e46f0f435c85ca587c0ee82070b8f"}
,"C:\\Users\\dilipr\\JHipster\\exampleSearch\\src\\main\\webapp\\app\\admin\\docs\\docs.component.ts": {"path":"C:\\Users\\dilipr\\JHipster\\exampleSearch\\src\\main\\webapp\\app\\admin\\docs\\docs.component.ts","statementMap":{"0":{"start":{"line":1,"column":0},"end":{"line":1,"column":42}},"1":{"start":{"line":7,"column":0},"end":{"line":9,"column":null}},"2":{"start":{"line":7,"column":13},"end":{"line":9,"column":null}},"3":{"start":{"line":7,"column":13},"end":{"line":7,"column":29}}},"fnMap":{"0":{"name":"(anonymous_0)","decl":{"start":{"line":8,"column":2},"end":{"line":8,"column":17}},"loc":{"start":{"line":8,"column":2},"end":{"line":8,"column":18}}}},"branchMap":{},"s":{"0":1,"1":1,"2":1,"3":1},"f":{"0":0},"b":{}}
,"C:\\Users\\dilipr\\JHipster\\exampleSearch\\src\\main\\webapp\\app\\admin\\docs\\docs.route.ts": {"path":"C:\\Users\\dilipr\\JHipster\\exampleSearch\\src\\main\\webapp\\app\\admin\\docs\\docs.route.ts","statementMap":{"0":{"start":{"line":3,"column":0},"end":{"line":3,"column":52}},"1":{"start":{"line":5,"column":13},"end":{"line":11,"column":2}}},"fnMap":{},"branchMap":{},"s":{"0":1,"1":1},"f":{},"b":{}}
,"C:\\Users\\dilipr\\JHipster\\exampleSearch\\src\\main\\webapp\\app\\admin\\health\\health-modal.component.html": {"path":"C:\\Users\\dilipr\\JHipster\\exampleSearch\\src\\main\\webapp\\app\\admin\\health\\health-modal.component.html","statementMap":{"0":{"start":{"line":1,"column":0},"end":{"line":1,"column":1535}}},"fnMap":{},"branchMap":{},"s":{"0":2},"f":{},"b":{},"_coverageSchema":"43e27e138ebf9cfc5966b082cf9a028302ed4184","hash":"59be9edfa664eab32b7c3099466de0637995bd16"}
,"C:\\Users\\dilipr\\JHipster\\exampleSearch\\src\\main\\webapp\\app\\admin\\health\\health-modal.component.ts": {"path":"C:\\Users\\dilipr\\JHipster\\exampleSearch\\src\\main\\webapp\\app\\admin\\health\\health-modal.component.ts","statementMap":{"0":{"start":{"line":1,"column":0},"end":{"line":1,"column":42}},"1":{"start":{"line":2,"column":0},"end":{"line":2,"column":60}},"2":{"start":{"line":4,"column":0},"end":{"line":4,"column":52}},"3":{"start":{"line":10,"column":0},"end":{"line":41,"column":null}},"4":{"start":{"line":13,"column":22},"end":{"line":13,"column":37}},"5":{"start":{"line":13,"column":62},"end":{"line":13,"column":75}},"6":{"start":{"line":16,"column":4},"end":{"line":16,"column":48}},"7":{"start":{"line":20,"column":4},"end":{"line":20,"column":53}},"8":{"start":{"line":24,"column":4},"end":{"line":33,"column":null}},"9":{"start":{"line":26,"column":18},"end":{"line":26,"column":36}},"10":{"start":{"line":27,"column":6},"end":{"line":32,"column":null}},"11":{"start":{"line":29,"column":8},"end":{"line":29,"column":38}},"12":{"start":{"line":31,"column":8},"end":{"line":31,"column":52}},"13":{"start":{"line":35,"column":4},"end":{"line":39,"column":null}},"14":{"start":{"line":36,"column":6},"end":{"line":36,"column":35}},"15":{"start":{"line":38,"column":6},"end":{"line":38,"column":30}},"16":{"start":{"line":10,"column":13},"end":{"line":41,"column":null}},"17":{"start":{"line":10,"column":13},"end":{"line":10,"column":36}}},"fnMap":{"0":{"name":"(anonymous_0)","decl":{"start":{"line":13,"column":2},"end":{"line":13,"column":22}},"loc":{"start":{"line":13,"column":89},"end":{"line":13,"column":93}}},"1":{"name":"(anonymous_1)","decl":{"start":{"line":15,"column":2},"end":{"line":15,"column":10}},"loc":{"start":{"line":15,"column":15},"end":{"line":17,"column":3}}},"2":{"name":"(anonymous_2)","decl":{"start":{"line":19,"column":2},"end":{"line":19,"column":15}},"loc":{"start":{"line":19,"column":20},"end":{"line":21,"column":3}}},"3":{"name":"(anonymous_3)","decl":{"start":{"line":23,"column":2},"end":{"line":23,"column":15}},"loc":{"start":{"line":23,"column":29},"end":{"line":40,"column":3}}}},"branchMap":{"0":{"loc":{"start":{"line":24,"column":4},"end":{"line":33,"column":null}},"type":"if","locations":[{"start":{"line":24,"column":4},"end":{"line":33,"column":null}},{"start":{"line":24,"column":4},"end":{"line":33,"column":null}}]},"1":{"loc":{"start":{"line":27,"column":6},"end":{"line":32,"column":null}},"type":"if","locations":[{"start":{"line":27,"column":6},"end":{"line":32,"column":null}},{"start":{"line":27,"column":6},"end":{"line":32,"column":null}}]},"2":{"loc":{"start":{"line":35,"column":4},"end":{"line":39,"column":null}},"type":"if","locations":[{"start":{"line":35,"column":4},"end":{"line":39,"column":null}},{"start":{"line":35,"column":4},"end":{"line":39,"column":null}}]}},"s":{"0":2,"1":2,"2":2,"3":2,"4":0,"5":0,"6":0,"7":0,"8":0,"9":0,"10":0,"11":0,"12":0,"13":0,"14":0,"15":0,"16":2,"17":2},"f":{"0":0,"1":0,"2":0,"3":0},"b":{"0":[0,0],"1":[0,0],"2":[0,0]}}
,"C:\\Users\\dilipr\\JHipster\\exampleSearch\\src\\main\\webapp\\app\\admin\\health\\health.component.html": {"path":"C:\\Users\\dilipr\\JHipster\\exampleSearch\\src\\main\\webapp\\app\\admin\\health\\health.component.html","statementMap":{"0":{"start":{"line":1,"column":0},"end":{"line":1,"column":1454}}},"fnMap":{},"branchMap":{},"s":{"0":2},"f":{},"b":{},"_coverageSchema":"43e27e138ebf9cfc5966b082cf9a028302ed4184","hash":"1dfc94851d50da265863668ffcd35b72ed70a486"}
,"C:\\Users\\dilipr\\JHipster\\exampleSearch\\src\\main\\webapp\\app\\admin\\health\\health.component.ts": {"path":"C:\\Users\\dilipr\\JHipster\\exampleSearch\\src\\main\\webapp\\app\\admin\\health\\health.component.ts","statementMap":{"0":{"start":{"line":1,"column":0},"end":{"line":1,"column":50}},"1":{"start":{"line":2,"column":0},"end":{"line":2,"column":54}},"2":{"start":{"line":4,"column":0},"end":{"line":4,"column":52}},"3":{"start":{"line":5,"column":0},"end":{"line":5,"column":67}},"4":{"start":{"line":11,"column":0},"end":{"line":66,"column":null}},"5":{"start":{"line":15,"column":22},"end":{"line":15,"column":36}},"6":{"start":{"line":15,"column":54},"end":{"line":15,"column":69}},"7":{"start":{"line":18,"column":4},"end":{"line":18,"column":19}},"8":{"start":{"line":22,"column":4},"end":{"line":22,"column":48}},"9":{"start":{"line":26,"column":4},"end":{"line":30,"column":null}},"10":{"start":{"line":27,"column":6},"end":{"line":27,"column":29}},"11":{"start":{"line":29,"column":6},"end":{"line":29,"column":28}},"12":{"start":{"line":34,"column":4},"end":{"line":34,"column":31}},"13":{"start":{"line":36,"column":4},"end":{"line":47,"column":6}},"14":{"start":{"line":38,"column":8},"end":{"line":38,"column":73}},"15":{"start":{"line":39,"column":8},"end":{"line":39,"column":36}},"16":{"start":{"line":42,"column":8},"end":{"line":45,"column":null}},"17":{"start":{"line":43,"column":10},"end":{"line":43,"column":80}},"18":{"start":{"line":44,"column":10},"end":{"line":44,"column":38}},"19":{"start":{"line":51,"column":21},"end":{"line":51,"column":68}},"20":{"start":{"line":52,"column":4},"end":{"line":52,"column":54}},"21":{"start":{"line":53,"column":4},"end":{"line":60,"column":6}},"22":{"start":{"line":64,"column":4},"end":{"line":64,"column":53}},"23":{"start":{"line":11,"column":13},"end":{"line":66,"column":null}},"24":{"start":{"line":11,"column":13},"end":{"line":11,"column":36}}},"fnMap":{"0":{"name":"(anonymous_0)","decl":{"start":{"line":15,"column":2},"end":{"line":15,"column":22}},"loc":{"start":{"line":15,"column":85},"end":{"line":15,"column":89}}},"1":{"name":"(anonymous_1)","decl":{"start":{"line":17,"column":2},"end":{"line":17,"column":10}},"loc":{"start":{"line":17,"column":10},"end":{"line":19,"column":3}}},"2":{"name":"(anonymous_2)","decl":{"start":{"line":21,"column":2},"end":{"line":21,"column":10}},"loc":{"start":{"line":21,"column":23},"end":{"line":23,"column":3}}},"3":{"name":"(anonymous_3)","decl":{"start":{"line":25,"column":2},"end":{"line":25,"column":15}},"loc":{"start":{"line":25,"column":27},"end":{"line":31,"column":3}}},"4":{"name":"(anonymous_4)","decl":{"start":{"line":33,"column":2},"end":{"line":33,"column":9}},"loc":{"start":{"line":33,"column":9},"end":{"line":48,"column":3}}},"5":{"name":"(anonymous_5)","decl":{"start":{"line":37,"column":6},"end":{"line":37,"column":12}},"loc":{"start":{"line":37,"column":15},"end":{"line":40,"column":7}}},"6":{"name":"(anonymous_6)","decl":{"start":{"line":41,"column":6},"end":{"line":41,"column":11}},"loc":{"start":{"line":41,"column":14},"end":{"line":46,"column":7}}},"7":{"name":"(anonymous_7)","decl":{"start":{"line":50,"column":2},"end":{"line":50,"column":12}},"loc":{"start":{"line":50,"column":24},"end":{"line":61,"column":3}}},"8":{"name":"(anonymous_8)","decl":{"start":{"line":54,"column":6},"end":{"line":54,"column":12}},"loc":{"start":{"line":54,"column":15},"end":{"line":56,"column":7}}},"9":{"name":"(anonymous_9)","decl":{"start":{"line":57,"column":6},"end":{"line":57,"column":12}},"loc":{"start":{"line":57,"column":15},"end":{"line":59,"column":7}}},"10":{"name":"(anonymous_10)","decl":{"start":{"
[...]
,"C:\\Users\\dilipr\\JHipster\\exampleSearch\\src\\main\\webapp\\app\\shared\\alert\\alert.component.ts": {"path":"C:\\Users\\dilipr\\JHipster\\exampleSearch\\src\\main\\webapp\\app\\shared\\alert\\alert.component.ts","statementMap":{"0":{"start":{"line":1,"column":0},"end":{"line":1,"column":61}},"1":{"start":{"line":2,"column":0},"end":{"line":2,"column":46}},"2":{"start":{"line":16,"column":0},"end":{"line":35,"column":null}},"3":{"start":{"line":19,"column":22},"end":{"line":19,"column":36}},"4":{"start":{"line":22,"column":4},"end":{"line":22,"column":42}},"5":{"start":{"line":26,"column":4},"end":{"line":29,"column":6}},"6":{"start":{"line":33,"column":4},"end":{"line":33,"column":21}},"7":{"start":{"line":16,"column":13},"end":{"line":35,"column":null}},"8":{"start":{"line":16,"column":13},"end":{"line":16,"column":30}}},"fnMap":{"0":{"name":"(anonymous_0)","decl":{"start":{"line":19,"column":2},"end":{"line":19,"column":22}},"loc":{"start":{"line":19,"column":51},"end":{"line":19,"column":55}}},"1":{"name":"(anonymous_1)","decl":{"start":{"line":21,"column":2},"end":{"line":21,"column":10}},"loc":{"start":{"line":21,"column":10},"end":{"line":23,"column":3}}},"2":{"name":"(anonymous_2)","decl":{"start":{"line":25,"column":2},"end":{"line":25,"column":12}},"loc":{"start":{"line":25,"column":18},"end":{"line":30,"column":3}}},"3":{"name":"(anonymous_3)","decl":{"start":{"line":32,"column":2},"end":{"line":32,"column":13}},"loc":{"start":{"line":32,"column":13},"end":{"line":34,"column":3}}}},"branchMap":{},"s":{"0":14,"1":14,"2":14,"3":0,"4":0,"5":0,"6":0,"7":14,"8":14},"f":{"0":0,"1":0,"2":0,"3":0},"b":{}}
,"C:\\Users\\dilipr\\JHipster\\exampleSearch\\src\\main\\webapp\\app\\shared\\auth\\has-any-authority.directive.ts": {"path":"C:\\Users\\dilipr\\JHipster\\exampleSearch\\src\\main\\webapp\\app\\shared\\auth\\has-any-authority.directive.ts","statementMap":{"0":{"start":{"line":1,"column":0},"end":{"line":1,"column":80}},"1":{"start":{"line":2,"column":0},"end":{"line":2,"column":63}},"2":{"start":{"line":18,"column":0},"end":{"line":38,"column":null}},"3":{"start":{"line":21,"column":22},"end":{"line":21,"column":38}},"4":{"start":{"line":21,"column":62},"end":{"line":21,"column":75}},"5":{"start":{"line":21,"column":101},"end":{"line":21,"column":119}},"6":{"start":{"line":25,"column":4},"end":{"line":25,"column":67}},"7":{"start":{"line":26,"column":4},"end":{"line":26,"column":22}},"8":{"start":{"line":28,"column":4},"end":{"line":28,"column":90}},"9":{"start":{"line":28,"column":71},"end":{"line":28,"column":88}},"10":{"start":{"line":32,"column":28},"end":{"line":32,"column":81}},"11":{"start":{"line":33,"column":4},"end":{"line":33,"column":34}},"12":{"start":{"line":34,"column":4},"end":{"line":36,"column":null}},"13":{"start":{"line":35,"column":6},"end":{"line":35,"column":65}},"14":{"start":{"line":24,"column":2},"end":{"line":29,"column":null}},"15":{"start":{"line":18,"column":13},"end":{"line":38,"column":null}},"16":{"start":{"line":18,"column":13},"end":{"line":18,"column":37}}},"fnMap":{"0":{"name":"(anonymous_0)","decl":{"start":{"line":21,"column":2},"end":{"line":21,"column":22}},"loc":{"start":{"line":21,"column":135},"end":{"line":21,"column":139}}},"1":{"name":"(anonymous_1)","decl":{"start":{"line":24,"column":2},"end":{"line":24,"column":6}},"loc":{"start":{"line":24,"column":49},"end":{"line":29,"column":3}}},"2":{"name":"(anonymous_2)","decl":{"start":{"line":28,"column":59},"end":{"line":28,"column":67}},"loc":{"start":{"line":28,"column":71},"end":{"line":28,"column":88}}},"3":{"name":"(anonymous_3)","decl":{"start":{"line":31,"column":10},"end":{"line":31,"column":20}},"loc":{"start":{"line":31,"column":20},"end":{"line":37,"column":3}}}},"branchMap":{"0":{"loc":{"start":{"line":25,"column":51},"end":{"line":25,"column":58}},"type":"cond-expr","locations":[{"start":{"line":25,"column":51},"end":{"line":25,"column":58}},{"start":{"line":25,"column":61},"end":{"line":25,"column":66}}]},"1":{"loc":{"start":{"line":34,"column":4},"end":{"line":36,"column":null}},"type":"if","locations":[{"start":{"line":34,"column":4},"end":{"line":36,"column":null}},{"start":{"line":34,"column":4},"end":{"line":36,"column":null}}]}},"s":{"0":14,"1":14,"2":14,"3":0,"4":0,"5":0,"6":0,"7":0,"8":0,"9":0,"10":0,"11":0,"12":0,"13":0,"14":14,"15":14,"16":14},"f":{"0":0,"1":0,"2":0,"3":0},"b":{"0":[0,0],"1":[0,0]}}
,"C:\\Users\\dilipr\\JHipster\\exampleSearch\\src\\main\\webapp\\app\\shared\\constants\\error.constants.ts": {"path":"C:\\Users\\dilipr\\JHipster\\exampleSearch\\src\\main\\webapp\\app\\shared\\constants\\error.constants.ts","statementMap":{"0":{"start":{"line":1,"column":13},"end":{"line":1,"column":68}},"1":{"start":{"line":2,"column":13},"end":{"line":2,"column":80}},"2":{"start":{"line":3,"column":13},"end":{"line":3,"column":80}},"3":{"start":{"line":4,"column":13},"end":{"line":4,"column":74}}},"fnMap":{},"branchMap":{},"s":{"0":14,"1":14,"2":14,"3":14},"f":{},"b":{}}
,"C:\\Users\\dilipr\\JHipster\\exampleSearch\\src\\main\\webapp\\app\\shared\\constants\\input.constants.ts": {"path":"C:\\Users\\dilipr\\JHipster\\exampleSearch\\src\\main\\webapp\\app\\shared\\constants\\input.constants.ts","statementMap":{"0":{"start":{"line":1,"column":13},"end":{"line":1,"column":40}},"1":{"start":{"line":2,"column":13},"end":{"line":2,"column":51}}},"fnMap":{},"branchMap":{},"s":{"0":14,"1":14},"f":{},"b":{}}
,"C:\\Users\\dilipr\\JHipster\\exampleSearch\\src\\main\\webapp\\app\\shared\\constants\\pagination.constants.ts": {"path":"C:\\Users\\dilipr\\JHipster\\exampleSearch\\src\\main\\webapp\\app\\shared\\constants\\pagination.constants.ts","statementMap":{"0":{"start":{"line":1,"column":13},"end":{"line":1,"column":32}}},"fnMap":{},"branchMap":{},"s":{"0":14},"f":{},"b":{}}
,"C:\\Users\\dilipr\\JHipster\\exampleSearch\\src\\main\\webapp\\app\\shared\\login\\login.component.html": {"path":"C:\\Users\\dilipr\\JHipster\\exampleSearch\\src\\main\\webapp\\app\\shared\\login\\login.component.html","statementMap":{"0":{"start":{"line":1,"column":0},"end":{"line":1,"column":2327}}},"fnMap":{},"branchMap":{},"s":{"0":31},"f":{},"b":{},"_coverageSchema":"43e27e138ebf9cfc5966b082cf9a028302ed4184","hash":"041406dc89c3d28794bbdd7011ce3d1343eaa070"}
,"C:\\Users\\dilipr\\JHipster\\exampleSearch\\src\\main\\webapp\\app\\shared\\login\\login.component.ts": {"path":"C:\\Users\\dilipr\\JHipster\\exampleSearch\\src\\main\\webapp\\app\\shared\\login\\login.component.ts","statementMap":{"0":{"start":{"line":1,"column":0},"end":{"line":1,"column":79}},"1":{"start":{"line":2,"column":0},"end":{"line":2,"column":68}},"2":{"start":{"line":3,"column":0},"end":{"line":3,"column":60}},"3":{"start":{"line":4,"column":0},"end":{"line":4,"column":41}},"4":{"start":{"line":5,"column":0},"end":{"line":5,"column":46}},"5":{"start":{"line":7,"column":0},"end":{"line":7,"column":60}},"6":{"start":{"line":8,"column":0},"end":{"line":8,"column":74}},"7":{"start":{"line":14,"column":0},"end":{"line":88,"column":null}},"8":{"start":{"line":24,"column":12},"end":{"line":24,"column":26}},"9":{"start":{"line":25,"column":12},"end":{"line":25,"column":26}},"10":{"start":{"line":26,"column":12},"end":{"line":26,"column":33}},"11":{"start":{"line":27,"column":12},"end":{"line":27,"column":24}},"12":{"start":{"line":28,"column":12},"end":{"line":28,"column":22}},"13":{"start":{"line":29,"column":12},"end":{"line":29,"column":20}},"14":{"start":{"line":30,"column":11},"end":{"line":30,"column":24}},"15":{"start":{"line":31,"column":12},"end":{"line":31,"column":16}},"16":{"start":{"line":17,"column":2},"end":{"line":21,"column":5}},"17":{"start":{"line":35,"column":4},"end":{"line":35,"column":130}},"18":{"start":{"line":35,"column":21},"end":{"line":35,"column":125}},"19":{"start":{"line":39,"column":4},"end":{"line":39,"column":37}},"20":{"start":{"line":40,"column":4},"end":{"line":43,"column":7}},"21":{"start":{"line":44,"column":4},"end":{"line":44,"column":39}},"22":{"start":{"line":48,"column":4},"end":{"line":76,"column":9}},"23":{"start":{"line":55,"column":8},"end":{"line":55,"column":41}},"24":{"start":{"line":56,"column":8},"end":{"line":56,"column":50}},"25":{"start":{"line":57,"column":8},"end":{"line":59,"column":null}},"26":{"start":{"line":58,"column":10},"end":{"line":58,"column":37}},"27":{"start":{"line":61,"column":8},"end":{"line":64,"column":11}},"28":{"start":{"line":68,"column":25},"end":{"line":68,"column":58}},"29":{"start":{"line":69,"column":8},"end":{"line":72,"column":null}},"30":{"start":{"line":70,"column":10},"end":{"line":70,"column":50}},"31":{"start":{"line":71,"column":10},"end":{"line":71,"column":46}},"32":{"start":{"line":75,"column":8},"end":{"line":75,"column":40}},"33":{"start":{"line":80,"column":4},"end":{"line":80,"column":50}},"34":{"start":{"line":81,"column":4},"end":{"line":81,"column":40}},"35":{"start":{"line":85,"column":4},"end":{"line":85,"column":54}},"36":{"start":{"line":86,"column":4},"end":{"line":86,"column":48}},"37":{"start":{"line":14,"column":13},"end":{"line":88,"column":null}},"38":{"start":{"line":14,"column":13},"end":{"line":14,"column":35}}},"fnMap":{"0":{"name":"(anonymous_0)","decl":{"start":{"line":23,"column":2},"end":{"line":23,"column":null}},"loc":{"start":{"line":31,"column":27},"end":{"line":32,"column":6}}},"1":{"name":"(anonymous_1)","decl":{"start":{"line":34,"column":2},"end":{"line":34,"column":17}},"loc":{"start":{"line":34,"column":17},"end":{"line":36,"column":3}}},"2":{"name":"(anonymous_2)","decl":{"start":{"line":35,"column":15},"end":{"line":35,"column":18}},"loc":{"start":{"line":35,"column":21},"end":{"line":35,"column":125}}},"3":{"name":"(anonymous_3)","decl":{"start":{"line":38,"column":2},"end":{"line":38,"column":8}},"loc":{"start":{"line":38,"column":8},"end":{"line":45,"column":3}}},"4":{"name":"(anonymous_4)","decl":{"start":{"line":47,"column":2},"end":{"line":47,"column":7}},"loc":{"start":{"line":47,"column":7},"end":{"line":77,"column":3}}},"5":{"name":"(anonymous_5)","decl":{"start":{"line":54,"column":12},"end":{"line":54,"column":15}},"loc":{"start":{"line":54,"column":17},"end":{"line":73,"column":7}}},"6":{"name":"(anonymous_6)","decl":{"start":{"line":74,"column":13},"end":{"line":74,"column":16}},"loc":{"start":{"line":74,"column":18},"end":{"line":76,"column":7}}},"7":{"name":"(anonymous_7)","decl":{"start":{"line":79,"column":2},"end":{"line":79,"column":10}},"loc":{"start":{"line":79,"column":10},"end":{"line":82,"column":3}}},"8":{"name":"(anonymous_8)","decl":{"start":{"line":84,"column":2},"end":{"line":84,"column":22}},"loc":{"start":{"line":84,"column":22},"end":{"line":87,"column":3}}}},"branchMap":{"0":{"loc":{"start":{"line":57,"column":8},"end":{"line":59,"column":null}},"type":"if","locations":[{"start":{"line":57,"column":8},"end":{"line":59,"column":null}},{"start":{"line":57,"column":8},"end":{"line":59,"column":null}}]},"1":{"loc":{"start":{"line":57,"column":12},"end":{"line":57,"column":43}},"type":"binary-expr","locations":[{"start":{"line":57,"column":12},"end":{"line":57,"column":43}},{"start":{"line":57,"column":47},"end":{"line":57,"column":84}},{"start":{"line":57,"column":88},"end":{"line":57,"column":122}}]},"2":{"loc":{"start":{"line":69,"column":8},"end":{"line":72,"column":null}},"type":"if","locations":[{"start":{"line":69,"column":8},"end":{"line":72,"column":null}},{"start":{"line":69,"column":8},"end":{"line":72,"column":null}}]}},"s":{"0":31,"1":31,"2":31,"3":31,"4":31,"5":31,"6":31,"7":31,"8":5,"9":5,"10":5,"11":5,"12":5,"13":5,"14":5,"15":5,"16":5,"17":0,"18":0,"19":1,"20":1,"21":1,"22":2,"23":2,"24":2,"25":2,"26":0,"27":2,"28":2,"29":2,"30":1,"31":1,"32":0,"33":1,"34":1,"35":1,"36":1,"37":31,"38":31},"f":{"0":5,"1":0,"2":0,"3":1,"4":2,"5":2,"6":0,"7":1,"8":1},"b":{"0":[0,2],"1":[2,2,2],"2":[1,1]}}
,"C:\\Users\\dilipr\\JHipster\\exampleSearch\\src\\main\\webapp\\app\\shared\\model\\phone.model.ts": {"path":"C:\\Users\\dilipr\\JHipster\\exampleSearch\\src\\main\\webapp\\app\\shared\\model\\phone.model.ts","statementMap":{"0":{"start":{"line":10,"column":21},"end":{"line":10,"column":32}},"1":{"start":{"line":10,"column":41},"end":{"line":10,"column":55}},"2":{"start":{"line":10,"column":64},"end":{"line":10,"column":80}},"3":{"start":{"line":10,"column":89},"end":{"line":10,"column":103}},"4":{"start":{"line":10,"column":112},"end":{"line":10,"column":127}},"5":{"start":{"line":9,"column":0},"end":{"line":9,"column":13}}},"fnMap":{"0":{"name":"(anonymous_0)","decl":{"start":{"line":10,"column":2},"end":{"line":10,"column":21}},"loc":{"start":{"line":10,"column":127},"end":{"line":10,"column":131}}}},"branchMap":{},"s":{"0":14,"1":14,"2":14,"3":14,"4":14,"5":4},"f":{"0":14},"b":{}}
,"C:\\Users\\dilipr\\JHipster\\exampleSearch\\src\\main\\webapp\\app\\shared\\model\\speaker.model.ts": {"path":"C:\\Users\\dilipr\\JHipster\\exampleSearch\\src\\main\\webapp\\app\\shared\\model\\speaker.model.ts","statementMap":{"0":{"start":{"line":9,"column":21},"end":{"line":9,"column":32}},"1":{"start":{"line":9,"column":41},"end":{"line":9,"column":57}},"2":{"start":{"line":9,"column":66},"end":{"line":9,"column":80}},"3":{"start":{"line":9,"column":89},"end":{"line":9,"column":108}},"4":{"start":{"line":8,"column":0},"end":{"line":8,"column":13}}},"fnMap":{"0":{"name":"(anonymous_0)","decl":{"start":{"line":9,"column":2},"end":{"line":9,"column":21}},"loc":{"start":{"line":9,"column":108},"end":{"line":9,"column":112}}}},"branchMap":{},"s":{"0":14,"1":14,"2":14,"3":14,"4":4},"f":{"0":14},"b":{}}
,"C:\\Users\\dilipr\\JHipster\\exampleSearch\\src\\main\\webapp\\app\\shared\\util\\datepicker-adapter.ts": {"path":"C:\\Users\\dilipr\\JHipster\\exampleSearch\\src\\main\\webapp\\app\\shared\\util\\datepicker-adapter.ts","statementMap":{"0":{"start":{"line":4,"column":0},"end":{"line":4,"column":43}},"1":{"start":{"line":5,"column":0},"end":{"line":5,"column":75}},"2":{"start":{"line":7,"column":0},"end":{"line":7,"column":33}},"3":{"start":{"line":10,"column":0},"end":{"line":21,"column":null}},"4":{"start":{"line":12,"column":4},"end":{"line":14,"column":null}},"5":{"start":{"line":13,"column":6},"end":{"line":13,"column":78}},"6":{"start":{"line":15,"column":4},"end":{"line":15,"column":16}},"7":{"start":{"line":19,"column":4},"end":{"line":19,"column":93}},"8":{"start":{"line":10,"column":13},"end":{"line":21,"column":null}},"9":{"start":{"line":10,"column":13},"end":{"line":10,"column":33}}},"fnMap":{"0":{"name":"(anonymous_0)","decl":{"start":{"line":11,"column":2},"end":{"line":11,"column":11}},"loc":{"start":{"line":11,"column":24},"end":{"line":16,"column":3}}},"1":{"name":"(anonymous_1)","decl":{"start":{"line":18,"column":2},"end":{"line":18,"column":9}},"loc":{"start":{"line":18,"column":29},"end":{"line":20,"column":3}}}},"branchMap":{"0":{"loc":{"start":{"line":12,"column":4},"end":{"line":14,"column":null}},"type":"if","locations":[{"start":{"line":12,"column":4},"end":{"line":14,"column":null}},{"start":{"line":12,"column":4},"end":{"line":14,"column":null}}]},"1":{"loc":{"start":{"line":12,"column":8},"end":{"line":12,"column":20}},"type":"binary-expr","locations":[{"start":{"line":12,"column":8},"end":{"line":12,"column":20}},{"start":{"line":12,"column":24},"end":{"line":12,"column":45}},{"start":{"line":12,"column":49},"end":{"line":12,"column":63}}]},"2":{"loc":{"start":{"line":19,"column":18},"end":{"line":19,"column":85}},"type":"cond-expr","locations":[{"start":{"line":19,"column":18},"end":{"line":19,"column":85}},{"start":{"line":19,"column":88},"end":{"line":19,"column":92}}]}},"s":{"0":31,"1":31,"2":31,"3":31,"4":0,"5":0,"6":0,"7":0,"8":31,"9":31},"f":{"0":0,"1":0},"b":{"0":[0,0],"1":[0,0,0],"2":[0,0]}}
,"C:\\Users\\dilipr\\JHipster\\exampleSearch\\src\\main\\webapp\\app\\shared\\util\\request-util.ts": {"path":"C:\\Users\\dilipr\\JHipster\\exampleSearch\\src\\main\\webapp\\app\\shared\\util\\request-util.ts","statementMap":{"0":{"start":{"line":1,"column":0},"end":{"line":1,"column":50}},"1":{"start":{"line":3,"column":13},"end":{"line":18,"column":2}},"2":{"start":{"line":4,"column":28},"end":{"line":4,"column":44}},"3":{"start":{"line":5,"column":2},"end":{"line":16,"column":null}},"4":{"start":{"line":6,"column":4},"end":{"line":10,"column":7}},"5":{"start":{"line":7,"column":6},"end":{"line":9,"column":null}},"6":{"start":{"line":8,"column":8},"end":{"line":8,"column":45}},"7":{"start":{"line":11,"column":4},"end":{"line":15,"column":null}},"8":{"start":{"line":12,"column":6},"end":{"line":14,"column":9}},"9":{"start":{"line":13,"column":8},"end":{"line":13,"column":46}},"10":{"start":{"line":17,"column":2},"end":{"line":17,"column":17}}},"fnMap":{"0":{"name":"(anonymous_0)","decl":{"start":{"line":3,"column":35},"end":{"line":3,"column":36}},"loc":{"start":{"line":3,"column":61},"end":{"line":18,"column":1}}},"1":{"name":"(anonymous_1)","decl":{"start":{"line":6,"column":29},"end":{"line":6,"column":32}},"loc":{"start":{"line":6,"column":35},"end":{"line":10,"column":5}}},"2":{"name":"(anonymous_2)","decl":{"start":{"line":12,"column":23},"end":{"line":12,"column":26}},"loc":{"start":{"line":12,"column":29},"end":{"line":14,"column":7}}}},"branchMap":{"0":{"loc":{"start":{"line":5,"column":2},"end":{"line":16,"column":null}},"type":"if","locations":[{"start":{"line":5,"column":2},"end":{"line":16,"column":null}},{"start":{"line":5,"column":2},"end":{"line":16,"column":null}}]},"1":{"loc":{"start":{"line":7,"column":6},"end":{"line":9,"column":null}},"type":"if","locations":[{"start":{"line":7,"column":6},"end":{"line":9,"column":null}},{"start":{"line":7,"column":6},"end":{"line":9,"column":null}}]},"2":{"loc":{"start":{"line":11,"column":4},"end":{"line":15,"column":null}},"type":"if","locations":[{"start":{"line":11,"column":4},"end":{"line":15,"column":null}},{"start":{"line":11,"column":4},"end":{"line":15,"column":null}}]}},"s":{"0":31,"1":31,"2":6,"3":6,"4":6,"5":14,"6":13,"7":6,"8":1,"9":1,"10":6},"f":{"0":6,"1":14,"2":1},"b":{"0":[6,0],"1":[13,1],"2":[1,5]}}
}
