TN:
SF:C:\Users\dilipr\JHipster\exampleSearch\src\main\webapp\app\app.constants.ts
FNF:0
FNH:0
DA:5,34
DA:6,34
DA:7,34
DA:8,34
LF:4
LH:4
BRF:0
BRH:0
end_of_record
TN:
SF:C:\Users\dilipr\JHipster\exampleSearch\src\main\webapp\app\account\activate\activate.component.html
FNF:0
FNH:0
DA:1,1
LF:1
LH:1
BRF:0
BRH:0
end_of_record
TN:
SF:C:\Users\dilipr\JHipster\exampleSearch\src\main\webapp\app\account\activate\activate.component.ts
FN:17,(anonymous_0)
FN:19,(anonymous_1)
FN:20,(anonymous_2)
FN:22,(anonymous_3)
FN:26,(anonymous_4)
FN:34,(anonymous_5)
FNF:6
FNH:5
FNDA:3,(anonymous_0)
FNDA:3,(anonymous_1)
FNDA:3,(anonymous_2)
FNDA:1,(anonymous_3)
FNDA:1,(anonymous_4)
FNDA:0,(anonymous_5)
DA:1,1
DA:3,1
DA:5,1
DA:6,1
DA:12,1
DA:17,3
DA:20,3
DA:21,3
DA:23,1
DA:24,1
DA:27,1
DA:28,1
DA:35,0
LF:13
LH:12
BRF:0
BRH:0
end_of_record
TN:
SF:C:\Users\dilipr\JHipster\exampleSearch\src\main\webapp\app\account\activate\activate.service.ts
FN:9,(anonymous_0)
FN:11,(anonymous_1)
FNF:2
FNH:1
FNDA:3,(anonymous_0)
FNDA:0,(anonymous_1)
DA:1,1
DA:2,1
DA:5,1
DA:8,1
DA:9,3
DA:12,0
LF:6
LH:5
BRF:0
BRH:0
end_of_record
TN:
SF:C:\Users\dilipr\JHipster\exampleSearch\src\main\webapp\app\account\password\password-strength-bar.component.ts
FN:22,(anonymous_0)
FN:24,(anonymous_1)
FN:33,(anonymous_2)
FN:51,(anonymous_3)
FN:68,(anonymous_4)
FNF:5
FNH:4
FNDA:3,(anonymous_0)
FNDA:10,(anonymous_1)
FNDA:40,(anonymous_2)
FNDA:7,(anonymous_3)
FNDA:0,(anonymous_4)
DA:1,1
DA:19,1
DA:20,3
DA:22,3
DA:25,10
DA:26,10
DA:27,10
DA:28,10
DA:29,10
DA:30,10
DA:32,10
DA:33,10
DA:34,40
DA:37,10
DA:38,10
DA:41,10
DA:44,10
DA:45,10
DA:46,10
DA:48,10
DA:52,7
DA:53,7
DA:54,3
DA:55,4
DA:56,1
DA:57,3
DA:58,1
DA:59,2
DA:60,1
DA:62,1
DA:64,7
DA:68,1
DA:69,0
DA:70,0
DA:71,0
DA:72,0
DA:73,0
DA:75,0
DA:76,0
DA:77,0
DA:78,0
DA:80,0
LF:42
LH:32
BRDA:37,0,0,1
BRDA:37,0,1,9
BRDA:41,1,0,7
BRDA:41,1,1,3
BRDA:44,2,0,2
BRDA:44,2,1,8
BRDA:45,3,0,0
BRDA:45,3,1,10
BRDA:46,4,0,2
BRDA:46,4,1,8
BRDA:53,5,0,3
BRDA:53,5,1,4
BRDA:55,6,0,1
BRDA:55,6,1,3
BRDA:57,7,0,1
BRDA:57,7,1,2
BRDA:59,8,0,1
BRDA:59,8,1,1
BRDA:69,9,0,0
BRDA:69,9,1,0
BRDA:72,10,0,0
BRDA:72,10,1,0
BRDA:77,11,0,0
BRDA:77,11,1,0
BRF:24
BRH:17
end_of_record
TN:
SF:C:\Users\dilipr\JHipster\exampleSearch\src\main\webapp\app\account\password\password.component.html
FNF:0
FNH:0
DA:1,1
LF:1
LH:1
BRF:0
BRH:0
end_of_record
TN:
SF:C:\Users\dilipr\JHipster\exampleSearch\src\main\webapp\app\account\password\password.component.ts
FN:22,(anonymous_0)
FN:24,(anonymous_1)
FN:25,(anonymous_2)
FN:30,(anonymous_3)
FN:39,(anonymous_4)
FN:43,(anonymous_5)
FNF:6
FNH:4
FNDA:4,(anonymous_0)
FNDA:0,(anonymous_1)
FNDA:0,(anonymous_2)
FNDA:4,(anonymous_3)
FNDA:2,(anonymous_4)
FNDA:1,(anonymous_5)
DA:1,1
DA:2,1
DA:4,1
DA:5,1
DA:11,1
DA:16,4
DA:22,4
DA:25,0
DA:26,0
DA:31,4
DA:32,4
DA:33,1
DA:34,1
DA:35,1
DA:37,3
DA:38,3
DA:40,2
DA:41,2
DA:44,1
DA:45,1
LF:20
LH:18
BRDA:32,0,0,1
BRDA:32,0,1,3
BRF:2
BRH:2
end_of_record
TN:
SF:C:\Users\dilipr\JHipster\exampleSearch\src\main\webapp\app\account\password\password.service.ts
FN:9,(anonymous_0)
FN:11,(anonymous_1)
FNF:2
FNH:1
FNDA:4,(anonymous_0)
FNDA:0,(anonymous_1)
DA:1,1
DA:2,1
DA:5,1
DA:8,1
DA:9,4
DA:12,0
LF:6
LH:5
BRF:0
BRH:0
end_of_record
TN:
SF:C:\Users\dilipr\JHipster\exampleSearch\src\main\webapp\app\account\password-reset\finish\password-reset-finish.component.html
FNF:0
FNH:0
DA:1,1
LF:1
LH:1
BRF:0
BRH:0
end_of_record
TN:
SF:C:\Users\dilipr\JHipster\exampleSearch\src\main\webapp\app\account\password-reset\finish\password-reset-finish.component.ts
FN:27,(anonymous_0)
FN:36,(anonymous_1)
FN:37,(anonymous_2)
FN:43,(anonymous_3)
FN:49,(anonymous_4)
FN:58,(anonymous_5)
FN:61,(anonymous_6)
FN:69,(anonymous_7)
FNF:8
FNH:7
FNDA:10,(anonymous_0)
FNDA:6,(anonymous_1)
FNDA:6,(anonymous_2)
FNDA:1,(anonymous_3)
FNDA:3,(anonymous_4)
FNDA:1,(anonymous_5)
FNDA:1,(anonymous_6)
FNDA:0,(anonymous_7)
DA:1,1
DA:2,1
DA:3,1
DA:7,1
DA:8,1
DA:14,1
DA:22,10
DA:28,10
DA:29,10
DA:30,10
DA:31,10
DA:32,10
DA:33,10
DA:37,6
DA:38,6
DA:40,6
DA:44,1
DA:45,1
DA:50,3
DA:51,3
DA:52,3
DA:53,3
DA:54,3
DA:55,1
DA:57,2
DA:59,1
DA:62,1
DA:63,1
DA:70,0
LF:29
LH:28
BRDA:44,0,0,1
BRDA:44,0,1,0
BRDA:54,1,0,1
BRDA:54,1,1,2
BRF:4
BRH:3
end_of_record
TN:
SF:C:\Users\dilipr\JHipster\exampleSearch\src\main\webapp\app\account\password-reset\finish\password-reset-finish.service.ts
FN:9,(anonymous_0)
FN:11,(anonymous_1)
FNF:2
FNH:1
FNDA:5,(anonymous_0)
FNDA:0,(anonymous_1)
DA:1,1
DA:2,1
DA:5,1
DA:8,1
DA:9,5
DA:12,0
LF:6
LH:5
BRF:0
BRH:0
end_of_record
TN:
SF:C:\Users\dilipr\JHipster\exampleSearch\src\main\webapp\app\account\password-reset\init\password-reset-init.component.html
FNF:0
FNH:0
DA:1,1
LF:1
LH:1
BRF:0
BRH:0
end_of_record
TN:
SF:C:\Users\dilipr\JHipster\exampleSearch\src\main\webapp\app\account\password-reset\init\password-reset-init.component.ts
FN:19,(anonymous_0)
FN:26,(anonymous_1)
FN:30,(anonymous_2)
FN:35,(anonymous_3)
FN:38,(anonymous_4)
FNF:5
FNH:5
FNDA:5,(anonymous_0)
FNDA:1,(anonymous_1)
FNDA:3,(anonymous_2)
FNDA:1,(anonymous_3)
FNDA:2,(anonymous_4)
DA:1,1
DA:2,1
DA:4,1
DA:5,1
DA:11,1
DA:15,5
DA:20,5
DA:21,5
DA:22,5
DA:23,5
DA:27,1
DA:31,3
DA:32,3
DA:34,3
DA:36,1
DA:39,2
DA:40,2
DA:41,1
DA:43,1
LF:19
LH:19
BRDA:40,0,0,1
BRDA:40,0,1,1
BRDA:40,1,0,2
BRDA:40,1,1,1
BRF:4
BRH:4
end_of_record
TN:
SF:C:\Users\dilipr\JHipster\exampleSearch\src\main\webapp\app\account\password-reset\init\password-reset-init.service.ts
FN:9,(anonymous_0)
FN:11,(anonymous_1)
FNF:2
FNH:1
FNDA:5,(anonymous_0)
FNDA:0,(anonymous_1)
DA:1,1
DA:2,1
DA:5,1
DA:8,1
DA:9,5
DA:12,0
LF:6
LH:5
BRF:0
BRH:0
end_of_record
TN:
SF:C:\Users\dilipr\JHipster\exampleSearch\src\main\webapp\app\account\register\register.component.html
FNF:0
FNH:0
DA:1,1
LF:1
LH:1
BRF:0
BRH:0
end_of_record
TN:
SF:C:\Users\dilipr\JHipster\exampleSearch\src\main\webapp\app\account\register\register.component.ts
FN:29,(anonymous_0)
FN:37,(anonymous_1)
FN:41,(anonymous_2)
FN:45,(anonymous_3)
FN:61,(anonymous_4)
FN:64,(anonymous_5)
FN:69,(anonymous_6)
FN:73,(anonymous_7)
FNF:8
FNH:6
FNDA:5,(anonymous_0)
FNDA:5,(anonymous_1)
FNDA:0,(anonymous_2)
FNDA:5,(anonymous_3)
FNDA:1,(anonymous_4)
FNDA:3,(anonymous_5)
FNDA:0,(anonymous_6)
FNDA:3,(anonymous_7)
DA:1,1
DA:3,1
DA:6,1
DA:7,1
DA:8,1
DA:14,1
DA:22,5
DA:30,5
DA:31,5
DA:32,5
DA:33,5
DA:34,5
DA:38,5
DA:42,0
DA:46,5
DA:47,5
DA:48,5
DA:49,5
DA:50,5
DA:51,1
DA:53,4
DA:54,4
DA:55,4
DA:56,4
DA:57,4
DA:58,4
DA:60,4
DA:62,1
DA:64,3
DA:70,0
DA:74,3
DA:75,3
DA:76,1
DA:77,2
DA:78,1
DA:80,1
LF:36
LH:34
BRDA:50,0,0,1
BRDA:50,0,1,4
BRDA:75,1,0,1
BRDA:75,1,1,2
BRDA:75,2,0,3
BRDA:75,2,1,2
BRDA:77,3,0,1
BRDA:77,3,1,1
BRDA:77,4,0,2
BRDA:77,4,1,1
BRF:10
BRH:10
end_of_record
TN:
SF:C:\Users\dilipr\JHipster\exampleSearch\src\main\webapp\app\account\register\register.service.ts
FN:9,(anonymous_0)
FN:11,(anonymous_1)
FNF:2
FNH:1
FNDA:5,(anonymous_0)
FNDA:0,(anonymous_1)
DA:1,1
DA:2,1
DA:5,1
DA:8,1
DA:9,5
DA:12,0
LF:6
LH:5
BRF:0
BRH:0
end_of_record
TN:
SF:C:\Users\dilipr\JHipster\exampleSearch\src\main\webapp\app\account\sessions\session.model.ts
FN:2,(anonymous_0)
FNF:1
FNH:1
FNDA:4,(anonymous_0)
DA:1,1
DA:2,4
LF:2
LH:2
BRF:0
BRH:0
end_of_record
TN:
SF:C:\Users\dilipr\JHipster\exampleSearch\src\main\webapp\app\account\sessions\sessions.component.html
FNF:0
FNH:0
DA:1,1
LF:1
LH:1
BRF:0
BRH:0
end_of_record
TN:
SF:C:\Users\dilipr\JHipster\exampleSearch\src\main\webapp\app\account\sessions\sessions.component.ts
FN:17,(anonymous_0)
FN:19,(anonymous_1)
FN:20,(anonymous_2)
FN:22,(anonymous_3)
FN:27,(anonymous_4)
FN:28,(anonymous_5)
FN:32,(anonymous_6)
FNF:7
FNH:7
FNDA:4,(anonymous_0)
FNDA:4,(anonymous_1)
FNDA:4,(anonymous_2)
FNDA:4,(anonymous_3)
FNDA:3,(anonymous_4)
FNDA:3,(anonymous_5)
FNDA:1,(anonymous_6)
DA:1,1
DA:3,1
DA:5,1
DA:11,1
DA:17,4
DA:20,4
DA:22,4
DA:23,4
DA:28,3
DA:29,3
DA:30,1
DA:31,1
DA:32,1
DA:34,2
DA:35,2
LF:15
LH:15
BRDA:29,0,0,1
BRDA:29,0,1,2
BRF:2
BRH:2
end_of_record
TN:
SF:C:\Users\dilipr\JHipster\exampleSearch\src\main\webapp\app\account\sessions\sessions.service.ts
FN:11,(anonymous_0)
FN:13,(anonymous_1)
FN:17,(anonymous_2)
FNF:3
FNH:1
FNDA:4,(anonymous_0)
FNDA:0,(anonymous_1)
FNDA:0,(anonymous_2)
DA:1,1
DA:2,1
DA:5,1
DA:9,1
DA:10,4
DA:11,4
DA:14,0
DA:18,0
LF:8
LH:6
BRF:0
BRH:0
end_of_record
TN:
SF:C:\Users\dilipr\JHipster\exampleSearch\src\main\webapp\app\account\settings\settings.component.html
FNF:0
FNH:0
DA:1,1
LF:1
LH:1
BRF:0
BRH:0
end_of_record
TN:
SF:C:\Users\dilipr\JHipster\exampleSearch\src\main\webapp\app\account\settings\settings.component.ts
FN:26,(anonymous_0)
FN:28,(anonymous_1)
FN:29,(anonymous_2)
FN:34,(anonymous_3)
FN:37,(anonymous_4)
FN:40,(anonymous_5)
FN:44,(anonymous_6)
FN:51,(anonymous_7)
FN:66,(anonymous_8)
FNF:9
FNH:7
FNDA:3,(anonymous_0)
FNDA:0,(anonymous_1)
FNDA:0,(anonymous_2)
FNDA:3,(anonymous_3)
FNDA:2,(anonymous_4)
FNDA:2,(anonymous_5)
FNDA:1,(anonymous_6)
FNDA:3,(anonymous_7)
FNDA:3,(anonymous_8)
DA:1,1
DA:2,1
DA:4,1
DA:11,1
DA:15,3
DA:26,3
DA:29,0
DA:30,0
DA:35,3
DA:36,3
DA:38,2
DA:39,2
DA:40,2
DA:41,2
DA:45,1
DA:46,1
DA:52,3
DA:53,3
DA:67,3
LF:19
LH:17
BRF:0
BRH:0
end_of_record
TN:
SF:C:\Users\dilipr\JHipster\exampleSearch\src\main\webapp\app\admin\admin.route.ts
FNF:0
FNH:0
DA:3,1
DA:5,1
DA:7,1
DA:9,1
LF:4
LH:4
BRF:0
BRH:0
end_of_record
TN:
SF:C:\Users\dilipr\JHipster\exampleSearch\src\main\webapp\app\admin\index.ts
FNF:0
FNH:0
DA:1,1
DA:2,1
DA:3,1
DA:4,1
DA:5,1
DA:6,1
DA:7,1
DA:8,1
DA:9,1
DA:10,1
DA:11,1
DA:12,1
DA:13,1
DA:14,1
DA:15,1
DA:16,1
DA:17,1
DA:18,1
DA:19,1
DA:20,1
DA:21,1
DA:22,1
DA:23,1
DA:24,1
DA:25,1
DA:26,1
DA:27,1
LF:27
LH:27
BRF:0
BRH:0
end_of_record
TN:
SF:C:\Users\dilipr\JHipster\exampleSearch\src\main\webapp\app\admin\audits\audit-data.model.ts
FN:2,(anonymous_0)
FNF:1
FNH:0
FNDA:0,(anonymous_0)
DA:1,1
DA:2,0
LF:2
LH:1
BRF:0
BRH:0
end_of_record
TN:
SF:C:\Users\dilipr\JHipster\exampleSearch\src\main\webapp\app\admin\audits\audit.model.ts
FN:4,(anonymous_0)
FNF:1
FNH:1
FNDA:2,(anonymous_0)
DA:3,3
DA:4,2
LF:2
LH:2
BRF:0
BRH:0
end_of_record
TN:
SF:C:\Users\dilipr\JHipster\exampleSearch\src\main\webapp\app\admin\audits\audits.component.html
FNF:0
FNH:0
DA:1,2
LF:1
LH:1
BRF:0
BRH:0
end_of_record
TN:
SF:C:\Users\dilipr\JHipster\exampleSearch\src\main\webapp\app\admin\audits\audits.component.ts
FN:28,(anonymous_0)
FN:37,(anonymous_1)
FN:45,(anonymous_2)
FN:51,(anonymous_3)
FN:55,(anonymous_4)
FN:68,(anonymous_5)
FN:77,(anonymous_6)
FN:86,(anonymous_7)
FN:86,(anonymous_8)
FN:89,(anonymous_9)
FN:97,(anonymous_10)
FN:104,(anonymous_11)
FN:114,(anonymous_12)
FN:120,(anonymous_13)
FNF:14
FNH:10
FNDA:6,(anonymous_0)
FNDA:6,(anonymous_1)
FNDA:2,(anonymous_2)
FNDA:5,(anonymous_3)
FNDA:3,(anonymous_4)
FNDA:3,(anonymous_5)
FNDA:2,(anonymous_6)
FNDA:1,(anonymous_7)
FNDA:0,(anonymous_8)
FNDA:4,(anonymous_9)
FNDA:0,(anonymous_10)
FNDA:0,(anonymous_11)
FNDA:1,(anonymous_12)
FNDA:0,(anonymous_13)
DA:1,2
DA:3,2
DA:4,2
DA:5,2
DA:7,2
DA:9,2
DA:15,2
DA:29,6
DA:30,6
DA:31,6
DA:32,6
DA:33,6
DA:34,6
DA:36,6
DA:37,6
DA:38,6
DA:39,6
DA:40,6
DA:41,6
DA:46,2
DA:47,2
DA:48,2
DA:52,5
DA:56,3
DA:57,3
DA:59,3
DA:60,0
DA:62,3
DA:65,3
DA:69,3
DA:71,3
DA:72,3
DA:73,3
DA:74,3
DA:78,2
DA:86,1
DA:90,4
DA:91,4
DA:92,1
DA:94,4
DA:98,0
DA:99,0
DA:100,0
DA:105,0
DA:111,0
DA:115,1
DA:116,1
DA:117,1
DA:121,0
LF:49
LH:42
BRDA:59,0,0,0
BRDA:59,0,1,3
BRDA:90,1,0,1
BRDA:90,1,1,3
BRDA:91,2,0,1
BRDA:91,2,1,3
BRDA:98,3,0,0
BRDA:98,3,1,0
BRDA:108,4,0,0
BRDA:108,4,1,0
BRF:10
BRH:5
end_of_record
TN:
SF:C:\Users\dilipr\JHipster\exampleSearch\src\main\webapp\app\admin\audits\audits.route.ts
FNF:0
FNH:0
DA:3,1
DA:5,1
DA:7,1
LF:3
LH:3
BRF:0
BRH:0
end_of_record
TN:
SF:C:\Users\dilipr\JHipster\exampleSearch\src\main\webapp\app\admin\audits\audits.service.ts
FN:11,(anonymous_0)
FN:13,(anonymous_1)
FNF:2
FNH:2
FNDA:9,(anonymous_0)
FNDA:4,(anonymous_1)
DA:1,3
DA:2,3
DA:5,3
DA:6,3
DA:10,3
DA:11,9
DA:14,4
DA:15,4
DA:16,4
DA:18,4
DA:20,4
LF:11
LH:11
BRF:0
BRH:0
end_of_record
TN:
SF:C:\Users\dilipr\JHipster\exampleSearch\src\main\webapp\app\admin\configuration\configuration.component.html
FNF:0
FNH:0
DA:1,2
LF:1
LH:1
BRF:0
BRH:0
end_of_record
TN:
SF:C:\Users\dilipr\JHipster\exampleSearch\src\main\webapp\app\admin\configuration\configuration.component.ts
FN:17,(anonymous_0)
FN:24,(anonymous_1)
FN:28,(anonymous_2)
FN:29,(anonymous_3)
FN:39,(anonymous_4)
FNF:5
FNH:5
FNDA:3,(anonymous_0)
FNDA:2,(anonymous_1)
FNDA:1,(anonymous_2)
FNDA:1,(anonymous_3)
FNDA:1,(anonymous_4)
DA:1,2
DA:3,2
DA:9,2
DA:10,3
DA:11,3
DA:17,3
DA:18,3
DA:19,3
DA:20,3
DA:21,3
DA:25,2
DA:29,1
DA:30,1
DA:32,1
DA:33,2
DA:34,1
DA:39,1
DA:40,1
LF:18
LH:18
BRDA:25,0,0,1
BRDA:25,0,1,1
BRDA:33,1,0,1
BRDA:33,1,1,1
BRF:4
BRH:4
end_of_record
TN:
SF:C:\Users\dilipr\JHipster\exampleSearch\src\main\webapp\app\admin\configuration\configuration.route.ts
FNF:0
FNH:0
DA:3,1
DA:5,1
LF:2
LH:2
BRF:0
BRH:0
end_of_record
TN:
SF:C:\Users\dilipr\JHipster\exampleSearch\src\main\webapp\app\admin\configuration\configuration.service.ts
FN:10,(anonymous_0)
FN:12,(anonymous_1)
FN:14,(anonymous_2)
FN:23,(anonymous_3)
FN:30,(anonymous_4)
FN:46,(anonymous_5)
FN:48,(anonymous_6)
FNF:7
FNH:6
FNDA:6,(anonymous_0)
FNDA:2,(anonymous_1)
FNDA:1,(anonymous_2)
FNDA:0,(anonymous_3)
FNDA:1,(anonymous_4)
FNDA:1,(anonymous_5)
FNDA:1,(anonymous_6)
DA:1,3
DA:2,3
DA:4,3
DA:6,3
DA:9,3
DA:10,6
DA:13,2
DA:15,1
DA:16,1
DA:17,1
DA:18,1
DA:19,1
DA:23,1
DA:24,0
DA:32,1
DA:33,1
DA:37,1
DA:38,1
DA:43,0
DA:47,1
DA:49,1
DA:50,1
DA:52,1
DA:53,1
DA:54,1
DA:55,1
DA:56,1
DA:57,1
DA:58,1
DA:61,1
DA:63,1
LF:31
LH:29
BRDA:18,0,0,1
BRDA:18,0,1,0
BRDA:24,1,0,0
BRDA:24,1,1,0
BRDA:24,2,0,0
BRDA:24,2,1,0
BRDA:32,3,0,1
BRDA:32,3,1,0
BRDA:37,4,0,1
BRDA:37,4,1,0
BRDA:57,5,0,1
BRDA:57,5,1,0
BRF:12
BRH:4
end_of_record
TN:
SF:C:\Users\dilipr\JHipster\exampleSearch\src\main\webapp\app\admin\docs\docs.component.html
FNF:0
FNH:0
DA:1,1
LF:1
LH:1
BRF:0
BRH:0
end_of_record
TN:
SF:C:\Users\dilipr\JHipster\exampleSearch\src\main\webapp\app\admin\docs\docs.component.ts
FN:8,(anonymous_0)
FNF:1
FNH:0
FNDA:0,(anonymous_0)
DA:1,1
DA:7,1
LF:2
LH:2
BRF:0
BRH:0
end_of_record
TN:
SF:C:\Users\dilipr\JHipster\exampleSearch\src\main\webapp\app\admin\docs\docs.route.ts
FNF:0
FNH:0
DA:3,1
DA:5,1
LF:2
LH:2
BRF:0
BRH:0
end_of_record
TN:
SF:C:\Users\dilipr\JHipster\exampleSearch\src\main\webapp\app\admin\health\health-modal.component.html
FNF:0
FNH:0
DA:1,2
LF:1
LH:1
BRF:0
BRH:0
end_of_record
TN:
SF:C:\Users\dilipr\JHipster\exampleSearch\src\main\webapp\app\admin\health\health-modal.component.ts
FN:13,(anonymous_0)
FN:15,(anonymous_1)
FN:19,(anonymous_2)
FN:23,(anonymous_3)
FNF:4
FNH:0
FNDA:0,(anonymous_0)
FNDA:0,(anonymous_1)
FNDA:0,(anonymous_2)
FNDA:0,(anonymous_3)
DA:1,2
DA:2,2
DA:4,2
DA:10,2
DA:13,0
DA:16,0
DA:20,0
DA:24,0
DA:26,0
DA:27,0
DA:29,0
DA:31,0
DA:35,0
DA:36,0
DA:38,0
LF:15
LH:4
BRDA:24,0,0,0
BRDA:24,0,1,0
BRDA:27,1,0,0
BRDA:27,1,1,0
BRDA:35,2,0,0
BRDA:35,2,1,0
BRF:6
BRH:0
end_of_record
TN:
SF:C:\Users\dilipr\JHipster\exampleSearch\src\main\webapp\app\admin\health\health.component.html
FNF:0
FNH:0
DA:1,2
LF:1
LH:1
BRF:0
BRH:0
end_of_record
TN:
SF:C:\Users\dilipr\JHipster\exampleSearch\src\main\webapp\app\admin\health\health.component.ts
FN:15,(anonymous_0)
FN:17,(anonymous_1)
FN:21,(anonymous_2)
FN:25,(anonymous_3)
FN:33,(anonymous_4)
FN:37,(anonymous_5)
FN:41,(anonymous_6)
FN:50,(anonymous_7)
FN:54,(anonymous_8)
FN:57,(anonymous_9)
FN:63,(anonymous_10)
FNF:11
FNH:8
FNDA:12,(anonymous_0)
FNDA:1,(anonymous_1)
FNDA:2,(anonymous_2)
FNDA:2,(anonymous_3)
FNDA:2,(anonymous_4)
FNDA:1,(anonymous_5)
FNDA:1,(anonymous_6)
FNDA:0,(anonymous_7)
FNDA:0,(anonymous_8)
FNDA:0,(anonymous_9)
FNDA:2,(anonymous_10)
DA:1,2
DA:2,2
DA:4,2
DA:5,2
DA:11,2
DA:15,12
DA:18,1
DA:22,2
DA:26,2
DA:27,1
DA:29,1
DA:34,2
DA:36,2
DA:38,1
DA:39,1
DA:42,1
DA:43,1
DA:44,1
DA:51,0
DA:52,0
DA:53,0
DA:64,2
LF:22
LH:19
BRDA:26,0,0,1
BRDA:26,0,1,1
BRDA:42,1,0,1
BRDA:42,1,1,0
BRF:4
BRH:3
end_of_record
TN:
SF:C:\Users\dilipr\JHipster\exampleSearch\src\main\webapp\app\admin\health\health.route.ts
FNF:0
FNH:0
DA:3,1
DA:5,1
LF:2
LH:2
BRF:0
BRH:0
end_of_record
TN:
SF:C:\Users\dilipr\JHipster\exampleSearch\src\main\webapp\app\admin\health\health.service.ts
FN:11,(anonymous_0)
FN:15,(anonymous_1)
FN:19,(anonymous_2)
FN:25,(anonymous_3)
FN:32,(anonymous_4)
FN:42,(anonymous_5)
FN:76,(anonymous_6)
FN:93,(anonymous_7)
FN:107,(anonymous_8)
FN:121,(anonymous_9)
FNF:10
FNH:9
FNDA:12,(anonymous_0)
FNDA:0,(anonymous_1)
FNDA:5,(anonymous_2)
FNDA:2,(anonymous_3)
FNDA:2,(anonymous_4)
FNDA:17,(anonymous_5)
FNDA:8,(anonymous_6)
FNDA:20,(anonymous_7)
FNDA:17,(anonymous_8)
FNDA:47,(anonymous_9)
DA:1,2
DA:2,2
DA:5,2
DA:8,2
DA:11,12
DA:12,12
DA:16,0
DA:20,5
DA:21,5
DA:22,5
DA:26,2
DA:27,2
DA:28,2
DA:33,2
DA:34,2
DA:35,2
DA:36,2
DA:37,2
DA:43,17
DA:47,17
DA:48,17
DA:50,17
DA:51,46
DA:52,46
DA:53,46
DA:54,25
DA:56,21
DA:57,15
DA:58,15
DA:65,17
DA:66,11
DA:70,17
DA:71,16
DA:73,17
DA:77,8
DA:78,26
DA:79,26
DA:80,26
DA:81,17
DA:82,3
DA:83,3
DA:85,14
DA:90,8
DA:95,20
DA:96,6
DA:97,14
DA:98,0
DA:99,14
DA:100,14
DA:102,0
DA:104,20
DA:108,17
DA:110,17
DA:111,46
DA:112,46
DA:113,46
DA:114,6
DA:118,17
DA:122,47
DA:124,47
DA:125,294
DA:126,294
DA:127,23
DA:131,47
LF:64
LH:61
BRDA:26,0,0,2
BRDA:26,0,1,0
BRDA:33,1,0,2
BRDA:33,1,1,0
BRDA:37,2,0,1
BRDA:37,2,1,1
BRDA:51,3,0,46
BRDA:51,3,1,0
BRDA:53,4,0,25
BRDA:53,4,1,21
BRDA:53,5,0,46
BRDA:53,5,1,29
BRDA:56,6,0,15
BRDA:56,6,1,6
BRDA:65,7,0,11
BRDA:65,7,1,6
BRDA:70,8,0,16
BRDA:70,8,1,1
BRDA:70,9,0,17
BRDA:70,9,1,3
BRDA:70,9,2,2
BRDA:78,10,0,26
BRDA:78,10,1,0
BRDA:80,11,0,17
BRDA:80,11,1,9
BRDA:81,12,0,3
BRDA:81,12,1,14
BRDA:95,13,0,6
BRDA:95,13,1,14
BRDA:95,14,0,20
BRDA:95,14,1,6
BRDA:97,15,0,0
BRDA:97,15,1,14
BRDA:99,16,0,14
BRDA:99,16,1,0
BRDA:111,17,0,46
BRDA:111,17,1,0
BRDA:113,18,0,6
BRDA:113,18,1,40
BRDA:113,19,0,46
BRDA:113,19,1,46
BRDA:125,20,0,294
BRDA:125,20,1,0
BRDA:126,21,0,23
BRDA:126,21,1,271
BRF:45
BRH:37
end_of_record
TN:
SF:C:\Users\dilipr\JHipster\exampleSearch\src\main\webapp\app\admin\logs\log.model.ts
FN:2,(anonymous_0)
FNF:1
FNH:1
FNDA:4,(anonymous_0)
DA:1,1
DA:2,4
LF:2
LH:2
BRF:0
BRH:0
end_of_record
TN:
SF:C:\Users\dilipr\JHipster\exampleSearch\src\main\webapp\app\admin\logs\logs.component.html
FNF:0
FNH:0
DA:1,1
LF:1
LH:1
BRF:0
BRH:0
end_of_record
TN:
SF:C:\Users\dilipr\JHipster\exampleSearch\src\main\webapp\app\admin\logs\logs.component.ts
FN:16,(anonymous_0)
FN:22,(anonymous_1)
FN:23,(anonymous_2)
FN:26,(anonymous_3)
FN:27,(anonymous_4)
FN:28,(anonymous_5)
FN:32,(anonymous_6)
FN:33,(anonymous_7)
FNF:8
FNH:8
FNDA:3,(anonymous_0)
FNDA:1,(anonymous_1)
FNDA:1,(anonymous_2)
FNDA:1,(anonymous_3)
FNDA:1,(anonymous_4)
FNDA:1,(anonymous_5)
FNDA:2,(anonymous_6)
FNDA:2,(anonymous_7)
DA:1,1
DA:3,1
DA:4,1
DA:10,1
DA:16,3
DA:17,3
DA:18,3
DA:19,3
DA:23,1
DA:27,1
DA:28,1
DA:33,2
LF:12
LH:12
BRF:0
BRH:0
end_of_record
TN:
SF:C:\Users\dilipr\JHipster\exampleSearch\src\main\webapp\app\admin\logs\logs.route.ts
FNF:0
FNH:0
DA:3,1
DA:5,1
LF:2
LH:2
BRF:0
BRH:0
end_of_record
TN:
SF:C:\Users\dilipr\JHipster\exampleSearch\src\main\webapp\app\admin\logs\logs.service.ts
FN:9,(anonymous_0)
FN:11,(anonymous_1)
FN:15,(anonymous_2)
FNF:3
FNH:3
FNDA:5,(anonymous_0)
FNDA:1,(anonymous_1)
FNDA:1,(anonymous_2)
DA:1,2
DA:2,2
DA:5,2
DA:8,2
DA:9,5
DA:12,1
DA:16,1
LF:7
LH:7
BRF:0
BRH:0
end_of_record
TN:
SF:C:\Users\dilipr\JHipster\exampleSearch\src\main\webapp\app\admin\metrics\metrics.component.html
FNF:0
FNH:0
DA:1,2
LF:1
LH:1
BRF:0
BRH:0
end_of_record
TN:
SF:C:\Users\dilipr\JHipster\exampleSearch\src\main\webapp\app\admin\metrics\metrics.component.ts
FN:16,(anonymous_0)
FN:20,(anonymous_1)
FN:24,(anonymous_2)
FN:26,(anonymous_3)
FN:28,(anonymous_4)
FN:35,(anonymous_5)
FN:39,(anonymous_6)
FNF:7
FNH:4
FNDA:1,(anonymous_0)
FNDA:1,(anonymous_1)
FNDA:1,(anonymous_2)
FNDA:1,(anonymous_3)
FNDA:0,(anonymous_4)
FNDA:0,(anonymous_5)
FNDA:0,(anonymous_6)
DA:1,2
DA:2,2
DA:4,2
DA:10,2
DA:11,1
DA:12,1
DA:13,1
DA:16,1
DA:17,1
DA:21,1
DA:25,1
DA:26,1
DA:27,1
DA:28,1
DA:29,0
DA:30,0
DA:36,0
DA:40,0
LF:18
LH:14
BRDA:36,0,0,0
BRDA:36,0,1,0
BRDA:40,1,0,0
BRDA:40,1,1,0
BRF:4
BRH:0
end_of_record
TN:
SF:C:\Users\dilipr\JHipster\exampleSearch\src\main\webapp\app\admin\metrics\metrics.route.ts
FNF:0
FNH:0
DA:3,1
DA:5,1
LF:2
LH:2
BRF:0
BRH:0
end_of_record
TN:
SF:C:\Users\dilipr\JHipster\exampleSearch\src\main\webapp\app\admin\metrics\metrics.service.ts
FN:9,(anonymous_0)
FN:11,(anonymous_1)
FN:15,(anonymous_2)
FNF:3
FNH:3
FNDA:4,(anonymous_0)
FNDA:2,(anonymous_1)
FNDA:2,(anonymous_2)
DA:1,3
DA:2,3
DA:5,3
DA:8,3
DA:9,4
DA:12,2
DA:16,2
LF:7
LH:7
BRF:0
BRH:0
end_of_record
TN:
SF:C:\Users\dilipr\JHipster\exampleSearch\src\main\webapp\app\admin\user-management\user-management-delete-dialog.component.html
FNF:0
FNH:0
DA:1,3
LF:1
LH:1
BRF:0
BRH:0
end_of_record
TN:
SF:C:\Users\dilipr\JHipster\exampleSearch\src\main\webapp\app\admin\user-management\user-management-delete-dialog.component.ts
FN:14,(anonymous_0)
FN:16,(anonymous_1)
FN:20,(anonymous_2)
FN:21,(anonymous_3)
FNF:4
FNH:3
FNDA:1,(anonymous_0)
FNDA:0,(anonymous_1)
FNDA:1,(anonymous_2)
FNDA:1,(anonymous_3)
DA:1,3
DA:2,3
DA:3,3
DA:5,3
DA:11,3
DA:14,1
DA:17,0
DA:21,1
DA:22,1
DA:23,1
LF:10
LH:9
BRF:0
BRH:0
end_of_record
TN:
SF:C:\Users\dilipr\JHipster\exampleSearch\src\main\webapp\app\admin\user-management\user-management-detail.component.html
FNF:0
FNH:0
DA:1,2
LF:1
LH:1
BRF:0
BRH:0
end_of_record
TN:
SF:C:\Users\dilipr\JHipster\exampleSearch\src\main\webapp\app\admin\user-management\user-management-detail.component.ts
FN:13,(anonymous_0)
FN:15,(anonymous_1)
FN:16,(anonymous_2)
FNF:3
FNH:3
FNDA:1,(anonymous_0)
FNDA:1,(anonymous_1)
FNDA:1,(anonymous_2)
DA:1,2
DA:2,2
DA:10,2
DA:13,1
DA:16,1
DA:17,1
LF:6
LH:6
BRDA:17,0,0,0
BRDA:17,0,1,1
BRF:2
BRH:1
end_of_record
TN:
SF:C:\Users\dilipr\JHipster\exampleSearch\src\main\webapp\app\admin\user-management\user-management-update.component.html
FNF:0
FNH:0
DA:1,2
LF:1
LH:1
BRF:0
BRH:0
end_of_record
TN:
SF:C:\Users\dilipr\JHipster\exampleSearch\src\main\webapp\app\admin\user-management\user-management-update.component.ts
FN:28,(anonymous_0)
FN:30,(anonymous_1)
FN:32,(anonymous_2)
FN:37,(anonymous_3)
FN:42,(anonymous_4)
FN:55,(anonymous_5)
FN:59,(anonymous_6)
FN:63,(anonymous_7)
FN:63,(anonymous_8)
FN:66,(anonymous_9)
FN:66,(anonymous_10)
FN:70,(anonymous_11)
FN:80,(anonymous_12)
FN:85,(anonymous_13)
FNF:14
FNH:11
FNDA:3,(anonymous_0)
FNDA:1,(anonymous_1)
FNDA:1,(anonymous_2)
FNDA:1,(anonymous_3)
FNDA:1,(anonymous_4)
FNDA:2,(anonymous_5)
FNDA:2,(anonymous_6)
FNDA:1,(anonymous_7)
FNDA:0,(anonymous_8)
FNDA:1,(anonymous_9)
FNDA:0,(anonymous_10)
FNDA:2,(anonymous_11)
FNDA:2,(anonymous_12)
FNDA:0,(anonymous_13)
DA:1,2
DA:2,2
DA:3,2
DA:5,2
DA:11,2
DA:17,3
DA:28,3
DA:31,1
DA:32,1
DA:33,1
DA:34,1
DA:36,1
DA:37,1
DA:38,1
DA:43,1
DA:56,2
DA:60,2
DA:61,2
DA:62,2
DA:63,1
DA:65,1
DA:66,1
DA:71,2
DA:72,2
DA:73,2
DA:74,2
DA:75,2
DA:76,2
DA:77,2
DA:81,2
DA:82,2
DA:86,0
LF:32
LH:31
BRDA:33,0,0,0
BRDA:33,0,1,1
BRDA:62,1,0,1
BRDA:62,1,1,1
BRF:4
BRH:3
end_of_record
TN:
SF:C:\Users\dilipr\JHipster\exampleSearch\src\main\webapp\app\admin\user-management\user-management.component.html
FNF:0
FNH:0
DA:1,2
LF:1
LH:1
BRF:0
BRH:0
end_of_record
TN:
SF:C:\Users\dilipr\JHipster\exampleSearch\src\main\webapp\app\admin\user-management\user-management.component.ts
FN:30,(anonymous_0)
FN:41,(anonymous_1)
FN:49,(anonymous_2)
FN:50,(anonymous_3)
FN:57,(anonymous_4)
FN:61,(anonymous_5)
FN:62,(anonymous_6)
FN:65,(anonymous_7)
FN:68,(anonymous_8)
FN:80,(anonymous_9)
FN:87,(anonymous_10)
FN:87,(anonymous_11)
FN:90,(anonymous_12)
FN:94,(anonymous_13)
FN:102,(anonymous_14)
FN:109,(anonymous_15)
FN:119,(anonymous_16)
FN:123,(anonymous_17)
FN:126,(anonymous_18)
FN:132,(anonymous_19)
FN:138,(anonymous_20)
FNF:21
FNH:12
FNDA:2,(anonymous_0)
FNDA:2,(anonymous_1)
FNDA:1,(anonymous_2)
FNDA:1,(anonymous_3)
FNDA:1,(anonymous_4)
FNDA:1,(anonymous_5)
FNDA:0,(anonymous_6)
FNDA:1,(anonymous_7)
FNDA:1,(anonymous_8)
FNDA:2,(anonymous_9)
FNDA:2,(anonymous_10)
FNDA:0,(anonymous_11)
FNDA:0,(anonymous_12)
FNDA:2,(anonymous_13)
FNDA:0,(anonymous_14)
FNDA:0,(anonymous_15)
FNDA:0,(anonymous_16)
FNDA:0,(anonymous_17)
FNDA:0,(anonymous_18)
FNDA:2,(anonymous_19)
FNDA:0,(anonymous_20)
DA:1,2
DA:3,2
DA:5,2
DA:6,2
DA:8,2
DA:9,2
DA:10,2
DA:16,2
DA:31,2
DA:32,2
DA:33,2
DA:34,2
DA:35,2
DA:36,2
DA:37,2
DA:38,2
DA:40,2
DA:41,2
DA:42,2
DA:43,2
DA:44,2
DA:45,2
DA:50,1
DA:51,1
DA:52,1
DA:53,1
DA:58,1
DA:62,1
DA:66,1
DA:68,1
DA:69,1
DA:70,1
DA:71,1
DA:72,1
DA:74,0
DA:75,0
DA:81,2
DA:87,2
DA:91,0
DA:95,2
DA:96,2
DA:97,0
DA:99,2
DA:103,0
DA:104,0
DA:105,0
DA:110,0
DA:116,0
DA:120,0
DA:121,0
DA:122,0
DA:133,2
DA:134,2
DA:135,2
DA:139,0
LF:55
LH:42
BRDA:69,0,0,1
BRDA:69,0,1,0
BRDA:95,1,0,0
BRDA:95,1,1,2
BRDA:96,2,0,0
BRDA:96,2,1,2
BRDA:103,3,0,0
BRDA:103,3,1,0
BRDA:113,4,0,0
BRDA:113,4,1,0
BRF:10
BRH:3
end_of_record
TN:
SF:C:\Users\dilipr\JHipster\exampleSearch\src\main\webapp\app\admin\user-management\user-management.route.ts
FN:12,(anonymous_0)
FN:14,(anonymous_1)
FN:15,(anonymous_2)
FN:21,(anonymous_3)
FN:23,(anonymous_4)
FNF:5
FNH:0
FNDA:0,(anonymous_0)
FNDA:0,(anonymous_1)
FNDA:0,(anonymous_2)
FNDA:0,(anonymous_3)
FNDA:0,(anonymous_4)
DA:1,1
DA:3,1
DA:5,1
DA:6,1
DA:7,1
DA:8,1
DA:11,1
DA:12,0
DA:15,0
DA:20,1
DA:21,0
DA:24,0
DA:25,0
DA:26,0
DA:28,0
DA:32,1
LF:16
LH:9
BRDA:24,0,0,0
BRDA:24,0,1,0
BRDA:25,1,0,0
BRDA:25,1,1,0
BRF:4
BRH:0
end_of_record
TN:
SF:C:\Users\dilipr\JHipster\exampleSearch\src\main\webapp\app\core\core.module.ts
FN:25,(anonymous_0)
FNF:1
FNH:0
FNDA:0,(anonymous_0)
DA:1,28
DA:2,28
DA:3,28
DA:4,28
DA:5,28
DA:7,28
DA:8,28
DA:24,28
DA:26,0
LF:9
LH:8
BRF:0
BRH:0
end_of_record
TN:
SF:C:\Users\dilipr\JHipster\exampleSearch\src\main\webapp\app\core\index.ts
FNF:0
FNH:0
DA:1,28
DA:2,28
DA:3,28
DA:4,28
DA:5,28
DA:6,28
DA:7,28
DA:8,28
DA:9,28
DA:10,28
DA:11,28
LF:11
LH:11
BRF:0
BRH:0
end_of_record
TN:
SF:C:\Users\dilipr\JHipster\exampleSearch\src\main\webapp\app\core\auth\account.service.ts
FN:14,(anonymous_0)
FN:16,(anonymous_1)
FN:20,(anonymous_2)
FN:24,(anonymous_3)
FN:30,(anonymous_4)
FN:44,(anonymous_5)
FN:50,(anonymous_6)
FN:53,(anonymous_7)
FN:59,(anonymous_8)
FN:73,(anonymous_9)
FN:85,(anonymous_10)
FN:93,(anonymous_11)
FN:97,(anonymous_12)
FN:101,(anonymous_13)
FN:105,(anonymous_14)
FNF:15
FNH:8
FNDA:8,(anonymous_0)
FNDA:2,(anonymous_1)
FNDA:0,(anonymous_2)
FNDA:4,(anonymous_3)
FNDA:3,(anonymous_4)
FNDA:3,(anonymous_5)
FNDA:2,(anonymous_6)
FNDA:0,(anonymous_7)
FNDA:5,(anonymous_8)
FNDA:1,(anonymous_9)
FNDA:0,(anonymous_10)
FNDA:0,(anonymous_11)
FNDA:0,(anonymous_12)
FNDA:0,(anonymous_13)
FNDA:0,(anonymous_14)
DA:1,31
DA:2,31
DA:3,31
DA:5,31
DA:9,31
DA:11,8
DA:12,8
DA:14,8
DA:17,2
DA:21,0
DA:25,4
DA:26,4
DA:27,4
DA:31,3
DA:32,1
DA:35,2
DA:36,2
DA:37,1
DA:41,1
DA:45,3
DA:46,1
DA:49,2
DA:51,2
DA:54,0
DA:60,5
DA:61,0
DA:66,5
DA:67,3
DA:71,2
DA:74,1
DA:75,1
DA:76,1
DA:77,1
DA:79,0
DA:80,0
DA:82,1
DA:83,1
DA:86,0
DA:87,0
DA:88,0
DA:89,0
DA:94,0
DA:98,0
DA:102,0
DA:106,0
LF:45
LH:32
BRDA:31,0,0,1
BRDA:31,0,1,2
BRDA:31,1,0,3
BRDA:31,1,1,2
BRDA:31,1,2,2
BRDA:36,2,0,1
BRDA:36,2,1,1
BRDA:45,3,0,1
BRDA:45,3,1,2
BRDA:51,4,0,2
BRDA:51,4,1,2
BRDA:60,5,0,0
BRDA:60,5,1,5
BRDA:66,6,0,3
BRDA:66,6,1,2
BRDA:75,7,0,1
BRDA:75,7,1,0
BRDA:106,8,0,0
BRDA:106,8,1,0
BRF:19
BRH:15
end_of_record
TN:
SF:C:\Users\dilipr\JHipster\exampleSearch\src\main\webapp\app\core\auth\auth-session.service.ts
FN:10,(anonymous_0)
FN:12,(anonymous_1)
FN:23,(anonymous_2)
FN:26,(anonymous_3)
FN:28,(anonymous_4)
FN:28,(anonymous_5)
FNF:6
FNH:0
FNDA:0,(anonymous_0)
FNDA:0,(anonymous_1)
FNDA:0,(anonymous_2)
FNDA:0,(anonymous_3)
FNDA:0,(anonymous_4)
FNDA:0,(anonymous_5)
DA:1,31
DA:2,31
DA:4,31
DA:6,31
DA:9,31
DA:10,0
DA:14,0
DA:18,0
DA:20,0
DA:25,0
DA:28,0
DA:29,0
LF:12
LH:5
BRF:0
BRH:0
end_of_record
TN:
SF:C:\Users\dilipr\JHipster\exampleSearch\src\main\webapp\app\core\auth\csrf.service.ts
FN:6,(anonymous_0)
FN:8,(anonymous_1)
FNF:2
FNH:0
FNDA:0,(anonymous_0)
FNDA:0,(anonymous_1)
DA:1,28
DA:2,28
DA:5,28
DA:6,0
DA:9,0
LF:5
LH:3
BRDA:8,0,0,0
BRF:1
BRH:0
end_of_record
TN:
SF:C:\Users\dilipr\JHipster\exampleSearch\src\main\webapp\app\core\auth\state-storage.service.ts
FN:6,(anonymous_0)
FN:8,(anonymous_1)
FN:12,(anonymous_2)
FN:16,(anonymous_3)
FN:21,(anonymous_4)
FN:25,(anonymous_5)
FN:29,(anonymous_6)
FN:33,(anonymous_7)
FNF:8
FNH:0
FNDA:0,(anonymous_0)
FNDA:0,(anonymous_1)
FNDA:0,(anonymous_2)
FNDA:0,(anonymous_3)
FNDA:0,(anonymous_4)
FNDA:0,(anonymous_5)
FNDA:0,(anonymous_6)
FNDA:0,(anonymous_7)
DA:1,31
DA:2,31
DA:5,31
DA:6,0
DA:9,0
DA:13,0
DA:17,0
DA:18,0
DA:22,0
DA:26,0
DA:30,0
DA:34,0
DA:44,0
LF:13
LH:3
BRF:0
BRH:0
end_of_record
TN:
SF:C:\Users\dilipr\JHipster\exampleSearch\src\main\webapp\app\core\auth\user-route-access-service.ts
FN:10,(anonymous_0)
FN:17,(anonymous_1)
FN:25,(anonymous_2)
FN:26,(anonymous_3)
FNF:4
FNH:0
FNDA:0,(anonymous_0)
FNDA:0,(anonymous_1)
FNDA:0,(anonymous_2)
FNDA:0,(anonymous_3)
DA:1,28
DA:2,28
DA:4,28
DA:5,28
DA:6,28
DA:9,28
DA:11,0
DA:12,0
DA:13,0
DA:14,0
DA:18,0
DA:22,0
DA:26,0
DA:27,0
DA:28,0
DA:31,0
DA:32,0
DA:33,0
DA:34,0
DA:36,0
DA:37,0
DA:39,0
DA:40,0
DA:43,0
DA:44,0
DA:45,0
LF:26
LH:6
BRDA:27,0,0,0
BRDA:27,0,1,0
BRDA:27,1,0,0
BRDA:27,1,1,0
BRDA:31,2,0,0
BRDA:31,2,1,0
BRDA:33,3,0,0
BRDA:33,3,1,0
BRDA:36,4,0,0
BRDA:36,4,1,0
BRF:10
BRH:0
end_of_record
TN:
SF:C:\Users\dilipr\JHipster\exampleSearch\src\main\webapp\app\core\login\login-modal.service.ts
FN:9,(anonymous_0)
FN:11,(anonymous_1)
FN:18,(anonymous_2)
FN:21,(anonymous_3)
FNF:4
FNH:0
FNDA:0,(anonymous_0)
FNDA:0,(anonymous_1)
FNDA:0,(anonymous_2)
FNDA:0,(anonymous_3)
DA:1,28
DA:2,28
DA:4,28
DA:7,28
DA:8,0
DA:9,0
DA:12,0
DA:13,0
DA:15,0
DA:16,0
DA:17,0
DA:19,0
DA:22,0
DA:25,0
LF:14
LH:4
BRDA:12,0,0,0
BRDA:12,0,1,0
BRF:2
BRH:0
end_of_record
TN:
SF:C:\Users\dilipr\JHipster\exampleSearch\src\main\webapp\app\core\login\login.service.ts
FN:7,(anonymous_0)
FN:9,(anonymous_1)
FN:10,(anonymous_2)
FN:12,(anonymous_3)
FN:14,(anonymous_4)
FN:15,(anonymous_5)
FN:20,(anonymous_6)
FN:29,(anonymous_7)
FN:30,(anonymous_8)
FNF:9
FNH:0
FNDA:0,(anonymous_0)
FNDA:0,(anonymous_1)
FNDA:0,(anonymous_2)
FNDA:0,(anonymous_3)
FNDA:0,(anonymous_4)
FNDA:0,(anonymous_5)
FNDA:0,(anonymous_6)
FNDA:0,(anonymous_7)
FNDA:0,(anonymous_8)
DA:1,31
DA:2,31
DA:3,31
DA:6,31
DA:7,0
DA:10,0
DA:12,0
DA:13,0
DA:15,0
DA:16,0
DA:18,0
DA:21,0
DA:22,0
DA:23,0
DA:30,0
LF:15
LH:4
BRDA:10,0,0,0
BRDA:10,0,1,0
BRF:2
BRH:0
end_of_record
TN:
SF:C:\Users\dilipr\JHipster\exampleSearch\src\main\webapp\app\core\user\account.model.ts
FN:2,(anonymous_0)
FNF:1
FNH:0
FNDA:0,(anonymous_0)
DA:1,28
DA:3,0
DA:4,0
DA:5,0
DA:6,0
DA:7,0
DA:8,0
DA:9,0
DA:10,0
LF:9
LH:1
BRF:0
BRH:0
end_of_record
TN:
SF:C:\Users\dilipr\JHipster\exampleSearch\src\main\webapp\app\core\user\user.model.ts
FN:18,(anonymous_0)
FNF:1
FNH:1
FNDA:7,(anonymous_0)
DA:17,28
DA:19,7
DA:20,7
DA:21,7
DA:22,7
DA:23,7
DA:24,7
DA:25,7
DA:26,7
DA:27,7
DA:28,7
DA:29,7
DA:30,7
DA:31,7
DA:33,7
DA:34,7
DA:35,7
DA:36,7
DA:37,7
DA:38,7
DA:39,7
DA:40,7
DA:41,7
DA:42,7
DA:43,7
DA:44,7
DA:45,7
LF:27
LH:27
BRDA:33,0,0,6
BRDA:33,0,1,1
BRDA:34,1,0,3
BRDA:34,1,1,4
BRDA:35,2,0,2
BRDA:35,2,1,5
BRDA:36,3,0,2
BRDA:36,3,1,5
BRDA:37,4,0,2
BRDA:37,4,1,5
BRDA:38,5,0,2
BRDA:38,5,1,5
BRDA:39,6,0,2
BRDA:39,6,1,5
BRDA:40,7,0,2
BRDA:40,7,1,5
BRDA:41,8,0,2
BRDA:41,8,1,5
BRDA:42,9,0,0
BRDA:42,9,1,7
BRDA:43,10,0,0
BRDA:43,10,1,7
BRDA:44,11,0,0
BRDA:44,11,1,7
BRDA:45,12,0,0
BRDA:45,12,1,7
BRF:26
BRH:22
end_of_record
TN:
SF:C:\Users\dilipr\JHipster\exampleSearch\src\main\webapp\app\core\user\user.service.ts
FN:13,(anonymous_0)
FN:15,(anonymous_1)
FN:19,(anonymous_2)
FN:23,(anonymous_3)
FN:27,(anonymous_4)
FN:32,(anonymous_5)
FN:36,(anonymous_6)
FNF:7
FNH:3
FNDA:10,(anonymous_0)
FNDA:0,(anonymous_1)
FNDA:0,(anonymous_2)
FNDA:3,(anonymous_3)
FNDA:0,(anonymous_4)
FNDA:0,(anonymous_5)
FNDA:1,(anonymous_6)
DA:1,28
DA:2,28
DA:5,28
DA:6,28
DA:10,28
DA:11,10
DA:13,10
DA:16,0
DA:20,0
DA:24,3
DA:28,0
DA:29,0
DA:33,0
DA:37,1
LF:14
LH:9
BRF:0
BRH:0
end_of_record
TN:
SF:C:\Users\dilipr\JHipster\exampleSearch\src\main\webapp\app\entities\phone\phone-delete-dialog.component.html
FNF:0
FNH:0
DA:1,1
LF:1
LH:1
BRF:0
BRH:0
end_of_record
TN:
SF:C:\Users\dilipr\JHipster\exampleSearch\src\main\webapp\app\entities\phone\phone-delete-dialog.component.ts
FN:17,(anonymous_0)
FN:19,(anonymous_1)
FN:23,(anonymous_2)
FN:24,(anonymous_3)
FN:41,(anonymous_4)
FN:43,(anonymous_5)
FN:44,(anonymous_6)
FN:45,(anonymous_7)
FN:49,(anonymous_8)
FN:53,(anonymous_9)
FN:62,(anonymous_10)
FNF:11
FNH:3
FNDA:1,(anonymous_0)
FNDA:0,(anonymous_1)
FNDA:1,(anonymous_2)
FNDA:1,(anonymous_3)
FNDA:0,(anonymous_4)
FNDA:0,(anonymous_5)
FNDA:0,(anonymous_6)
FNDA:0,(anonymous_7)
FNDA:0,(anonymous_8)
FNDA:0,(anonymous_9)
FNDA:0,(anonymous_10)
DA:1,1
DA:2,1
DA:4,1
DA:5,1
DA:8,1
DA:14,1
DA:17,1
DA:20,0
DA:24,1
DA:25,1
DA:29,1
DA:38,1
DA:41,0
DA:44,0
DA:45,0
DA:46,0
DA:47,0
DA:48,0
DA:50,0
DA:51,0
DA:54,0
DA:55,0
DA:63,0
LF:23
LH:11
BRF:0
BRH:0
end_of_record
TN:
SF:C:\Users\dilipr\JHipster\exampleSearch\src\main\webapp\app\entities\phone\phone-detail.component.html
FNF:0
FNH:0
DA:1,1
LF:1
LH:1
BRF:0
BRH:0
end_of_record
TN:
SF:C:\Users\dilipr\JHipster\exampleSearch\src\main\webapp\app\entities\phone\phone-detail.component.ts
FN:13,(anonymous_0)
FN:15,(anonymous_1)
FN:16,(anonymous_2)
FN:21,(anonymous_3)
FNF:4
FNH:3
FNDA:1,(anonymous_0)
FNDA:1,(anonymous_1)
FNDA:1,(anonymous_2)
FNDA:0,(anonymous_3)
DA:1,1
DA:2,1
DA:10,1
DA:13,1
DA:16,1
DA:17,1
DA:22,0
LF:7
LH:6
BRF:0
BRH:0
end_of_record
TN:
SF:C:\Users\dilipr\JHipster\exampleSearch\src\main\webapp\app\entities\phone\phone-update.component.html
FNF:0
FNH:0
DA:1,1
LF:1
LH:1
BRF:0
BRH:0
end_of_record
TN:
SF:C:\Users\dilipr\JHipster\exampleSearch\src\main\webapp\app\entities\phone\phone-update.component.ts
FN:24,(anonymous_0)
FN:26,(anonymous_1)
FN:28,(anonymous_2)
FN:33,(anonymous_3)
FN:43,(anonymous_4)
FN:47,(anonymous_5)
FN:57,(anonymous_6)
FN:68,(anonymous_7)
FN:69,(anonymous_8)
FN:69,(anonymous_9)
FN:72,(anonymous_10)
FN:77,(anonymous_11)
FNF:12
FNH:8
FNDA:2,(anonymous_0)
FNDA:0,(anonymous_1)
FNDA:0,(anonymous_2)
FNDA:2,(anonymous_3)
FNDA:2,(anonymous_4)
FNDA:2,(anonymous_5)
FNDA:2,(anonymous_6)
FNDA:2,(anonymous_7)
FNDA:2,(anonymous_8)
FNDA:0,(anonymous_9)
FNDA:2,(anonymous_10)
FNDA:0,(anonymous_11)
DA:1,1
DA:3,1
DA:4,1
DA:6,1
DA:7,1
DA:13,1
DA:16,2
DA:24,2
DA:27,0
DA:28,0
DA:29,0
DA:34,2
DA:44,2
DA:48,2
DA:49,2
DA:50,2
DA:51,1
DA:53,1
DA:58,2
DA:69,2
DA:73,2
DA:74,2
DA:78,0
LF:23
LH:19
BRDA:50,0,0,1
BRDA:50,0,1,1
BRF:2
BRH:2
end_of_record
TN:
SF:C:\Users\dilipr\JHipster\exampleSearch\src\main\webapp\app\entities\phone\phone.component.html
FNF:0
FNH:0
DA:1,1
LF:1
LH:1
BRF:0
BRH:0
end_of_record
TN:
SF:C:\Users\dilipr\JHipster\exampleSearch\src\main\webapp\app\entities\phone\phone.component.ts
FN:34,(anonymous_0)
FN:44,(anonymous_1)
FN:54,(anonymous_2)
FN:64,(anonymous_3)
FN:65,(anonymous_4)
FN:76,(anonymous_5)
FN:77,(anonymous_6)
FN:81,(anonymous_7)
FN:88,(anonymous_8)
FN:100,(anonymous_9)
FN:113,(anonymous_10)
FN:130,(anonymous_11)
FN:132,(anonymous_12)
FN:138,(anonymous_13)
FN:142,(anonymous_14)
FN:146,(anonymous_15)
FN:147,(anonymous_16)
FN:150,(anonymous_17)
FN:158,(anonymous_18)
FN:164,(anonymous_19)
FNF:20
FNH:13
FNDA:6,(anonymous_0)
FNDA:6,(anonymous_1)
FNDA:4,(anonymous_2)
FNDA:0,(anonymous_3)
FNDA:0,(anonymous_4)
FNDA:4,(anonymous_5)
FNDA:0,(anonymous_6)
FNDA:3,(anonymous_7)
FNDA:2,(anonymous_8)
FNDA:1,(anonymous_9)
FNDA:0,(anonymous_10)
FNDA:1,(anonymous_11)
FNDA:1,(anonymous_12)
FNDA:5,(anonymous_13)
FNDA:0,(anonymous_14)
FNDA:1,(anonymous_15)
FNDA:0,(anonymous_16)
FNDA:6,(anonymous_17)
FNDA:4,(anonymous_18)
FNDA:0,(anonymous_19)
DA:1,1
DA:3,1
DA:6,1
DA:9,1
DA:11,1
DA:12,1
DA:18,1
DA:35,6
DA:36,6
DA:37,6
DA:38,6
DA:39,6
DA:40,6
DA:41,6
DA:43,6
DA:44,6
DA:45,6
DA:46,6
DA:47,6
DA:48,6
DA:50,6
DA:55,4
DA:56,0
DA:64,0
DA:65,0
DA:67,0
DA:69,4
DA:76,4
DA:77,0
DA:82,3
DA:83,2
DA:84,2
DA:89,2
DA:97,2
DA:101,1
DA:102,1
DA:103,1
DA:110,1
DA:114,0
DA:115,0
DA:117,0
DA:118,0
DA:119,0
DA:127,0
DA:131,1
DA:132,1
DA:133,1
DA:135,1
DA:139,5
DA:143,0
DA:147,1
DA:151,6
DA:155,6
DA:159,4
DA:160,4
DA:161,4
DA:165,0
LF:57
LH:44
BRDA:51,0,0,0
BRDA:51,0,1,6
BRDA:51,1,0,6
BRDA:51,1,1,0
BRDA:55,2,0,0
BRDA:55,2,1,4
BRDA:82,3,0,2
BRDA:82,3,1,1
BRDA:94,4,0,0
BRDA:94,4,1,2
BRDA:107,5,0,0
BRDA:107,5,1,1
BRDA:114,6,0,0
BRDA:114,6,1,0
BRDA:124,7,0,0
BRDA:124,7,1,0
BRDA:151,8,0,0
BRDA:151,8,1,6
BRF:18
BRH:8
end_of_record
TN:
SF:C:\Users\dilipr\JHipster\exampleSearch\src\main\webapp\app\entities\phone\phone.service.ts
FN:17,(anonymous_0)
FN:19,(anonymous_1)
FN:23,(anonymous_2)
FN:27,(anonymous_3)
FN:31,(anonymous_4)
FN:36,(anonymous_5)
FN:40,(anonymous_6)
FNF:7
FNH:6
FNDA:14,(anonymous_0)
FNDA:1,(anonymous_1)
FNDA:1,(anonymous_2)
FNDA:1,(anonymous_3)
FNDA:1,(anonymous_4)
FNDA:1,(anonymous_5)
FNDA:0,(anonymous_6)
DA:1,4
DA:2,4
DA:5,4
DA:6,4
DA:13,4
DA:14,14
DA:15,14
DA:17,14
DA:20,1
DA:24,1
DA:28,1
DA:32,1
DA:33,1
DA:37,1
DA:41,0
DA:42,0
LF:16
LH:14
BRF:0
BRH:0
end_of_record
TN:
SF:C:\Users\dilipr\JHipster\exampleSearch\src\main\webapp\app\entities\speaker\speaker-delete-dialog.component.html
FNF:0
FNH:0
DA:1,1
LF:1
LH:1
BRF:0
BRH:0
end_of_record
TN:
SF:C:\Users\dilipr\JHipster\exampleSearch\src\main\webapp\app\entities\speaker\speaker-delete-dialog.component.ts
FN:17,(anonymous_0)
FN:19,(anonymous_1)
FN:23,(anonymous_2)
FN:24,(anonymous_3)
FN:41,(anonymous_4)
FN:43,(anonymous_5)
FN:44,(anonymous_6)
FN:45,(anonymous_7)
FN:49,(anonymous_8)
FN:53,(anonymous_9)
FN:62,(anonymous_10)
FNF:11
FNH:3
FNDA:1,(anonymous_0)
FNDA:0,(anonymous_1)
FNDA:1,(anonymous_2)
FNDA:1,(anonymous_3)
FNDA:0,(anonymous_4)
FNDA:0,(anonymous_5)
FNDA:0,(anonymous_6)
FNDA:0,(anonymous_7)
FNDA:0,(anonymous_8)
FNDA:0,(anonymous_9)
FNDA:0,(anonymous_10)
DA:1,1
DA:2,1
DA:4,1
DA:5,1
DA:8,1
DA:14,1
DA:17,1
DA:20,0
DA:24,1
DA:25,1
DA:29,1
DA:38,1
DA:41,0
DA:44,0
DA:45,0
DA:46,0
DA:47,0
DA:48,0
DA:50,0
DA:51,0
DA:54,0
DA:55,0
DA:63,0
LF:23
LH:11
BRF:0
BRH:0
end_of_record
TN:
SF:C:\Users\dilipr\JHipster\exampleSearch\src\main\webapp\app\entities\speaker\speaker-detail.component.html
FNF:0
FNH:0
DA:1,1
LF:1
LH:1
BRF:0
BRH:0
end_of_record
TN:
SF:C:\Users\dilipr\JHipster\exampleSearch\src\main\webapp\app\entities\speaker\speaker-detail.component.ts
FN:13,(anonymous_0)
FN:15,(anonymous_1)
FN:16,(anonymous_2)
FN:21,(anonymous_3)
FNF:4
FNH:3
FNDA:1,(anonymous_0)
FNDA:1,(anonymous_1)
FNDA:1,(anonymous_2)
FNDA:0,(anonymous_3)
DA:1,1
DA:2,1
DA:10,1
DA:13,1
DA:16,1
DA:17,1
DA:22,0
LF:7
LH:6
BRF:0
BRH:0
end_of_record
TN:
SF:C:\Users\dilipr\JHipster\exampleSearch\src\main\webapp\app\entities\speaker\speaker-update.component.html
FNF:0
FNH:0
DA:1,1
LF:1
LH:1
BRF:0
BRH:0
end_of_record
TN:
SF:C:\Users\dilipr\JHipster\exampleSearch\src\main\webapp\app\entities\speaker\speaker-update.component.ts
FN:23,(anonymous_0)
FN:25,(anonymous_1)
FN:27,(anonymous_2)
FN:32,(anonymous_3)
FN:41,(anonymous_4)
FN:45,(anonymous_5)
FN:55,(anonymous_6)
FN:65,(anonymous_7)
FN:66,(anonymous_8)
FN:66,(anonymous_9)
FN:69,(anonymous_10)
FN:74,(anonymous_11)
FNF:12
FNH:8
FNDA:2,(anonymous_0)
FNDA:0,(anonymous_1)
FNDA:0,(anonymous_2)
FNDA:2,(anonymous_3)
FNDA:2,(anonymous_4)
FNDA:2,(anonymous_5)
FNDA:2,(anonymous_6)
FNDA:2,(anonymous_7)
FNDA:2,(anonymous_8)
FNDA:0,(anonymous_9)
FNDA:2,(anonymous_10)
FNDA:0,(anonymous_11)
DA:1,1
DA:3,1
DA:4,1
DA:6,1
DA:7,1
DA:13,1
DA:16,2
DA:23,2
DA:26,0
DA:27,0
DA:28,0
DA:33,2
DA:42,2
DA:46,2
DA:47,2
DA:48,2
DA:49,1
DA:51,1
DA:56,2
DA:66,2
DA:70,2
DA:71,2
DA:75,0
LF:23
LH:19
BRDA:48,0,0,1
BRDA:48,0,1,1
BRF:2
BRH:2
end_of_record
TN:
SF:C:\Users\dilipr\JHipster\exampleSearch\src\main\webapp\app\entities\speaker\speaker.component.html
FNF:0
FNH:0
DA:1,1
LF:1
LH:1
BRF:0
BRH:0
end_of_record
TN:
SF:C:\Users\dilipr\JHipster\exampleSearch\src\main\webapp\app\entities\speaker\speaker.component.ts
FN:34,(anonymous_0)
FN:44,(anonymous_1)
FN:54,(anonymous_2)
FN:64,(anonymous_3)
FN:65,(anonymous_4)
FN:76,(anonymous_5)
FN:77,(anonymous_6)
FN:81,(anonymous_7)
FN:88,(anonymous_8)
FN:100,(anonymous_9)
FN:113,(anonymous_10)
FN:130,(anonymous_11)
FN:132,(anonymous_12)
FN:138,(anonymous_13)
FN:142,(anonymous_14)
FN:146,(anonymous_15)
FN:147,(anonymous_16)
FN:150,(anonymous_17)
FN:158,(anonymous_18)
FN:164,(anonymous_19)
FNF:20
FNH:13
FNDA:6,(anonymous_0)
FNDA:6,(anonymous_1)
FNDA:4,(anonymous_2)
FNDA:0,(anonymous_3)
FNDA:0,(anonymous_4)
FNDA:4,(anonymous_5)
FNDA:0,(anonymous_6)
FNDA:3,(anonymous_7)
FNDA:2,(anonymous_8)
FNDA:1,(anonymous_9)
FNDA:0,(anonymous_10)
FNDA:1,(anonymous_11)
FNDA:1,(anonymous_12)
FNDA:5,(anonymous_13)
FNDA:0,(anonymous_14)
FNDA:1,(anonymous_15)
FNDA:0,(anonymous_16)
FNDA:6,(anonymous_17)
FNDA:4,(anonymous_18)
FNDA:0,(anonymous_19)
DA:1,1
DA:3,1
DA:6,1
DA:9,1
DA:11,1
DA:12,1
DA:18,1
DA:35,6
DA:36,6
DA:37,6
DA:38,6
DA:39,6
DA:40,6
DA:41,6
DA:43,6
DA:44,6
DA:45,6
DA:46,6
DA:47,6
DA:48,6
DA:50,6
DA:55,4
DA:56,0
DA:64,0
DA:65,0
DA:67,0
DA:69,4
DA:76,4
DA:77,0
DA:82,3
DA:83,2
DA:84,2
DA:89,2
DA:97,2
DA:101,1
DA:102,1
DA:103,1
DA:110,1
DA:114,0
DA:115,0
DA:117,0
DA:118,0
DA:119,0
DA:127,0
DA:131,1
DA:132,1
DA:133,1
DA:135,1
DA:139,5
DA:143,0
DA:147,1
DA:151,6
DA:152,6
DA:153,1
DA:155,6
DA:159,4
DA:160,4
DA:161,4
DA:165,0
LF:59
LH:46
BRDA:51,0,0,0
BRDA:51,0,1,6
BRDA:51,1,0,6
BRDA:51,1,1,0
BRDA:55,2,0,0
BRDA:55,2,1,4
BRDA:82,3,0,2
BRDA:82,3,1,1
BRDA:94,4,0,0
BRDA:94,4,1,2
BRDA:107,5,0,0
BRDA:107,5,1,1
BRDA:114,6,0,0
BRDA:114,6,1,0
BRDA:124,7,0,0
BRDA:124,7,1,0
BRDA:151,8,0,0
BRDA:151,8,1,6
BRDA:152,9,0,1
BRDA:152,9,1,5
BRF:20
BRH:10
end_of_record
TN:
SF:C:\Users\dilipr\JHipster\exampleSearch\src\main\webapp\app\entities\speaker\speaker.service.ts
FN:17,(anonymous_0)
FN:19,(anonymous_1)
FN:23,(anonymous_2)
FN:27,(anonymous_3)
FN:31,(anonymous_4)
FN:36,(anonymous_5)
FN:40,(anonymous_6)
FNF:7
FNH:6
FNDA:14,(anonymous_0)
FNDA:1,(anonymous_1)
FNDA:1,(anonymous_2)
FNDA:1,(anonymous_3)
FNDA:1,(anonymous_4)
FNDA:1,(anonymous_5)
FNDA:0,(anonymous_6)
DA:1,4
DA:2,4
DA:5,4
DA:6,4
DA:13,4
DA:14,14
DA:15,14
DA:17,14
DA:20,1
DA:24,1
DA:28,1
DA:32,1
DA:33,1
DA:37,1
DA:41,0
DA:42,0
LF:16
LH:14
BRF:0
BRH:0
end_of_record
TN:
SF:C:\Users\dilipr\JHipster\exampleSearch\src\main\webapp\app\shared\index.ts
FNF:0
FNH:0
DA:1,14
DA:2,14
DA:3,14
DA:4,14
DA:5,14
DA:6,14
DA:7,14
DA:8,14
DA:9,14
DA:10,14
DA:11,14
DA:12,14
LF:12
LH:12
BRF:0
BRH:0
end_of_record
TN:
SF:C:\Users\dilipr\JHipster\exampleSearch\src\main\webapp\app\shared\shared-common.module.ts
FNF:0
FNH:0
DA:1,14
DA:3,14
DA:10,14
LF:3
LH:3
BRF:0
BRH:0
end_of_record
TN:
SF:C:\Users\dilipr\JHipster\exampleSearch\src\main\webapp\app\shared\shared-libs.module.ts
FN:15,(anonymous_0)
FNF:1
FNH:0
FNDA:0,(anonymous_0)
DA:1,14
DA:2,14
DA:3,14
DA:4,14
DA:5,14
DA:6,14
DA:7,14
DA:8,14
DA:14,14
DA:16,0
LF:10
LH:9
BRF:0
BRH:0
end_of_record
TN:
SF:C:\Users\dilipr\JHipster\exampleSearch\src\main\webapp\app\shared\shared.module.ts
FN:12,(anonymous_0)
FNF:1
FNH:0
FNDA:0,(anonymous_0)
DA:1,14
DA:2,14
DA:11,14
DA:13,0
LF:4
LH:3
BRF:0
BRH:0
end_of_record
TN:
SF:C:\Users\dilipr\JHipster\exampleSearch\src\main\webapp\app\shared\alert\alert-error.component.ts
FN:21,(anonymous_0)
FN:25,(anonymous_1)
FN:38,(anonymous_2)
FN:81,(anonymous_3)
FN:88,(anonymous_4)
FN:95,(anonymous_5)
FNF:6
FNH:5
FNDA:7,(anonymous_0)
FNDA:8,(anonymous_1)
FNDA:2,(anonymous_2)
FNDA:0,(anonymous_3)
FNDA:6,(anonymous_4)
FNDA:8,(anonymous_5)
DA:1,15
DA:2,15
DA:17,15
DA:21,7
DA:23,7
DA:25,7
DA:27,8
DA:28,8
DA:31,1
DA:32,1
DA:35,4
DA:36,4
DA:37,4
DA:38,4
DA:39,2
DA:40,1
DA:41,1
DA:42,1
DA:45,4
DA:46,1
DA:47,1
DA:48,3
DA:49,1
DA:50,1
DA:51,1
DA:52,1
DA:53,1
DA:56,1
DA:57,1
DA:58,1
DA:60,2
DA:61,1
DA:63,1
DA:65,4
DA:68,1
DA:69,1
DA:72,2
DA:73,1
DA:75,1
DA:82,0
DA:89,6
DA:90,6
DA:91,6
DA:96,8
DA:104,8
LF:45
LH:44
BRDA:30,0,0,1
BRDA:30,0,1,4
BRDA:30,0,2,1
BRDA:30,0,3,2
BRDA:39,1,0,1
BRDA:39,1,1,1
BRDA:41,2,0,1
BRDA:41,2,1,0
BRDA:45,3,0,1
BRDA:45,3,1,3
BRDA:48,4,0,1
BRDA:48,4,1,2
BRDA:48,5,0,3
BRDA:48,5,1,3
BRDA:52,6,0,1
BRDA:52,6,1,0
BRDA:60,7,0,1
BRDA:60,7,1,1
BRDA:60,8,0,2
BRDA:60,8,1,2
BRDA:72,9,0,1
BRDA:72,9,1,1
BRDA:72,10,0,2
BRDA:72,10,1,2
BRDA:89,11,0,6
BRDA:89,11,1,0
BRDA:89,12,0,6
BRDA:89,12,1,6
BRF:28
BRH:25
end_of_record
TN:
SF:C:\Users\dilipr\JHipster\exampleSearch\src\main\webapp\app\shared\alert\alert.component.ts
FN:19,(anonymous_0)
FN:21,(anonymous_1)
FN:25,(anonymous_2)
FN:32,(anonymous_3)
FNF:4
FNH:0
FNDA:0,(anonymous_0)
FNDA:0,(anonymous_1)
FNDA:0,(anonymous_2)
FNDA:0,(anonymous_3)
DA:1,14
DA:2,14
DA:16,14
DA:19,0
DA:22,0
DA:26,0
DA:33,0
LF:7
LH:3
BRF:0
BRH:0
end_of_record
TN:
SF:C:\Users\dilipr\JHipster\exampleSearch\src\main\webapp\app\shared\auth\has-any-authority.directive.ts
FN:21,(anonymous_0)
FN:24,(anonymous_1)
FN:28,(anonymous_2)
FN:31,(anonymous_3)
FNF:4
FNH:0
FNDA:0,(anonymous_0)
FNDA:0,(anonymous_1)
FNDA:0,(anonymous_2)
FNDA:0,(anonymous_3)
DA:1,14
DA:2,14
DA:18,14
DA:21,0
DA:24,14
DA:25,0
DA:26,0
DA:28,0
DA:32,0
DA:33,0
DA:34,0
DA:35,0
LF:12
LH:4
BRDA:25,0,0,0
BRDA:25,0,1,0
BRDA:34,1,0,0
BRDA:34,1,1,0
BRF:4
BRH:0
end_of_record
TN:
SF:C:\Users\dilipr\JHipster\exampleSearch\src\main\webapp\app\shared\constants\error.constants.ts
FNF:0
FNH:0
DA:1,14
DA:2,14
DA:3,14
DA:4,14
LF:4
LH:4
BRF:0
BRH:0
end_of_record
TN:
SF:C:\Users\dilipr\JHipster\exampleSearch\src\main\webapp\app\shared\constants\input.constants.ts
FNF:0
FNH:0
DA:1,14
DA:2,14
LF:2
LH:2
BRF:0
BRH:0
end_of_record
TN:
SF:C:\Users\dilipr\JHipster\exampleSearch\src\main\webapp\app\shared\constants\pagination.constants.ts
FNF:0
FNH:0
DA:1,14
LF:1
LH:1
BRF:0
BRH:0
end_of_record
TN:
SF:C:\Users\dilipr\JHipster\exampleSearch\src\main\webapp\app\shared\login\login.component.html
FNF:0
FNH:0
DA:1,31
LF:1
LH:1
BRF:0
BRH:0
end_of_record
TN:
SF:C:\Users\dilipr\JHipster\exampleSearch\src\main\webapp\app\shared\login\login.component.ts
FN:23,(anonymous_0)
FN:34,(anonymous_1)
FN:35,(anonymous_2)
FN:38,(anonymous_3)
FN:47,(anonymous_4)
FN:54,(anonymous_5)
FN:74,(anonymous_6)
FN:79,(anonymous_7)
FN:84,(anonymous_8)
FNF:9
FNH:6
FNDA:5,(anonymous_0)
FNDA:0,(anonymous_1)
FNDA:0,(anonymous_2)
FNDA:1,(anonymous_3)
FNDA:2,(anonymous_4)
FNDA:2,(anonymous_5)
FNDA:0,(anonymous_6)
FNDA:1,(anonymous_7)
FNDA:1,(anonymous_8)
DA:1,31
DA:2,31
DA:3,31
DA:4,31
DA:5,31
DA:7,31
DA:8,31
DA:14,31
DA:17,5
DA:24,5
DA:25,5
DA:26,5
DA:27,5
DA:28,5
DA:29,5
DA:30,5
DA:31,5
DA:35,0
DA:39,1
DA:40,1
DA:44,1
DA:48,2
DA:55,2
DA:56,2
DA:57,2
DA:58,0
DA:61,2
DA:68,2
DA:69,2
DA:70,1
DA:71,1
DA:75,0
DA:80,1
DA:81,1
DA:85,1
DA:86,1
LF:36
LH:33
BRDA:57,0,0,0
BRDA:57,0,1,2
BRDA:57,1,0,2
BRDA:57,1,1,2
BRDA:57,1,2,2
BRDA:69,2,0,1
BRDA:69,2,1,1
BRF:7
BRH:6
end_of_record
TN:
SF:C:\Users\dilipr\JHipster\exampleSearch\src\main\webapp\app\shared\model\phone.model.ts
FN:10,(anonymous_0)
FNF:1
FNH:1
FNDA:14,(anonymous_0)
DA:9,4
DA:10,14
LF:2
LH:2
BRF:0
BRH:0
end_of_record
TN:
SF:C:\Users\dilipr\JHipster\exampleSearch\src\main\webapp\app\shared\model\speaker.model.ts
FN:9,(anonymous_0)
FNF:1
FNH:1
FNDA:14,(anonymous_0)
DA:8,4
DA:9,14
LF:2
LH:2
BRF:0
BRH:0
end_of_record
TN:
SF:C:\Users\dilipr\JHipster\exampleSearch\src\main\webapp\app\shared\util\datepicker-adapter.ts
FN:11,(anonymous_0)
FN:18,(anonymous_1)
FNF:2
FNH:0
FNDA:0,(anonymous_0)
FNDA:0,(anonymous_1)
DA:4,31
DA:5,31
DA:7,31
DA:10,31
DA:12,0
DA:13,0
DA:15,0
DA:19,0
LF:8
LH:4
BRDA:12,0,0,0
BRDA:12,0,1,0
BRDA:12,1,0,0
BRDA:12,1,1,0
BRDA:12,1,2,0
BRDA:19,2,0,0
BRDA:19,2,1,0
BRF:7
BRH:0
end_of_record
TN:
SF:C:\Users\dilipr\JHipster\exampleSearch\src\main\webapp\app\shared\util\request-util.ts
FN:3,(anonymous_0)
FN:6,(anonymous_1)
FN:12,(anonymous_2)
FNF:3
FNH:3
FNDA:6,(anonymous_0)
FNDA:14,(anonymous_1)
FNDA:1,(anonymous_2)
DA:1,31
DA:3,31
DA:4,6
DA:5,6
DA:6,6
DA:7,14
DA:8,13
DA:11,6
DA:12,1
DA:13,1
DA:17,6
LF:11
LH:11
BRDA:5,0,0,6
BRDA:5,0,1,0
BRDA:7,1,0,13
BRDA:7,1,1,1
BRDA:11,2,0,1
BRDA:11,2,1,5
BRF:6
BRH:5
end_of_record
